(---------------------------------------------------------------------)
(                                                                     )
(    NC DRILL Log                                                     )
(                                                                     )
(    Drawing          : FLASHLIGHT_V23.brd                            )
(    Software Version : 17.4S017                                      )
(    Date/Time        : Tue Jan 18 16:07:58 2022                      )
(                                                                     )
(---------------------------------------------------------------------)



 Processing NC Parameters file 'nc_param.txt' ...

 NC PARAMETERS
 -------------

 FORMAT   		2.5
 MACHINE-OFFSET		x:0.00000	y:0.00000   (mm)
 FEEDRATE		1
 COORDINATES		ABSOLUTE
 OUTPUT-UNITS		METRIC
 TOOL-ORDER		INCREASING
 REPEAT-CODES		YES
 SUPPRESS-LEAD-ZEROES	YES
 SUPPRESS-TRAIL-ZEROES	NO
 SUPPRESS-EQUAL		YES
 TOOL-SELECT		YES
 HEADER			none
 LEADER			12
 CODE			ASCII
 SEPARATE		NO
 SEPARATE-ROUTING	NO
 OPTIMIZE_DRILLING	YES
 ENHANCED_EXCELLON	YES
 SCALE			1.000000

 WARNING(SPMHMF-368): Cannot find NC Drill tool file 'nc_tools.txt'
 WARNING(SPMHMF-369): ... will auto-generate tool file 'nc_tools_auto.txt'.


     Auto-generating tool file 'nc_tools_auto.txt' ...

           Size  Plating  Tool        + Tolerance  - Tolerance

         0.1500  P        T01            0.000000     0.000000
         0.2000  P        T02            0.000000     0.000000
         0.5000  P        T03            0.000000     0.000000
         2.5000  P        T04            0.000000     0.000000


Drill files being output to directory 'G:/github/PLL_FM_HW/FlashLight/PCB/Gerber_ZSY' ...



     'FLASHLIGHT_V23-1-8.drl' created for holes connecting TOP and BOTTOM
     --------------------------------------------------------------------

     Tool  Num     Size      +/- Tolerance     Plating   Quantity

     T01    1.   0.1500    0.0000/  0.0000      PLATED         95
     T02    2.   0.2000    0.0000/  0.0000      PLATED        523
     T03    3.   0.5000    0.0000/  0.0000      PLATED         28
     T04    4.   2.5000    0.0000/  0.0000      PLATED          4

     ---- Total holes:                                        650

     ---- Total head travel:              6.23 feet (1.90 meters)

