(---------------------------------------------------------------------)
(                                                                     )
(    Allegro Netrev Import Logic                                      )
(                                                                     )
(    Drawing          : FLASHLIGHT_V1.brd                             )
(    Software Version : 17.4S017                                      )
(    Date/Time        : Tue Jan 11 17:47:22 2022                      )
(                                                                     )
(---------------------------------------------------------------------)


------ Directives ------------

Ripup etch:                  No
Ripup delete first segment:  No
Ripup retain bondwire:       No
Ripup symbols:               Always
Missing symbol has error:    No
DRC update:                  Yes
Schematic directory:         'G:/github/PLL_FM_HW/FlashLight/schematic/NETLIST'
Design Directory:            'G:/github/PLL_FM_HW/FlashLight/PCB'
Old design name:             'G:/github/PLL_FM_HW/FlashLight/PCB/FLASHLIGHT_V1.brd'
New design name:             'G:/github/PLL_FM_HW/FlashLight/PCB/FLASHLIGHT_V1.brd'

CmdLine: netrev -$ -i G:/github/PLL_FM_HW/FlashLight/schematic/NETLIST -y 1 -h -q netrev_constraint_report.xml G:/github/PLL_FM_HW/FlashLight/PCB/#Taaacgd11060.tmp

------ Preparing to read pst files ------

Starting to read G:/github/PLL_FM_HW/FlashLight/schematic/NETLIST/pstchip.dat 
   Finished reading G:/github/PLL_FM_HW/FlashLight/schematic/NETLIST/pstchip.dat (00:00:00.01)
Starting to read G:/github/PLL_FM_HW/FlashLight/schematic/NETLIST/pstxprt.dat 
   Finished reading G:/github/PLL_FM_HW/FlashLight/schematic/NETLIST/pstxprt.dat (00:00:00.00)
Starting to read G:/github/PLL_FM_HW/FlashLight/schematic/NETLIST/pstxnet.dat 
   Finished reading G:/github/PLL_FM_HW/FlashLight/schematic/NETLIST/pstxnet.dat (00:00:00.00)

------ Oversights/Warnings/Errors ------


#1   WARNING(SPMHNI-192): Device/Symbol check warning detected. [help]

WARNING(SPMHNI-194): Symbol 'CR2032' used by RefDes BT1 for device 'BATTERY_CR2032_CR2032-3V' not found. 
The symbol either does not exist in the library path (PSMPATH) or is an old symbol from a previous release.  

Set the correct library path if not set or use dbdoctor to migrate old symbols.

#2   WARNING(SPMHNI-192): Device/Symbol check warning detected. [help]

ERROR(SPMHNI-196): Symbol 'CRY-SMD-3D2X2D5MM-4P' for device 'CRYSTAL_CRY-SMD-3D2X2D5MM-4P_8MHZ' has extra pin '4'.

ERROR(SPMHNI-196): Symbol 'CRY-SMD-3D2X2D5MM-4P' for device 'CRYSTAL_CRY-SMD-3D2X2D5MM-4P_8MHZ' has extra pin '3'.

------ Library Paths ------
MODULEPATH =  . 
           D:/ZSY/Cadence/Cadence_SPB_17.4-2019/share/local/pcb/modules 

PSMPATH =  . 
           symbols 
           .. 
           ../symbols 
           D:/ZSY/Cadence/Cadence_SPB_17.4-2019/share/local/pcb/symbols 
           D:/ZSY/Cadence/Cadence_SPB_17.4-2019/share/pcb/pcb_lib/symbols 
           D:/ZSY/Cadence/Cadence_SPB_17.4-2019/share/pcb/allegrolib/symbols 
           G:/github/PLL_FM_HW/IMX8MINI/LIBS 
           G:/github/PLL_FM_HW/LIBS 

PADPATH =  G:/github/PLL_FM_HW/IMX8MINI/LIBS 
           . 
           symbols 
           .. 
           ../symbols 
           D:/ZSY/Cadence/Cadence_SPB_17.4-2019/share/local/pcb/padstacks 
           D:/ZSY/Cadence/Cadence_SPB_17.4-2019/share/pcb/pcb_lib/symbols 
           D:/ZSY/Cadence/Cadence_SPB_17.4-2019/share/pcb/allegrolib/symbols 
           G:/github/PLL_FM_HW/LIBS/via 
           G:/github/PLL_FM_HW/LIBS 


------ Summary Statistics ------


netrev run on Jan 11 17:47:22 2022
   DESIGN NAME : 'FLASHLIGHT'
   PACKAGING ON Apr 19 2021 16:22:31

   COMPILE 'logic'
   CHECK_PIN_NAMES OFF
   CROSS_REFERENCE OFF
   FEEDBACK OFF
   INCREMENTAL OFF
   INTERFACE_TYPE PHYSICAL
   MAX_ERRORS 500
   MERGE_MINIMUM 5
   NET_NAME_CHARS '#%&()*+-./:=>?@[]^_`|'
   NET_NAME_LENGTH 24
   OVERSIGHTS ON
   REPLACE_CHECK OFF
   SINGLE_NODE_NETS ON
   SPLIT_MINIMUM 0
   SUPPRESS   20
   WARNINGS ON

 No error detected
 No oversight detected
  2 warnings detected

cpu time      0:01:12
elapsed time  0:00:00

