(---------------------------------------------------------------------)
(                                                                     )
(    ARTWORK LOG                                                      )
(                                                                     )
(    Drawing          : FLASHLIGHT_REVA2-19.brd                       )
(    Software Version : 17.4S017                                      )
(    Date/Time        : Wed Jun  1 10:09:32 2022                      )
(                                                                     )
(---------------------------------------------------------------------)



 ******************************************
 WARNING: DRC OUT OF DATE on this layout.
 ******************************************

 ---- Photoplot outline rectangle not found; using drawing extents.




 Can't open parameter file ... using default values:
     DEVICE-TYPE        GERBER6X00
     G-CODES            NO
     STATIONS-PER-WHEEL 24
     FILM-SIZE          24000 16000
     COORDINATES        ABSOLUTE
     OUTPUT-UNITS       INCHES
     FORMAT             5.3
     ABORT-ON-ERROR     abort film & continue
     SUPPRESS-LEAD-ZEROES     YES
     SUPPRESS-TRAIL-ZEROES    NO
     OPTIMIZE           YES
     SUPPRESS-EQUAL     YES
     SCALE              1.0



 WARNING: Generating english output data from a metric database
 may cause slight roundoff error of coordinates in output file.




================================================================
     PROCESSING FILM < TOP >
     TO FILE < G:/github/PLL_FM_HW/FlashLight/PCB/Gerber_ZSY/TOP.art > ...
================================================================

  FILM PARAMETERS :
  ---------------------------------------------------------
  Undefined line width                0.2540 MM
  Mirror code                         NONE
  Rotate angle                        NONE
  Offset x:                           0.0000
  Offset y:                           0.0000
  Plot negative                       NO
  Suppress unconnected internal pads  NO
  Draw holes only                     NO

    WARNING: Segment with same start and end points at
	(59.7000 -20.2500) will be ignored. Increasing output
	accuracy may allow segment to be generated.



  APERTURES USED (UNIT = IN):
  ---------------------------------------------------------
  TYPE       SIZE/NAME                   ROT   MIRROR MODE 
  ---------------------------------------------------------
  CIRCLE     0.00394                                  DARK 
  CIRCLE     0.00500                                  DARK 
  CIRCLE     0.00591                                  DARK 
  CIRCLE     0.00630                                  DARK 
  CIRCLE     0.00650                                  DARK 
  CIRCLE     0.00787                                  DARK 
  CIRCLE     0.00866                                  DARK 
  CIRCLE     0.00984                                  DARK 
  CIRCLE     0.01024                                  DARK 
  CIRCLE     0.01181                                  DARK 
  CIRCLE     0.01496                                  DARK 
  CIRCLE     0.01575                                  DARK 
  CIRCLE     0.01969                                  DARK 
  CIRCLE     0.05906                                  DARK 
  CIRCLE     0.11811                                  DARK 
  RECTANGLE  0.00787     x 0.01969       0.000 NO     DARK 
  RECTANGLE  0.00787     x 0.02087       0.000 NO     DARK 
  RECTANGLE  0.00787     x 0.02087      90.000 NO     DARK 
  RECTANGLE  0.00787     x 0.02953       0.000 NO     DARK 
  RECTANGLE  0.00787     x 0.02953      90.000 NO     DARK 
  RECTANGLE  0.01181     x 0.03937      90.000 NO     DARK 
  RECTANGLE  0.01283     x 0.01378       0.000 NO     DARK 
  RECTANGLE  0.01283     x 0.01378      90.000 NO     DARK 
  RECTANGLE  0.01378     x 0.02598       0.000 NO     DARK 
  RECTANGLE  0.01378     x 0.02598      90.000 NO     DARK 
  RECTANGLE  0.01575     x 0.02362      90.000 NO     DARK 
  RECTANGLE  0.01772     x 0.04724       0.000 NO     DARK 
  RECTANGLE  0.01772     x 0.04724      90.000 NO     DARK 
  RECTANGLE  0.01969     x 0.01969       0.000 NO     DARK 
  RECTANGLE  0.01969     x 0.03937      90.000 NO     DARK 
  RECTANGLE  0.01969     x 0.04724       0.000 NO     DARK 
  RECTANGLE  0.01969     x 0.04724      90.000 NO     DARK 
  RECTANGLE  0.02362     x 0.01969       0.000 NO     DARK 
  RECTANGLE  0.02362     x 0.01969      90.000 NO     DARK 
  RECTANGLE  0.02362     x 0.08661       0.000 NO     DARK 
  RECTANGLE  0.02362     x 0.08661      90.000 NO     DARK 
  RECTANGLE  0.02402     x 0.07520       0.000 NO     DARK 
  RECTANGLE  0.02402     x 0.07520      90.000 NO     DARK 
  RECTANGLE  0.02756     x 0.03937       0.000 NO     DARK 
  RECTANGLE  0.02756     x 0.03937      90.000 NO     DARK 
  RECTANGLE  0.03150     x 0.01575       0.000 NO     DARK 
  RECTANGLE  0.03150     x 0.01575      90.000 NO     DARK 
  RECTANGLE  0.03150     x 0.01969       0.000 NO     DARK 
  RECTANGLE  0.03150     x 0.01969      90.000 NO     DARK 
  RECTANGLE  0.03150     x 0.03150      90.000 NO     DARK 
  RECTANGLE  0.03150     x 0.03346       0.000 NO     DARK 
  RECTANGLE  0.03150     x 0.03346      90.000 NO     DARK 
  RECTANGLE  0.03150     x 0.07087       0.000 NO     DARK 
  RECTANGLE  0.03150     x 0.07087      90.000 NO     DARK 
  RECTANGLE  0.03937     x 0.19685      90.000 NO     DARK 
  RECTANGLE  0.04331     x 0.05118       0.000 NO     DARK 
  RECTANGLE  0.04331     x 0.07480      90.000 NO     DARK 
  RECTANGLE  0.07874     x 0.11811       0.000 NO     DARK 
  RECTANGLE  0.07874     x 0.11811      90.000 NO     DARK 
  RECTANGLE  0.08268     x 0.07087       0.000 NO     DARK 

     TOP created with warnings


================================================================
     PROCESSING FILM < GND-2 >
     TO FILE < G:/github/PLL_FM_HW/FlashLight/PCB/Gerber_ZSY/GND-2.art > ...
================================================================

  FILM PARAMETERS :
  ---------------------------------------------------------
  Undefined line width                0.2540 MM
  Mirror code                         NONE
  Rotate angle                        NONE
  Offset x:                           0.0000
  Offset y:                           0.0000
  Plot negative                       NO
  Suppress unconnected internal pads  NO
  Draw holes only                     NO

    WARNING: Segment with same start and end points at
	(65.5001 -42.6030) will be ignored. Increasing output
	accuracy may allow segment to be generated.

    WARNING: Segment with same start and end points at
	(62.6030 -45.5000) will be ignored. Increasing output
	accuracy may allow segment to be generated.



  APERTURES USED (UNIT = IN):
  ---------------------------------------------------------
  TYPE       SIZE/NAME                   ROT   MIRROR MODE 
  ---------------------------------------------------------
  CIRCLE     0.01181                                  DARK 
  CIRCLE     0.01575                                  DARK 
  CIRCLE     0.11811                                  DARK 

     GND-2 created with warnings


================================================================
     PROCESSING FILM < SIGNAL-3 >
     TO FILE < G:/github/PLL_FM_HW/FlashLight/PCB/Gerber_ZSY/SIGNAL-3.art > ...
================================================================

  FILM PARAMETERS :
  ---------------------------------------------------------
  Undefined line width                0.2540 MM
  Mirror code                         NONE
  Rotate angle                        NONE
  Offset x:                           0.0000
  Offset y:                           0.0000
  Plot negative                       NO
  Suppress unconnected internal pads  NO
  Draw holes only                     NO



  APERTURES USED (UNIT = IN):
  ---------------------------------------------------------
  TYPE       SIZE/NAME                   ROT   MIRROR MODE 
  ---------------------------------------------------------
  CIRCLE     0.00394                                  DARK 
  CIRCLE     0.00500                                  DARK 
  CIRCLE     0.00591                                  DARK 
  CIRCLE     0.00630                                  DARK 
  CIRCLE     0.00787                                  DARK 
  CIRCLE     0.01181                                  DARK 
  CIRCLE     0.01575                                  DARK 
  CIRCLE     0.11811                                  DARK 

     SIGNAL-3 created with warnings


================================================================
     PROCESSING FILM < VCC-4 >
     TO FILE < G:/github/PLL_FM_HW/FlashLight/PCB/Gerber_ZSY/VCC-4.art > ...
================================================================

  FILM PARAMETERS :
  ---------------------------------------------------------
  Undefined line width                0.2540 MM
  Mirror code                         NONE
  Rotate angle                        NONE
  Offset x:                           0.0000
  Offset y:                           0.0000
  Plot negative                       NO
  Suppress unconnected internal pads  NO
  Draw holes only                     NO

    WARNING: Segment with same start and end points at
	(11.5498 -18.0502) will be ignored. Increasing output
	accuracy may allow segment to be generated.

    WARNING: Segment with same start and end points at
	(31.6499 -14.4502) will be ignored. Increasing output
	accuracy may allow segment to be generated.

    WARNING: Segment with same start and end points at
	(39.7910 -14.2798) will be ignored. Increasing output
	accuracy may allow segment to be generated.

    WARNING: Segment with same start and end points at
	(44.2962 -13.2928) will be ignored. Increasing output
	accuracy may allow segment to be generated.

    WARNING: Segment with same start and end points at
	(50.1000 -15.2502) will be ignored. Increasing output
	accuracy may allow segment to be generated.

    WARNING: Segment with same start and end points at
	(40.1498 -27.7520) will be ignored. Increasing output
	accuracy may allow segment to be generated.

    WARNING: Segment with same start and end points at
	(26.7501 -28.4998) will be ignored. Increasing output
	accuracy may allow segment to be generated.

    WARNING: Segment with same start and end points at
	(26.1462 -9.8491) will be ignored. Increasing output
	accuracy may allow segment to be generated.

    WARNING: Segment with same start and end points at
	(25.0458 -9.8490) will be ignored. Increasing output
	accuracy may allow segment to be generated.

    WARNING: Segment with same start and end points at
	(12.3071 -19.6572) will be ignored. Increasing output
	accuracy may allow segment to be generated.

    WARNING: Segment with same start and end points at
	(13.2499 -18.5498) will be ignored. Increasing output
	accuracy may allow segment to be generated.

    WARNING: Segment with same start and end points at
	(32.5226 -7.9998) will be ignored. Increasing output
	accuracy may allow segment to be generated.

    WARNING: Segment with same start and end points at
	(30.2500 -8.8502) will be ignored. Increasing output
	accuracy may allow segment to be generated.

    WARNING: Segment with same start and end points at
	(29.5500 -7.9998) will be ignored. Increasing output
	accuracy may allow segment to be generated.



  APERTURES USED (UNIT = IN):
  ---------------------------------------------------------
  TYPE       SIZE/NAME                   ROT   MIRROR MODE 
  ---------------------------------------------------------
  CIRCLE     0.00394                                  DARK 
  CIRCLE     0.01181                                  DARK 
  CIRCLE     0.01575                                  DARK 
  CIRCLE     0.11811                                  DARK 

     VCC-4 created with warnings


================================================================
     PROCESSING FILM < GND-5 >
     TO FILE < G:/github/PLL_FM_HW/FlashLight/PCB/Gerber_ZSY/GND-5.art > ...
================================================================

  FILM PARAMETERS :
  ---------------------------------------------------------
  Undefined line width                0.2540 MM
  Mirror code                         NONE
  Rotate angle                        NONE
  Offset x:                           0.0000
  Offset y:                           0.0000
  Plot negative                       NO
  Suppress unconnected internal pads  NO
  Draw holes only                     NO

    WARNING: Segment with same start and end points at
	(39.8975 -28.0637) will be ignored. Increasing output
	accuracy may allow segment to be generated.

    WARNING: Segment with same start and end points at
	(39.4300 -28.6008) will be ignored. Increasing output
	accuracy may allow segment to be generated.

    WARNING: Segment with same start and end points at
	(65.7610 -22.0262) will be ignored. Increasing output
	accuracy may allow segment to be generated.

    WARNING: Segment with same start and end points at
	(66.4381 -23.8378) will be ignored. Increasing output
	accuracy may allow segment to be generated.

    WARNING: Segment with same start and end points at
	(66.4380 -24.8382) will be ignored. Increasing output
	accuracy may allow segment to be generated.

    WARNING: Segment with same start and end points at
	(65.5001 -42.6030) will be ignored. Increasing output
	accuracy may allow segment to be generated.

    WARNING: Segment with same start and end points at
	(62.6030 -45.5000) will be ignored. Increasing output
	accuracy may allow segment to be generated.



  APERTURES USED (UNIT = IN):
  ---------------------------------------------------------
  TYPE       SIZE/NAME                   ROT   MIRROR MODE 
  ---------------------------------------------------------
  CIRCLE     0.01181                                  DARK 
  CIRCLE     0.01575                                  DARK 
  CIRCLE     0.11811                                  DARK 

     GND-5 created with warnings


================================================================
     PROCESSING FILM < SIGNAL-6 >
     TO FILE < G:/github/PLL_FM_HW/FlashLight/PCB/Gerber_ZSY/SIGNAL-6.art > ...
================================================================

  FILM PARAMETERS :
  ---------------------------------------------------------
  Undefined line width                0.2540 MM
  Mirror code                         NONE
  Rotate angle                        NONE
  Offset x:                           0.0000
  Offset y:                           0.0000
  Plot negative                       NO
  Suppress unconnected internal pads  NO
  Draw holes only                     NO



  APERTURES USED (UNIT = IN):
  ---------------------------------------------------------
  TYPE       SIZE/NAME                   ROT   MIRROR MODE 
  ---------------------------------------------------------
  CIRCLE     0.00394                                  DARK 
  CIRCLE     0.00400                                  DARK 
  CIRCLE     0.00472                                  DARK 
  CIRCLE     0.00500                                  DARK 
  CIRCLE     0.00630                                  DARK 
  CIRCLE     0.00787                                  DARK 
  CIRCLE     0.01181                                  DARK 
  CIRCLE     0.01575                                  DARK 
  CIRCLE     0.11811                                  DARK 

     SIGNAL-6 created with warnings


================================================================
     PROCESSING FILM < GND-7 >
     TO FILE < G:/github/PLL_FM_HW/FlashLight/PCB/Gerber_ZSY/GND-7.art > ...
================================================================

  FILM PARAMETERS :
  ---------------------------------------------------------
  Undefined line width                0.2540 MM
  Mirror code                         NONE
  Rotate angle                        NONE
  Offset x:                           0.0000
  Offset y:                           0.0000
  Plot negative                       NO
  Suppress unconnected internal pads  NO
  Draw holes only                     NO

    WARNING: Segment with same start and end points at
	(39.8975 -28.0637) will be ignored. Increasing output
	accuracy may allow segment to be generated.

    WARNING: Segment with same start and end points at
	(39.4300 -28.6008) will be ignored. Increasing output
	accuracy may allow segment to be generated.

    WARNING: Segment with same start and end points at
	(65.7610 -22.0262) will be ignored. Increasing output
	accuracy may allow segment to be generated.

    WARNING: Segment with same start and end points at
	(66.4381 -23.8378) will be ignored. Increasing output
	accuracy may allow segment to be generated.

    WARNING: Segment with same start and end points at
	(66.4380 -24.8382) will be ignored. Increasing output
	accuracy may allow segment to be generated.

    WARNING: Segment with same start and end points at
	(65.5001 -42.6030) will be ignored. Increasing output
	accuracy may allow segment to be generated.

    WARNING: Segment with same start and end points at
	(62.6030 -45.5000) will be ignored. Increasing output
	accuracy may allow segment to be generated.



  APERTURES USED (UNIT = IN):
  ---------------------------------------------------------
  TYPE       SIZE/NAME                   ROT   MIRROR MODE 
  ---------------------------------------------------------
  CIRCLE     0.01181                                  DARK 
  CIRCLE     0.01575                                  DARK 
  CIRCLE     0.11811                                  DARK 

     GND-7 created with warnings


================================================================
     PROCESSING FILM < BOTTOM >
     TO FILE < G:/github/PLL_FM_HW/FlashLight/PCB/Gerber_ZSY/BOTTOM.art > ...
================================================================

  FILM PARAMETERS :
  ---------------------------------------------------------
  Undefined line width                0.2540 MM
  Mirror code                         NONE
  Rotate angle                        NONE
  Offset x:                           0.0000
  Offset y:                           0.0000
  Plot negative                       NO
  Suppress unconnected internal pads  NO
  Draw holes only                     NO



  APERTURES USED (UNIT = IN):
  ---------------------------------------------------------
  TYPE       SIZE/NAME                   ROT   MIRROR MODE 
  ---------------------------------------------------------
  CIRCLE     0.00394                                  DARK 
  CIRCLE     0.00472                                  DARK 
  CIRCLE     0.00630                                  DARK 
  CIRCLE     0.00787                                  DARK 
  CIRCLE     0.00866                                  DARK 
  CIRCLE     0.00984                                  DARK 
  CIRCLE     0.01024                                  DARK 
  CIRCLE     0.01181                                  DARK 
  CIRCLE     0.01260                                  DARK 
  CIRCLE     0.01496                                  DARK 
  CIRCLE     0.01575                                  DARK 
  CIRCLE     0.01969                                  DARK 
  CIRCLE     0.05906                                  DARK 
  CIRCLE     0.11811                                  DARK 
  RECTANGLE  0.00787     x 0.01969      90.000 NO     DARK 
  RECTANGLE  0.00787     x 0.02087       0.000 NO     DARK 
  RECTANGLE  0.00787     x 0.02087      90.000 NO     DARK 
  RECTANGLE  0.01575     x 0.02362       0.000 NO     DARK 
  RECTANGLE  0.01772     x 0.04724      90.000 NO     DARK 
  RECTANGLE  0.01969     x 0.02362       0.000 NO     DARK 
  RECTANGLE  0.01969     x 0.02362      90.000 NO     DARK 
  RECTANGLE  0.01969     x 0.03543       0.000 NO     DARK 
  RECTANGLE  0.02362     x 0.01969       0.000 NO     DARK 
  RECTANGLE  0.02362     x 0.01969      90.000 NO     DARK 
  RECTANGLE  0.02756     x 0.03937       0.000 NO     DARK 
  RECTANGLE  0.02756     x 0.03937      90.000 NO     DARK 
  RECTANGLE  0.03150     x 0.01575       0.000 NO     DARK 
  RECTANGLE  0.03150     x 0.01575      90.000 NO     DARK 
  RECTANGLE  0.03150     x 0.01969      90.000 NO     DARK 
  RECTANGLE  0.03150     x 0.03150       0.000 NO     DARK 
  RECTANGLE  0.03150     x 0.03150      90.000 NO     DARK 
  RECTANGLE  0.03150     x 0.03937      90.000 NO     DARK 
  RECTANGLE  0.03150     x 0.07087       0.000 NO     DARK 
  RECTANGLE  0.03937     x 0.19685       0.000 NO     DARK 
  RECTANGLE  0.03937     x 0.19685      90.000 NO     DARK 
  RECTANGLE  0.07874     x 0.11811       0.000 NO     DARK 
  RECTANGLE  0.08268     x 0.07087       0.000 NO     DARK 
  RECTANGLE  0.08268     x 0.07087      90.000 NO     DARK 

     BOTTOM created with warnings


================================================================
     PROCESSING FILM < SILKSCREEN_TOP >
     TO FILE < G:/github/PLL_FM_HW/FlashLight/PCB/Gerber_ZSY/SILKSCREEN_TOP.art > ...
================================================================

  FILM PARAMETERS :
  ---------------------------------------------------------
  Undefined line width                0.2540 MM
  Mirror code                         NONE
  Rotate angle                        NONE
  Offset x:                           0.0000
  Offset y:                           0.0000
  Plot negative                       NO
  Suppress unconnected internal pads  NO
  Draw holes only                     NO



  APERTURES USED (UNIT = IN):
  ---------------------------------------------------------
  TYPE       SIZE/NAME                   ROT   MIRROR MODE 
  ---------------------------------------------------------
  CIRCLE     0.00079                                  DARK 
  CIRCLE     0.00197                                  DARK 
  CIRCLE     0.00394                                  DARK 
  CIRCLE     0.00787                                  DARK 
  CIRCLE     0.01496                                  DARK 

     SILKSCREEN_TOP created with warnings


================================================================
     PROCESSING FILM < SILKSCREEN_BOTTOM >
     TO FILE < G:/github/PLL_FM_HW/FlashLight/PCB/Gerber_ZSY/SILKSCREEN_BOTTOM.art > ...
================================================================

  FILM PARAMETERS :
  ---------------------------------------------------------
  Undefined line width                0.2540 MM
  Mirror code                         NONE
  Rotate angle                        NONE
  Offset x:                           0.0000
  Offset y:                           0.0000
  Plot negative                       NO
  Suppress unconnected internal pads  NO
  Draw holes only                     NO



  APERTURES USED (UNIT = IN):
  ---------------------------------------------------------
  TYPE       SIZE/NAME                   ROT   MIRROR MODE 
  ---------------------------------------------------------
  CIRCLE     0.00079                                  DARK 
  CIRCLE     0.00394                                  DARK 
  CIRCLE     0.00787                                  DARK 
  CIRCLE     0.01181                                  DARK 

     SILKSCREEN_BOTTOM created with warnings


================================================================
     PROCESSING FILM < SOLDERMASK_TOP >
     TO FILE < G:/github/PLL_FM_HW/FlashLight/PCB/Gerber_ZSY/SOLDERMASK_TOP.art > ...
================================================================

  FILM PARAMETERS :
  ---------------------------------------------------------
  Undefined line width                0.2540 MM
  Mirror code                         NONE
  Rotate angle                        NONE
  Offset x:                           0.0000
  Offset y:                           0.0000
  Plot negative                       NO
  Suppress unconnected internal pads  NO
  Draw holes only                     NO



  APERTURES USED (UNIT = IN):
  ---------------------------------------------------------
  TYPE       SIZE/NAME                   ROT   MIRROR MODE 
  ---------------------------------------------------------
  CIRCLE     0.06299                                  DARK 
  CIRCLE     0.12205                                  DARK 
  RECTANGLE  0.01181     x 0.02480       0.000 NO     DARK 
  RECTANGLE  0.01181     x 0.02480      90.000 NO     DARK 
  RECTANGLE  0.01181     x 0.03346       0.000 NO     DARK 
  RECTANGLE  0.01181     x 0.03346      90.000 NO     DARK 
  RECTANGLE  0.01575     x 0.02362       0.000 NO     DARK 
  RECTANGLE  0.01575     x 0.04331      90.000 NO     DARK 
  RECTANGLE  0.01677     x 0.01772       0.000 NO     DARK 
  RECTANGLE  0.01677     x 0.01772      90.000 NO     DARK 
  RECTANGLE  0.01772     x 0.02992       0.000 NO     DARK 
  RECTANGLE  0.01772     x 0.02992      90.000 NO     DARK 
  RECTANGLE  0.01969     x 0.02756      90.000 NO     DARK 
  RECTANGLE  0.02165     x 0.05118       0.000 NO     DARK 
  RECTANGLE  0.02165     x 0.05118      90.000 NO     DARK 
  RECTANGLE  0.02362     x 0.02362       0.000 NO     DARK 
  RECTANGLE  0.02362     x 0.04331      90.000 NO     DARK 
  RECTANGLE  0.02362     x 0.05118       0.000 NO     DARK 
  RECTANGLE  0.02362     x 0.05118      90.000 NO     DARK 
  RECTANGLE  0.02756     x 0.02362       0.000 NO     DARK 
  RECTANGLE  0.02756     x 0.02362      90.000 NO     DARK 
  RECTANGLE  0.02756     x 0.09055       0.000 NO     DARK 
  RECTANGLE  0.02756     x 0.09055      90.000 NO     DARK 
  RECTANGLE  0.02795     x 0.07913       0.000 NO     DARK 
  RECTANGLE  0.02795     x 0.07913      90.000 NO     DARK 
  RECTANGLE  0.03150     x 0.04331       0.000 NO     DARK 
  RECTANGLE  0.03150     x 0.04331      90.000 NO     DARK 
  RECTANGLE  0.03543     x 0.01969       0.000 NO     DARK 
  RECTANGLE  0.03543     x 0.01969      90.000 NO     DARK 
  RECTANGLE  0.03543     x 0.02362       0.000 NO     DARK 
  RECTANGLE  0.03543     x 0.02362      90.000 NO     DARK 
  RECTANGLE  0.03543     x 0.03543      90.000 NO     DARK 
  RECTANGLE  0.03543     x 0.03740       0.000 NO     DARK 
  RECTANGLE  0.03543     x 0.03740      90.000 NO     DARK 
  RECTANGLE  0.03543     x 0.07480       0.000 NO     DARK 
  RECTANGLE  0.03543     x 0.07480      90.000 NO     DARK 
  RECTANGLE  0.04331     x 0.20079      90.000 NO     DARK 
  RECTANGLE  0.04724     x 0.05512       0.000 NO     DARK 
  RECTANGLE  0.04724     x 0.07874      90.000 NO     DARK 
  RECTANGLE  0.08268     x 0.12205       0.000 NO     DARK 
  RECTANGLE  0.08268     x 0.12205      90.000 NO     DARK 
  RECTANGLE  0.08661     x 0.07480       0.000 NO     DARK 

     SOLDERMASK_TOP created with warnings


================================================================
     PROCESSING FILM < SOLDERMASK_BOTTOM >
     TO FILE < G:/github/PLL_FM_HW/FlashLight/PCB/Gerber_ZSY/SOLDERMASK_BOTTOM.art > ...
================================================================

  FILM PARAMETERS :
  ---------------------------------------------------------
  Undefined line width                0.2540 MM
  Mirror code                         NONE
  Rotate angle                        NONE
  Offset x:                           0.0000
  Offset y:                           0.0000
  Plot negative                       NO
  Suppress unconnected internal pads  NO
  Draw holes only                     NO



  APERTURES USED (UNIT = IN):
  ---------------------------------------------------------
  TYPE       SIZE/NAME                   ROT   MIRROR MODE 
  ---------------------------------------------------------
  CIRCLE     0.06299                                  DARK 
  CIRCLE     0.12205                                  DARK 
  RECTANGLE  0.01181     x 0.02480       0.000 NO     DARK 
  RECTANGLE  0.01181     x 0.02480      90.000 NO     DARK 
  RECTANGLE  0.01575     x 0.02362      90.000 NO     DARK 
  RECTANGLE  0.01969     x 0.02756       0.000 NO     DARK 
  RECTANGLE  0.02165     x 0.05118      90.000 NO     DARK 
  RECTANGLE  0.02362     x 0.02756       0.000 NO     DARK 
  RECTANGLE  0.02362     x 0.02756      90.000 NO     DARK 
  RECTANGLE  0.02362     x 0.03937       0.000 NO     DARK 
  RECTANGLE  0.02756     x 0.02362       0.000 NO     DARK 
  RECTANGLE  0.02756     x 0.02362      90.000 NO     DARK 
  RECTANGLE  0.03150     x 0.04331       0.000 NO     DARK 
  RECTANGLE  0.03150     x 0.04331      90.000 NO     DARK 
  RECTANGLE  0.03543     x 0.01969       0.000 NO     DARK 
  RECTANGLE  0.03543     x 0.01969      90.000 NO     DARK 
  RECTANGLE  0.03543     x 0.02362      90.000 NO     DARK 
  RECTANGLE  0.03543     x 0.03543       0.000 NO     DARK 
  RECTANGLE  0.03543     x 0.03543      90.000 NO     DARK 
  RECTANGLE  0.03543     x 0.04331      90.000 NO     DARK 
  RECTANGLE  0.03543     x 0.07480       0.000 NO     DARK 
  RECTANGLE  0.04331     x 0.20079       0.000 NO     DARK 
  RECTANGLE  0.04331     x 0.20079      90.000 NO     DARK 
  RECTANGLE  0.08268     x 0.12205       0.000 NO     DARK 
  RECTANGLE  0.08661     x 0.07480       0.000 NO     DARK 
  RECTANGLE  0.08661     x 0.07480      90.000 NO     DARK 

     SOLDERMASK_BOTTOM created with warnings


================================================================
     PROCESSING FILM < PASTEMASK_TOP >
     TO FILE < G:/github/PLL_FM_HW/FlashLight/PCB/Gerber_ZSY/PASTEMASK_TOP.art > ...
================================================================

  FILM PARAMETERS :
  ---------------------------------------------------------
  Undefined line width                0.2540 MM
  Mirror code                         NONE
  Rotate angle                        NONE
  Offset x:                           0.0000
  Offset y:                           0.0000
  Plot negative                       NO
  Suppress unconnected internal pads  NO
  Draw holes only                     NO



  APERTURES USED (UNIT = IN):
  ---------------------------------------------------------
  TYPE       SIZE/NAME                   ROT   MIRROR MODE 
  ---------------------------------------------------------
  RECTANGLE  0.00787     x 0.01969       0.000 NO     DARK 
  RECTANGLE  0.00787     x 0.02087       0.000 NO     DARK 
  RECTANGLE  0.00787     x 0.02087      90.000 NO     DARK 
  RECTANGLE  0.00787     x 0.02953       0.000 NO     DARK 
  RECTANGLE  0.00787     x 0.02953      90.000 NO     DARK 
  RECTANGLE  0.01181     x 0.03937      90.000 NO     DARK 
  RECTANGLE  0.01283     x 0.01378       0.000 NO     DARK 
  RECTANGLE  0.01283     x 0.01378      90.000 NO     DARK 
  RECTANGLE  0.01378     x 0.02598       0.000 NO     DARK 
  RECTANGLE  0.01378     x 0.02598      90.000 NO     DARK 
  RECTANGLE  0.01575     x 0.02362      90.000 NO     DARK 
  RECTANGLE  0.01772     x 0.04724       0.000 NO     DARK 
  RECTANGLE  0.01772     x 0.04724      90.000 NO     DARK 
  RECTANGLE  0.01969     x 0.01969       0.000 NO     DARK 
  RECTANGLE  0.01969     x 0.03937      90.000 NO     DARK 
  RECTANGLE  0.01969     x 0.04724       0.000 NO     DARK 
  RECTANGLE  0.01969     x 0.04724      90.000 NO     DARK 
  RECTANGLE  0.02362     x 0.01969       0.000 NO     DARK 
  RECTANGLE  0.02362     x 0.01969      90.000 NO     DARK 
  RECTANGLE  0.02362     x 0.08661       0.000 NO     DARK 
  RECTANGLE  0.02362     x 0.08661      90.000 NO     DARK 
  RECTANGLE  0.02402     x 0.07520       0.000 NO     DARK 
  RECTANGLE  0.02402     x 0.07520      90.000 NO     DARK 
  RECTANGLE  0.02756     x 0.03937       0.000 NO     DARK 
  RECTANGLE  0.02756     x 0.03937      90.000 NO     DARK 
  RECTANGLE  0.03150     x 0.01575       0.000 NO     DARK 
  RECTANGLE  0.03150     x 0.01575      90.000 NO     DARK 
  RECTANGLE  0.03150     x 0.01969       0.000 NO     DARK 
  RECTANGLE  0.03150     x 0.01969      90.000 NO     DARK 
  RECTANGLE  0.03150     x 0.03150      90.000 NO     DARK 
  RECTANGLE  0.03150     x 0.03346       0.000 NO     DARK 
  RECTANGLE  0.03150     x 0.03346      90.000 NO     DARK 
  RECTANGLE  0.03150     x 0.07087       0.000 NO     DARK 
  RECTANGLE  0.03150     x 0.07087      90.000 NO     DARK 
  RECTANGLE  0.03937     x 0.19685      90.000 NO     DARK 
  RECTANGLE  0.04331     x 0.05118       0.000 NO     DARK 
  RECTANGLE  0.04331     x 0.07480      90.000 NO     DARK 
  RECTANGLE  0.07874     x 0.11811       0.000 NO     DARK 
  RECTANGLE  0.07874     x 0.11811      90.000 NO     DARK 
  RECTANGLE  0.08268     x 0.07087       0.000 NO     DARK 

     PASTEMASK_TOP created with warnings


================================================================
     PROCESSING FILM < PASTEMASK_BOTTOM >
     TO FILE < G:/github/PLL_FM_HW/FlashLight/PCB/Gerber_ZSY/PASTEMASK_BOTTOM.art > ...
================================================================

  FILM PARAMETERS :
  ---------------------------------------------------------
  Undefined line width                0.2540 MM
  Mirror code                         NONE
  Rotate angle                        NONE
  Offset x:                           0.0000
  Offset y:                           0.0000
  Plot negative                       NO
  Suppress unconnected internal pads  NO
  Draw holes only                     NO



  APERTURES USED (UNIT = IN):
  ---------------------------------------------------------
  TYPE       SIZE/NAME                   ROT   MIRROR MODE 
  ---------------------------------------------------------
  RECTANGLE  0.00787     x 0.01969      90.000 NO     DARK 
  RECTANGLE  0.00787     x 0.02087       0.000 NO     DARK 
  RECTANGLE  0.00787     x 0.02087      90.000 NO     DARK 
  RECTANGLE  0.01575     x 0.02362       0.000 NO     DARK 
  RECTANGLE  0.01772     x 0.04724      90.000 NO     DARK 
  RECTANGLE  0.01969     x 0.02362       0.000 NO     DARK 
  RECTANGLE  0.01969     x 0.02362      90.000 NO     DARK 
  RECTANGLE  0.01969     x 0.03543       0.000 NO     DARK 
  RECTANGLE  0.02362     x 0.01969       0.000 NO     DARK 
  RECTANGLE  0.02362     x 0.01969      90.000 NO     DARK 
  RECTANGLE  0.02756     x 0.03937       0.000 NO     DARK 
  RECTANGLE  0.02756     x 0.03937      90.000 NO     DARK 
  RECTANGLE  0.03150     x 0.01575       0.000 NO     DARK 
  RECTANGLE  0.03150     x 0.01575      90.000 NO     DARK 
  RECTANGLE  0.03150     x 0.01969      90.000 NO     DARK 
  RECTANGLE  0.03150     x 0.03150       0.000 NO     DARK 
  RECTANGLE  0.03150     x 0.03150      90.000 NO     DARK 
  RECTANGLE  0.03150     x 0.03937      90.000 NO     DARK 
  RECTANGLE  0.03150     x 0.07087       0.000 NO     DARK 
  RECTANGLE  0.03937     x 0.19685       0.000 NO     DARK 
  RECTANGLE  0.03937     x 0.19685      90.000 NO     DARK 
  RECTANGLE  0.07874     x 0.11811       0.000 NO     DARK 
  RECTANGLE  0.08268     x 0.07087       0.000 NO     DARK 
  RECTANGLE  0.08268     x 0.07087      90.000 NO     DARK 

     PASTEMASK_BOTTOM created with warnings


================================================================
     PROCESSING FILM < DIMENSION >
     TO FILE < G:/github/PLL_FM_HW/FlashLight/PCB/Gerber_ZSY/DIMENSION.art > ...
================================================================

  FILM PARAMETERS :
  ---------------------------------------------------------
  Undefined line width                0.2540 MM
  Mirror code                         NONE
  Rotate angle                        NONE
  Offset x:                           0.0000
  Offset y:                           0.0000
  Plot negative                       NO
  Suppress unconnected internal pads  NO
  Draw holes only                     NO

    WARNING: 0 width line found at (-7.5000 -53.0000) in MM
           ... using undefined line width of 0.2540 MM

    WARNING: text composed 0 width line found at (-27.7559 -25.2875) in MM
           ... using undefined line width of 0.2540 MM

    WARNING: Multiple 0 width lines; all will be treated the same as the first.
           ... using undefined line width of 0.2540 MM

    WARNING: text having Multiple 0 width lines; all will be treated the same as the first.
           ... using undefined line width of 0.2540 MM



  APERTURES USED (UNIT = IN):
  ---------------------------------------------------------
  TYPE       SIZE/NAME                   ROT   MIRROR MODE 
  ---------------------------------------------------------
  CIRCLE     0.00197                                  DARK 
  CIRCLE     0.00394                                  DARK 
  CIRCLE     0.00787                                  DARK 
  CIRCLE     0.01000                                  DARK 
  CIRCLE     0.01496                                  DARK 
  CIRCLE     0.01969                                  DARK 

     DIMENSION created with warnings


================================================================
     PROCESSING FILM < V-CUT >
     TO FILE < G:/github/PLL_FM_HW/FlashLight/PCB/Gerber_ZSY/V-CUT.art > ...
================================================================

  FILM PARAMETERS :
  ---------------------------------------------------------
  Undefined line width                0.2540 MM
  Mirror code                         NONE
  Rotate angle                        NONE
  Offset x:                           0.0000
  Offset y:                           0.0000
  Plot negative                       NO
  Suppress unconnected internal pads  NO
  Draw holes only                     NO



  APERTURES USED (UNIT = IN):
  ---------------------------------------------------------
  TYPE       SIZE/NAME                   ROT   MIRROR MODE 
  ---------------------------------------------------------
  CIRCLE     0.00394                                  DARK 

     V-CUT created with warnings


================================================================
     PROCESSING FILM < OUTLINE >
     TO FILE < G:/github/PLL_FM_HW/FlashLight/PCB/Gerber_ZSY/OUTLINE.art > ...
================================================================

  FILM PARAMETERS :
  ---------------------------------------------------------
  Undefined line width                0.2000 MM
  Mirror code                         NONE
  Rotate angle                        NONE
  Offset x:                           0.0000
  Offset y:                           0.0000
  Plot negative                       NO
  Suppress unconnected internal pads  NO
  Draw holes only                     NO



  APERTURES USED (UNIT = IN):
  ---------------------------------------------------------
  TYPE       SIZE/NAME                   ROT   MIRROR MODE 
  ---------------------------------------------------------
  CIRCLE     0.00394                                  DARK 

     OUTLINE created with warnings


------------------------------------------------------
 SUMMARY:
        TOP created with warnings
        GND-2 created with warnings
        SIGNAL-3 created with warnings
        VCC-4 created with warnings
        GND-5 created with warnings
        SIGNAL-6 created with warnings
        GND-7 created with warnings
        BOTTOM created with warnings
        SILKSCREEN_TOP created with warnings
        SILKSCREEN_BOTTOM created with warnings
        SOLDERMASK_TOP created with warnings
        SOLDERMASK_BOTTOM created with warnings
        PASTEMASK_TOP created with warnings
        PASTEMASK_BOTTOM created with warnings
        DIMENSION created with warnings
        V-CUT created with warnings
        OUTLINE created with warnings

 ARTWORK had warnings
