(---------------------------------------------------------------------)
(                                                                     )
(    DBDOCTOR                                                         )
(                                                                     )
(    Drawing          : FPGA-FINAL.brd                                )
(    Software Version : 17.4S017                                      )
(    Date/Time        : Fri Dec 10 14:42:12 2021                      )
(                                                                     )
(---------------------------------------------------------------------)



WARNING: in SYMBOL PIN   refdes = TP52
  pin# 1
  symbol origin = (7.0000 -63.0000)
  WARNING(SPMHA1-97): Illegal drill plating.
Non-Plated hole has connected objects, consider changing to PLATED. Pad stack - THR_CIR_3D8X3D2_NP is NON_PLATED.


WARNING: in SYMBOL PIN   refdes = TP51
  pin# 1
  symbol origin = (49.0000 -63.0000)
  WARNING(SPMHA1-97): Illegal drill plating.
Non-Plated hole has connected objects, consider changing to PLATED. Pad stack - THR_CIR_3D8X3D2_NP is NON_PLATED.


2 warnings, 0 errors detected, 0 errors could be fixed.
