(---------------------------------------------------------------------)
(                                                                     )
(    Allegro Netrev Import Logic                                      )
(                                                                     )
(    Drawing          : LDVMPU.brd                                    )
(    Software Version : 17.4S017                                      )
(    Date/Time        : Thu Dec 30 09:05:25 2021                      )
(                                                                     )
(---------------------------------------------------------------------)


------ Directives ------------

Ripup etch:                  No
Ripup delete first segment:  No
Ripup retain bondwire:       No
Ripup symbols:               Always
Missing symbol has error:    No
DRC update:                  Yes
Schematic directory:         'G:/github/PLL_FM_HW/IMX8MINI/SCH/netlist'
Design Directory:            'G:/github/PLL_FM_HW/IMX8MINI/PCB'
Old design name:             'G:/github/PLL_FM_HW/IMX8MINI/PCB/LDVMPU.brd'
New design name:             'G:/github/PLL_FM_HW/IMX8MINI/PCB/LDVMPU.brd'

CmdLine: netrev -$ -i G:/github/PLL_FM_HW/IMX8MINI/SCH/netlist -y 1 -h -q netrev_constraint_report.xml G:/github/PLL_FM_HW/IMX8MINI/PCB/#Taaaaef11084.tmp

------ Preparing to read pst files ------

Starting to read G:/github/PLL_FM_HW/IMX8MINI/SCH/netlist/pstchip.dat 
   Finished reading G:/github/PLL_FM_HW/IMX8MINI/SCH/netlist/pstchip.dat (00:00:00.01)
Starting to read G:/github/PLL_FM_HW/IMX8MINI/SCH/netlist/pstxprt.dat 
   Finished reading G:/github/PLL_FM_HW/IMX8MINI/SCH/netlist/pstxprt.dat (00:00:00.00)
Starting to read G:/github/PLL_FM_HW/IMX8MINI/SCH/netlist/pstxnet.dat 
   Finished reading G:/github/PLL_FM_HW/IMX8MINI/SCH/netlist/pstxnet.dat (00:00:00.00)

------ Oversights/Warnings/Errors ------


------ Library Paths ------
MODULEPATH =  . 
           D:/ZSY/Cadence/Cadence_SPB_17.4-2019/share/local/pcb/modules 

PSMPATH =  . 
           symbols 
           .. 
           ../symbols 
           D:/ZSY/Cadence/Cadence_SPB_17.4-2019/share/local/pcb/symbols 
           D:/ZSY/Cadence/Cadence_SPB_17.4-2019/share/pcb/pcb_lib/symbols 
           D:/ZSY/Cadence/Cadence_SPB_17.4-2019/share/pcb/allegrolib/symbols 
           G:/github/PLL_FM_HW/LIBS 
           G:/github/PLL_FM_HW/IMX8MINI/LIBS 

PADPATH =  . 
           symbols 
           .. 
           ../symbols 
           D:/ZSY/Cadence/Cadence_SPB_17.4-2019/share/local/pcb/padstacks 
           D:/ZSY/Cadence/Cadence_SPB_17.4-2019/share/pcb/pcb_lib/symbols 
           D:/ZSY/Cadence/Cadence_SPB_17.4-2019/share/pcb/allegrolib/symbols 
           G:/github/PLL_FM_HW/LIBS/via 
           G:/github/PLL_FM_HW/LIBS 
           G:/github/PLL_FM_HW/IMX8MINI/LIBS 


------ Summary Statistics ------


netrev run on Dec 30 9:05:25 2021
   DESIGN NAME : 'IMX8MINI'
   PACKAGING ON Apr 19 2021 16:22:31

   COMPILE 'logic'
   CHECK_PIN_NAMES OFF
   CROSS_REFERENCE OFF
   FEEDBACK OFF
   INCREMENTAL OFF
   INTERFACE_TYPE PHYSICAL
   MAX_ERRORS 500
   MERGE_MINIMUM 5
   NET_NAME_CHARS '#%&()*+-./:=>?@[]^_`|'
   NET_NAME_LENGTH 24
   OVERSIGHTS ON
   REPLACE_CHECK OFF
   SINGLE_NODE_NETS ON
   SPLIT_MINIMUM 0
   SUPPRESS   20
   WARNINGS ON

 No error detected
 No oversight detected
 No warning detected

cpu time      0:00:50
elapsed time  0:00:00

