(---------------------------------------------------------------------)
(                                                                     )
(    QUICKPLACE LOG                                                   )
(                                                                     )
(    Drawing          : LDVMPU.brd                                    )
(    Software Version : 17.4S017                                      )
(    Date/Time        : Thu Dec 30 09:11:08 2021                      )
(                                                                     )
(---------------------------------------------------------------------)


State: Placing on layer TOP

         Placed symbol:  U1 / MIMX8MM_BGA486P_BGA486_0P5_14X14_IC__MIMX8MM6DVTLZAA / BGA486_0P5_14X14 at (7.6684 23.2142)
         Placed symbol:  U2 / MT53D512M32D2DS_BGA200P_BGA200_0P65X0P8_10P1X14P6_IC_(S1+S2)_MT53D512M32D2DS-053 WT:D / BGA200_0P65X0P8_10P1X14P6 at (19.9665 23.5142)
         Placed symbol:  U4 / SDINBDG4-16G_VFBGA_153P_FBGA153_0P5_11P5X13_IC_SDINBDG4-16G-I1 / FBGA153_0P5_11P5X13 at (31.0198 22.7641)
         Placed symbol:  J5 / HDR_2X50_M_CON100_0P4_22P8X3P1_SM_IO_DF40C-100DS-0.4V(51) / CON100_0P4_22P8X3P1_SM at (11.6032 33.1670)
         Placed symbol:  J4 / HDR_2X50_M_CON100_0P4_21P7X2P05_SM_IO_DF40C-100DP-0.4V(51) / CON100_0P4_21P7X2P05_SM at (34.0565 32.9821)
         Placed symbol:  U6 / LBEE5KL1PJ_QFN62_LQFN62_0P6_7P6X7P4_IC_LBEE5KL1PJ / LQFN62_0P6_7P6X7P4 at (48.9099 34.7174)
         Placed symbol:  U8 / BD71847MWV_UQFN56_UQFN56_0P4_7X7_EP_S185_IC_BD71847MWV / UQFN56_0P4_7X7_EP_S185 at (4.1900 42.6074)
         Placed symbol:  J7 / CONN_HDR_10X2_CON20_0P4_6P8X3P1_SM_IO_DF40C-20DS-0.4V(51) / CON20_0P4_6P8X3P1_SM at (11.7800 40.7702)
         Placed symbol:  U5 / MT25QL256ABA1EW9_9P_DFN8_1P27_6X5MM_3P1_IC_MT25QU256ABA1EW7-0SIT / DFN8_1P27_6X5MM_3P1 at (18.9951 41.1705)
         Placed symbol:  Y1 / XTAL_13Y_XTLOSC4_3P2X2P5MM_SM_IC_24MHZ / XTLOSC4_3P2X2P5MM_SM at (24.8628 40.2716)
         Placed symbol:  J2 / UFL_CON_3_UFL_R_SMT_IO_MXC3N2001 / CON_3_UFL_R_SMT at (29.3817 40.2449)
         Placed symbol:  Q1 / NMOS_NX3008NBK_SC70_3_IC_NX3008NBKW,115 / SC70_3 at (33.1053 40.2708)
         Placed symbol:  C133 / CAP_NP_0201_CC_DISCRETE_0.22UF / 0201_CC at (35.2392 39.0270)
         Placed symbol:  C136 / CAP_NP_0201_CC_DISCRETE_0.22UF / 0201_CC at (36.7892 39.0270)
         Placed symbol:  C138 / CAP_NP_0201_CC_DISCRETE_0.22UF / 0201_CC at (38.3392 39.0270)
         Placed symbol:  C17 / CAP_NP_0201_CC_DISCRETE_0.22UF / 0201_CC at (39.8892 39.0270)
         Placed symbol:  C21 / CAP_NP_0201_CC_DISCRETE_0.22UF / 0201_CC at (41.4392 39.0270)
         Placed symbol:  C132 / CAP_NP_0201_CC_DISCRETE_0.22UF / 0201_CC at (42.9892 39.0270)
         Placed symbol:  C131 / CAP_NP_0201_CC_DISCRETE_0.22UF / 0201_CC at (44.5392 39.0270)
         Placed symbol:  C23 / CAP_NP_0201_CC_DISCRETE_0.22UF / 0201_CC at (46.0892 39.0270)
         Placed symbol:  C244 / CAP_NP_0201_CC_DISCRETE_0.22UF / 0201_CC at (47.6392 39.0270)
         Placed symbol:  C264 / CAP_NP_0201_CC_DISCRETE_0.22UF / 0201_CC at (49.1892 39.0270)
         Placed symbol:  C3 / CAP_NP_0201_CC_DISCRETE_0.22UF / 0201_CC at (50.7392 39.0270)
         Placed symbol:  C30 / CAP_NP_0201_CC_DISCRETE_0.22UF / 0201_CC at (52.2892 39.0270)
         Placed symbol:  C235 / CAP_NP_0201_CC_DISCRETE_0.22UF / 0201_CC at (53.8392 39.0270)
         Placed symbol:  C371 / CAP_NP_0201_CC_DISCRETE_0.22UF / 0201_CC at (0.8766 47.2038)
         Placed symbol:  C372 / CAP_NP_0201_CC_DISCRETE_0.22UF / 0201_CC at (2.4266 47.2038)
         Placed symbol:  C241 / CAP_NP_0201_CC_DISCRETE_0.22UF / 0201_CC at (3.9766 47.2038)
         Placed symbol:  C374 / CAP_NP_0201_CC_DISCRETE_0.22UF / 0201_CC at (5.5266 47.2038)
         Placed symbol:  C370 / CAP_NP_0201_CC_DISCRETE_0.22UF / 0201_CC at (7.0766 47.2038)
         Placed symbol:  C376 / CAP_NP_0201_CC_DISCRETE_0.22UF / 0201_CC at (8.6266 47.2038)
         Placed symbol:  C378 / CAP_NP_0201_CC_DISCRETE_0.22UF / 0201_CC at (10.1766 47.2038)
         Placed symbol:  C379 / CAP_NP_0201_CC_DISCRETE_0.22UF / 0201_CC at (11.7266 47.2038)
         Placed symbol:  C380 / CAP_NP_0201_CC_DISCRETE_0.22UF / 0201_CC at (13.2766 47.2038)
         Placed symbol:  C381 / CAP_NP_0201_CC_DISCRETE_0.22UF / 0201_CC at (14.8266 47.2038)
         Placed symbol:  C382 / CAP_NP_0201_CC_DISCRETE_0.22UF / 0201_CC at (16.3766 47.2038)
         Placed symbol:  C384 / CAP_NP_0201_CC_DISCRETE_0.22UF / 0201_CC at (17.9266 47.2038)
         Placed symbol:  C392 / CAP_NP_0201_CC_DISCRETE_0.22UF / 0201_CC at (19.4766 47.2038)
         Placed symbol:  C373 / CAP_NP_0201_CC_DISCRETE_0.22UF / 0201_CC at (21.0266 47.2038)
         Placed symbol:  C394 / CAP_NP_0201_CC_DISCRETE_0.22UF / 0201_CC at (22.5766 47.2038)
         Placed symbol:  C400 / CAP_NP_0201_CC_DISCRETE_0.22UF / 0201_CC at (24.1266 47.2038)
         Placed symbol:  C5 / CAP_NP_0201_CC_DISCRETE_0.22UF / 0201_CC at (25.6766 47.2038)
         Placed symbol:  C6 / CAP_NP_0201_CC_DISCRETE_0.22UF / 0201_CC at (27.2266 47.2038)
         Placed symbol:  C8 / CAP_NP_0201_CC_DISCRETE_0.22UF / 0201_CC at (28.7766 47.2038)
         Placed symbol:  C9 / CAP_NP_0201_CC_DISCRETE_0.22UF / 0201_CC at (30.3266 47.2038)
         Placed symbol:  C375 / CAP_NP_0201_CC_DISCRETE_0.22UF / 0201_CC at (31.8766 47.2038)
         Placed symbol:  C10 / CAP_NP_0402_CC_DISCRETE_2.2UF / 0402_CC at (33.6107 47.3054)
         Placed symbol:  C11 / CAP_NP_0402_CC_DISCRETE_2.2UF / 0402_CC at (35.5289 47.3054)
         Placed symbol:  C12 / CAP_NP_0402_CC_DISCRETE_2.2UF / 0402_CC at (37.4471 47.3054)
         Placed symbol:  C393 / CAP_NP_0201_CC_DISCRETE_0.22UF / 0201_CC at (39.1812 47.2038)
         Placed symbol:  C405 / CAP_NP_0402_CC_DISCRETE_2.2UF / 0402_CC at (40.9153 47.3054)
         Placed symbol:  C105 / CAP_NP_0402_CC_DISCRETE_10UF / 0402_CC at (42.8335 47.3054)
         Placed symbol:  C106 / CAP_NP_0402_CC_DISCRETE_10UF / 0402_CC at (44.7517 47.3054)
         Placed symbol:  C108 / CAP_NP_0402_CC_DISCRETE_10UF / 0402_CC at (46.6699 47.3054)
         Placed symbol:  C109 / CAP_NP_0402_CC_DISCRETE_10UF / 0402_CC at (48.5881 47.3054)
         Placed symbol:  C110 / CAP_NP_0402_CC_DISCRETE_10UF / 0402_CC at (50.5063 47.3054)
         Placed symbol:  C111 / CAP_NP_0402_CC_DISCRETE_10UF / 0402_CC at (52.4245 47.3054)
         Placed symbol:  C112 / CAP_NP_0402_CC_DISCRETE_10UF / 0402_CC at (54.3427 47.3054)
         Placed symbol:  C113 / CAP_NP_0402_CC_DISCRETE_10UF / 0402_CC at (1.0607 48.5881)
         Placed symbol:  C115 / CAP_NP_0402_CC_DISCRETE_10UF / 0402_CC at (2.9789 48.5881)
         Placed symbol:  C117 / CAP_NP_0402_CC_DISCRETE_10UF / 0402_CC at (4.8971 48.5881)
         Placed symbol:  C118 / CAP_NP_0402_CC_DISCRETE_10UF / 0402_CC at (6.8153 48.5881)
         Placed symbol:  C119 / CAP_NP_0402_CC_DISCRETE_10UF / 0402_CC at (8.7335 48.5881)
         Placed symbol:  C130 / CAP_NP_0402_CC_DISCRETE_10UF / 0402_CC at (10.6517 48.5881)
         Placed symbol:  C139 / CAP_NP_0402_CC_DISCRETE_10UF / 0402_CC at (12.5699 48.5881)
         Placed symbol:  C20 / CAP_NP_0402_CC_DISCRETE_10UF / 0402_CC at (14.4881 48.5881)
         Placed symbol:  C247 / CAP_NP_0402_CC_DISCRETE_10UF / 0402_CC at (16.4063 48.5881)
         Placed symbol:  C99 / CAP_NP_0201_CC_DISCRETE_0.22UF / 0201_CC at (18.1404 48.4865)
         Placed symbol:  C266 / CAP_NP_0402_CC_DISCRETE_10UF / 0402_CC at (19.8745 48.5881)
         Placed symbol:  C33 / CAP_NP_0402_CC_DISCRETE_10UF / 0402_CC at (21.7927 48.5881)
         Placed symbol:  C55 / CAP_NP_0402_CC_DISCRETE_10UF / 0402_CC at (23.7109 48.5881)
         Placed symbol:  C88 / CAP_NP_0402_CC_DISCRETE_10UF / 0402_CC at (25.6291 48.5881)
         Placed symbol:  C89 / CAP_NP_0402_CC_DISCRETE_10UF / 0402_CC at (27.5473 48.5881)
         Placed symbol:  C123 / CAP_NP_0201_CC_DISCRETE_12PF / 0201_CC at (29.2814 48.4865)
         Placed symbol:  C124 / CAP_NP_0201_CC_DISCRETE_12PF / 0201_CC at (30.8314 48.4865)
         Placed symbol:  C127 / CAP_NP_0402_CC_DISCRETE_4.7UF / 0402_CC at (32.5655 48.5881)
         Placed symbol:  C13 / CAP_NP_0402_CC_DISCRETE_4.7UF / 0402_CC at (34.4837 48.5881)
         Placed symbol:  C14 / CAP_NP_0402_CC_DISCRETE_4.7UF / 0402_CC at (36.4019 48.5881)
         Placed symbol:  C18 / CAP_NP_0402_CC_DISCRETE_4.7UF / 0402_CC at (38.3201 48.5881)
         Placed symbol:  C234 / CAP_NP_0402_CC_DISCRETE_4.7UF / 0402_CC at (40.2383 48.5881)
         Placed symbol:  C260 / CAP_NP_0402_CC_DISCRETE_4.7UF / 0402_CC at (42.1565 48.5881)
         Placed symbol:  C2 / CAP_NP_0402_CC_DISCRETE_2.2UF / 0402_CC at (44.0747 48.5881)
         Placed symbol:  C360 / CAP_NP_0402_CC_DISCRETE_4.7UF / 0402_CC at (45.9929 48.5881)
         Placed symbol:  C363 / CAP_NP_0402_CC_DISCRETE_4.7UF / 0402_CC at (47.9111 48.5881)
         Placed symbol:  C137 / CAP_NP_0201_CC_DISCRETE_1UF / 0201_CC at (49.6452 48.4865)
         Placed symbol:  C141 / CAP_NP_0201_CC_DISCRETE_1UF / 0201_CC at (51.1952 48.4865)
         Placed symbol:  C144 / CAP_NP_0201_CC_DISCRETE_1UF / 0201_CC at (52.7452 48.4865)
         Placed symbol:  C15 / CAP_NP_0201_CC_DISCRETE_1UF / 0201_CC at (54.2952 48.4865)
         Placed symbol:  C265 / CAP_NP_0402_CC_DISCRETE_10UF / 0402_CC at (1.0607 49.8708)
         Placed symbol:  C248 / CAP_NP_0201_CC_DISCRETE_1UF / 0201_CC at (2.7948 49.7692)
         Placed symbol:  C251 / CAP_NP_0201_CC_DISCRETE_1UF / 0201_CC at (4.3448 49.7692)
         Placed symbol:  C253 / CAP_NP_0201_CC_DISCRETE_1UF / 0201_CC at (5.8948 49.7692)
         Placed symbol:  C254 / CAP_NP_0201_CC_DISCRETE_1UF / 0201_CC at (7.4448 49.7692)
         Placed symbol:  C255 / CAP_NP_0201_CC_DISCRETE_1UF / 0201_CC at (8.9948 49.7692)
         Placed symbol:  C256 / CAP_NP_0201_CC_DISCRETE_1UF / 0201_CC at (10.5448 49.7692)
         Placed symbol:  C267 / CAP_NP_0201_CC_DISCRETE_1UF / 0201_CC at (12.0948 49.7692)
         Placed symbol:  C272 / CAP_NP_0201_CC_DISCRETE_1UF / 0201_CC at (13.6448 49.7692)
         Placed symbol:  C273 / CAP_NP_0201_CC_DISCRETE_1UF / 0201_CC at (15.1948 49.7692)
         Placed symbol:  C333 / CAP_NP_0201_CC_DISCRETE_1UF / 0201_CC at (16.7448 49.7692)
         Placed symbol:  C337 / CAP_NP_0201_CC_DISCRETE_1UF / 0201_CC at (18.2948 49.7692)
         Placed symbol:  C35 / CAP_NP_0201_CC_DISCRETE_1UF / 0201_CC at (19.8448 49.7692)
         Placed symbol:  C36 / CAP_NP_0201_CC_DISCRETE_1UF / 0201_CC at (21.3948 49.7692)
         Placed symbol:  C48 / CAP_NP_0201_CC_DISCRETE_1UF / 0201_CC at (22.9448 49.7692)
         Placed symbol:  C54 / CAP_NP_0201_CC_DISCRETE_1UF / 0201_CC at (24.4948 49.7692)
         Placed symbol:  C61 / CAP_NP_0201_CC_DISCRETE_1UF / 0201_CC at (26.0448 49.7692)
         Placed symbol:  C65 / CAP_NP_0201_CC_DISCRETE_1UF / 0201_CC at (27.5948 49.7692)
         Placed symbol:  C74 / CAP_NP_0201_CC_DISCRETE_1UF / 0201_CC at (29.1448 49.7692)
         Placed symbol:  C78 / CAP_NP_0201_CC_DISCRETE_1UF / 0201_CC at (30.6948 49.7692)
         Placed symbol:  C90 / CAP_NP_0201_CC_DISCRETE_1UF / 0201_CC at (32.2448 49.7692)
         Placed symbol:  C91 / CAP_NP_0201_CC_DISCRETE_1UF / 0201_CC at (33.7948 49.7692)
         Placed symbol:  C92 / CAP_NP_0201_CC_DISCRETE_1UF / 0201_CC at (35.3448 49.7692)
         Placed symbol:  C93 / CAP_NP_0201_CC_DISCRETE_1UF / 0201_CC at (36.8948 49.7692)
         Placed symbol:  C94 / CAP_NP_0201_CC_DISCRETE_1UF / 0201_CC at (38.4448 49.7692)
         Placed symbol:  C95 / CAP_NP_0201_CC_DISCRETE_1UF / 0201_CC at (39.9948 49.7692)
         Placed symbol:  C140 / CAP_NP_0805_CC_DISCRETE_47UF / 0805_CC at (42.3753 50.2899)
         Placed symbol:  C142 / CAP_NP_0603_CC_DISCRETE_22UF / 0603_CC at (45.3420 50.0359)
         Placed symbol:  C275 / CAP_NP_0603_CC_DISCRETE_22UF / 0603_CC at (48.0644 50.0359)
         Placed symbol:  C283 / CAP_NP_0603_CC_DISCRETE_22UF / 0603_CC at (50.7868 50.0359)
         Placed symbol:  C285 / CAP_NP_0603_CC_DISCRETE_22UF / 0603_CC at (53.5092 50.0359)
         Placed symbol:  C129 / CAP_NP_0201_CC_DISCRETE_0.22UF / 0201_CC at (0.8766 51.8266)
         Placed symbol:  C303 / CAP_NP_0603_CC_DISCRETE_22UF / 0603_CC at (3.0128 52.0933)
         Placed symbol:  C304 / CAP_NP_0603_CC_DISCRETE_22UF / 0603_CC at (5.7352 52.0933)
         Placed symbol:  C311 / CAP_NP_0603_CC_DISCRETE_22UF / 0603_CC at (8.4576 52.0933)
         Placed symbol:  C312 / CAP_NP_0603_CC_DISCRETE_22UF / 0603_CC at (11.1800 52.0933)
         Placed symbol:  C351 / CAP_NP_0402_CC_DISCRETE_4.7UF / 0402_CC at (13.5003 51.9282)
         Placed symbol:  C318 / CAP_NP_0603_CC_DISCRETE_22UF / 0603_CC at (15.8206 52.0933)
         Placed symbol:  C324 / CAP_NP_0603_CC_DISCRETE_22UF / 0603_CC at (18.5430 52.0933)
         Placed symbol:  C325 / CAP_NP_0603_CC_DISCRETE_22UF / 0603_CC at (21.2654 52.0933)
         Placed symbol:  C403 / CAP_NP_0603_CC_DISCRETE_22UF / 0603_CC at (23.9878 52.0933)
         Placed symbol:  C404 / CAP_NP_0603_CC_DISCRETE_22UF / 0603_CC at (26.7102 52.0933)
         Placed symbol:  C143 / CAP_NP_0201_CC_DISCRETE_0.1UF / 0201_CC at (28.8464 51.8266)
         Placed symbol:  C145 / CAP_NP_0201_CC_DISCRETE_0.1UF / 0201_CC at (30.3964 51.8266)
         Placed symbol:  C146 / CAP_NP_0201_CC_DISCRETE_0.1UF / 0201_CC at (31.9464 51.8266)
         Placed symbol:  C147 / CAP_NP_0201_CC_DISCRETE_0.1UF / 0201_CC at (33.4964 51.8266)
         Placed symbol:  C148 / CAP_NP_0201_CC_DISCRETE_0.1UF / 0201_CC at (35.0464 51.8266)
         Placed symbol:  C245 / CAP_NP_0201_CC_DISCRETE_18PF / 0201_CC at (36.5964 51.8266)
         Placed symbol:  C298 / CAP_NP_0201_CC_DISCRETE_18PF / 0201_CC at (38.1464 51.8266)
         Placed symbol:  C299 / CAP_NP_0201_CC_DISCRETE_18PF / 0201_CC at (39.6964 51.8266)
         Placed symbol:  C268 / CAP_NP_0201_CC_DISCRETE_2200PF / 0201_CC at (41.2464 51.8266)
         Placed symbol:  C279 / CAP_NP_0603_CC_DISCRETE_10UF / 0603_CC at (43.3826 52.0933)
         Placed symbol:  C281 / CAP_NP_0603_CC_DISCRETE_10UF / 0603_CC at (46.1050 52.0933)
         Placed symbol:  C295 / CAP_NP_0603_CC_DISCRETE_10UF / 0603_CC at (48.8274 52.0933)
         Placed symbol:  C301 / CAP_NP_0603_CC_DISCRETE_10UF / 0603_CC at (51.5498 52.0933)
         Placed symbol:  C306 / CAP_NP_0603_CC_DISCRETE_10UF / 0603_CC at (54.2722 52.0933)
         Placed symbol:  C307 / CAP_NP_0603_CC_DISCRETE_10UF / 0603_CC at (1.4628 53.6427)
         Placed symbol:  C316 / CAP_NP_0603_CC_DISCRETE_10UF / 0603_CC at (4.1852 53.6427)
         Placed symbol:  C128 / CAP_NP_0201_CC_DISCRETE_0.22UF / 0201_CC at (6.3214 53.3760)
         Placed symbol:  C365 / CAP_NP_0603_CC_DISCRETE_10UF / 0603_CC at (8.4576 53.6427)
         Placed symbol:  C401 / CAP_NP_0603_CC_DISCRETE_10UF / 0603_CC at (11.1800 53.6427)
         Placed symbol:  C402 / CAP_NP_0603_CC_DISCRETE_10UF / 0603_CC at (13.9024 53.6427)
         Placed symbol:  C391 / CAP_NP_0201_CC_DISCRETE_1UF_ / 0201_CC at (16.0386 53.3760)
         Placed symbol:  D1 / LED_LED_0603_IC_LED GREEN / LED_0603 at (18.3633 53.6173)
         Placed symbol:  C16 / CAP_NP_0201_CC_DISCRETE_1UF / 0201_CC at (20.6880 53.3760)
         Placed symbol:  C114 / CAP_NP_0201_CC_DISCRETE_0.22UF / 0201_CC at (22.2380 53.3760)
         Placed symbol:  C104 / CAP_NP_0201_CC_DISCRETE_0.22UF / 0201_CC at (23.7880 53.3760)
         Placed symbol:  J6 / CONN_HDR_2X1_HDR102_IO_HDR 1X2 TH / HDR102 at (25.9346 56.7796)
         Placed symbol:  C101 / CAP_NP_0201_CC_DISCRETE_0.22UF / 0201_CC at (28.0812 53.3760)
         Placed symbol:  L10 / INDUCTOR_IND_SPH2520_DISCRETE_0.47UH_20% / IND_SPH2520 at (30.8310 54.2269)
         Placed symbol:  L15 / INDUCTOR_IND_SPH2520_DISCRETE_0.47UH_20% / IND_SPH2520 at (34.7806 54.2269)
         Placed symbol:  L5 / INDUCTOR_IND_SPH2520_DISCRETE_0.47UH_20% / IND_SPH2520 at (38.7302 54.2269)
         Placed symbol:  L6 / INDUCTOR_IND_SPH2520_DISCRETE_0.47UH_20% / IND_SPH2520 at (42.6798 54.2269)
         Placed symbol:  L11 / INDUCTOR_IND_SPH2520_DISCRETE_1UH / IND_SPH2520 at (46.6294 54.2269)
         Placed symbol:  L13 / INDUCTOR_IND_2016A_DISCRETE_0.47UH / IND_2016A at (50.2265 54.1253)
         Placed symbol:  L2 / INDUCTOR_IND_2016A_DISCRETE_1.5UH / IND_2016A at (53.4711 54.1253)
         Placed symbol:  L3 / INDUCTOR_0402_CC_DISCRETE_2.2NH / 0402_CC at (1.0607 58.7608)
         Placed symbol:  L4 / IND_0402_CC_DISCRETE_1.3NH / 0402_CC at (2.9789 58.7608)
         Placed symbol:  C317 / CAP_NP_0603_CC_DISCRETE_22UF / 0603_CC at (5.2992 58.9259)
         Placed symbol:  QZ2 / XTAL_XTAL2-3P2X1P5-SM_IC_32.768KHZ / XTAL2-3P2X1P5-SM at (8.8120 59.4593)
         Placed symbol:  R10 / RES_0201_CC_DISCRETE_4.7K / 0201_CC at (11.7386 58.6592)
         Placed symbol:  R11 / RES_0201_CC_DISCRETE_4.7K / 0201_CC at (13.2886 58.6592)
         Placed symbol:  R12 / RES_0201_CC_DISCRETE_4.7K / 0201_CC at (14.8386 58.6592)
         Placed symbol:  R13 / RES_0201_CC_DISCRETE_4.7K / 0201_CC at (16.3886 58.6592)
         Placed symbol:  R133 / RES_0201_CC_DISCRETE_4.7K / 0201_CC at (17.9386 58.6592)
         Placed symbol:  R14 / RES_0201_CC_DISCRETE_4.7K / 0201_CC at (19.4886 58.6592)
         Placed symbol:  R15 / RES_0201_CC_DISCRETE_4.7K / 0201_CC at (21.0386 58.6592)
         Placed symbol:  R16 / RES_0201_CC_DISCRETE_4.7K / 0201_CC at (22.5886 58.6592)
         Placed symbol:  R17 / RES_0201_CC_DISCRETE_4.7K / 0201_CC at (24.1386 58.6592)
         Placed symbol:  R100 / RES_RC0402_25_DISCRETE_0_1% / RC0402_25 at (26.0947 58.8243)
         Placed symbol:  R113 / RES_RC0402_25_DISCRETE_0_1% / RC0402_25 at (28.4569 58.8243)
         Placed symbol:  R129 / RES_RC0402_25_DISCRETE_0_1% / RC0402_25 at (30.8191 58.8243)
         Placed symbol:  R130 / RES_RC0402_25_DISCRETE_0_1% / RC0402_25 at (33.1813 58.8243)
         Placed symbol:  R131 / RES_RC0402_25_DISCRETE_0_1% / RC0402_25 at (35.5435 58.8243)
         Placed symbol:  R132 / RES_RC0402_25_DISCRETE_0_1% / RC0402_25 at (37.9057 58.8243)
         Placed symbol:  R134 / RES_RC0402_25_DISCRETE_0_1% / RC0402_25 at (40.2679 58.8243)
         Placed symbol:  R102 / RES_0201_CC_DISCRETE_100K / 0201_CC at (42.2240 58.6592)
         Placed symbol:  R103 / RES_0201_CC_DISCRETE_100K / 0201_CC at (43.7740 58.6592)
         Placed symbol:  R106 / RES_0201_CC_DISCRETE_100K / 0201_CC at (45.3240 58.6592)
         Placed symbol:  R135 / RES_0201_CC_DISCRETE_100K / 0201_CC at (46.8740 58.6592)
         Placed symbol:  R20 / RES_0201_CC_DISCRETE_100K / 0201_CC at (48.4240 58.6592)
         Placed symbol:  R21 / RES_0201_CC_DISCRETE_100K / 0201_CC at (49.9740 58.6592)
         Placed symbol:  R61 / RES_0201_CC_DISCRETE_100K / 0201_CC at (51.5240 58.6592)
         Placed symbol:  R108 / RES_0201_CC_DISCRETE_30K / 0201_CC at (53.0740 58.6592)
         Placed symbol:  R109 / RES_0201_CC_DISCRETE_30K / 0201_CC at (54.6240 58.6592)
         Placed symbol:  R111 / RES_0402_CC_DISCRETE_0_1% / 0402_CC at (1.0607 61.3770)
         Placed symbol:  R136 / RES_0402_CC_DISCRETE_0_1% / 0402_CC at (2.9789 61.3770)
         Placed symbol:  R114 / RES_0402_CC_DISCRETE_0 / 0402_CC at (4.8971 61.3770)
         Placed symbol:  R44 / RES_0402_CC_DISCRETE_0 / 0402_CC at (6.8153 61.3770)
         Placed symbol:  R48 / RES_0402_CC_DISCRETE_0 / 0402_CC at (8.7335 61.3770)
         Placed symbol:  R51 / RES_0402_CC_DISCRETE_0 / 0402_CC at (10.6517 61.3770)
         Placed symbol:  R52 / RES_0402_CC_DISCRETE_0 / 0402_CC at (12.5699 61.3770)
         Placed symbol:  R54 / RES_0402_CC_DISCRETE_0 / 0402_CC at (14.4881 61.3770)
         Placed symbol:  R115 / RES_RC0402_25_DISCRETE_0 / RC0402_25 at (16.6283 61.4405)
         Placed symbol:  R116 / RES_RC0402_25_DISCRETE_0 / RC0402_25 at (18.9905 61.4405)
         Placed symbol:  R127 / RES_RC0402_25_DISCRETE_0 / RC0402_25 at (21.3527 61.4405)
         Placed symbol:  R55 / RES_RC0402_25_DISCRETE_0 / RC0402_25 at (23.7149 61.4405)
         Placed symbol:  R117 / RES_0201_CC_DISCRETE_10K / 0201_CC at (25.6710 61.2754)
         Placed symbol:  R118 / RES_0201_CC_DISCRETE_10K / 0201_CC at (27.2210 61.2754)
         Placed symbol:  R119 / RES_0201_CC_DISCRETE_10K / 0201_CC at (28.7710 61.2754)
         Placed symbol:  R120 / RES_0201_CC_DISCRETE_10K / 0201_CC at (30.3210 61.2754)
         Placed symbol:  R121 / RES_0201_CC_DISCRETE_10K / 0201_CC at (31.8710 61.2754)
         Placed symbol:  R122 / RES_0201_CC_DISCRETE_10K / 0201_CC at (33.4210 61.2754)
         Placed symbol:  R123 / RES_0201_CC_DISCRETE_10K / 0201_CC at (34.9710 61.2754)
         Placed symbol:  R124 / RES_0201_CC_DISCRETE_10K / 0201_CC at (36.5210 61.2754)
         Placed symbol:  R18 / RES_0201_CC_DISCRETE_10K / 0201_CC at (38.0710 61.2754)
         Placed symbol:  R23 / RES_0201_CC_DISCRETE_10K / 0201_CC at (39.6210 61.2754)
         Placed symbol:  R4 / RES_0201_CC_DISCRETE_10K / 0201_CC at (41.1710 61.2754)
         Placed symbol:  R125 / RES_0201_CC_DISCRETE_1K / 0201_CC at (42.7210 61.2754)
         Placed symbol:  R26 / RES_0402_CC_DISCRETE_510K / 0402_CC at (44.4551 61.3770)
         Placed symbol:  R28 / RES_0402_CC_DISCRETE_8.2K / 0402_CC at (46.3733 61.3770)
         Placed symbol:  R29 / RES_0201_CC_DISCRETE_200 / 0201_CC at (48.1074 61.2754)
         Placed symbol:  R30 / RES_0201_CC_DISCRETE_200 / 0201_CC at (49.6574 61.2754)
         Placed symbol:  R37 / RES_0402_CC_DISCRETE_10K / 0402_CC at (51.3915 61.3770)
         Placed symbol:  R47 / RES_0402_CC_DISCRETE_10K_5% / 0402_CC at (53.3097 61.3770)
         Placed symbol:  R71 / RES_0402_CC_DISCRETE_10K_5% / 0402_CC at (1.0607 62.7232)
         Placed symbol:  R72 / RES_0402_CC_DISCRETE_10K_5% / 0402_CC at (2.9789 62.7232)
         Placed symbol:  R75 / RES_0402_CC_DISCRETE_10K_5% / 0402_CC at (4.8971 62.7232)
         Placed symbol:  R76 / RES_0402_CC_DISCRETE_10K_5% / 0402_CC at (6.8153 62.7232)
         Placed symbol:  R79 / RES_0402_CC_DISCRETE_10K_5% / 0402_CC at (8.7335 62.7232)
         Placed symbol:  R95 / RES_0402_CC_DISCRETE_10K_5% / 0402_CC at (10.6517 62.7232)
         Placed symbol:  R97 / RES_0402_CC_DISCRETE_10K_5% / 0402_CC at (12.5699 62.7232)
         Placed symbol:  R5 / RES_0201_CC_DISCRETE_240 OHM / 0201_CC at (14.3040 62.6216)
         Placed symbol:  R6 / RES_0201_CC_DISCRETE_240 OHM / 0201_CC at (15.8540 62.6216)
         Placed symbol:  R7 / RES_0201_CC_DISCRETE_240 OHM / 0201_CC at (17.4040 62.6216)
         Placed symbol:  R57 / RES_0201_CC_DISCRETE_1M / 0201_CC at (18.9540 62.6216)
         Placed symbol:  R8 / RES_0402_CC_DISCRETE_150 / 0402_CC at (20.6881 62.7232)
         Placed symbol:  R9 / RES_0402_CC_DISCRETE_150 / 0402_CC at (22.6063 62.7232)
         Placed symbol:  C100 / CAP_NP_0201_CC_DISCRETE_0.22UF / 0201_CC at (24.3404 62.6216)
         Placed symbol:  C1 / CAP_NP_0201_CC_DISCRETE_0.22UF / 0201_CC at (25.8904 62.6216)
         Placed symbol:  C287 / CAP_NP_0603_CC_DISCRETE_22UF / 0603_CC at (28.0266 62.8883)
         Placed symbol:  C323 / CAP_NP_0603_CC_DISCRETE_10UF / 0603_CC at (30.7490 62.8883)
         Placed symbol:  TP14 / TESTLOOP_TPAD_020_IO_TPAD_020 / TPAD_020 at (32.7198 62.7232)
         Placed symbol:  TP15 / TESTLOOP_TPAD_020_IO_TPAD_020 / TPAD_020 at (33.9390 62.7232)
         Placed symbol:  TP18 / TESTLOOP_TPAD_020_IO_TPAD_020 / TPAD_020 at (35.1582 62.7232)
         Placed symbol:  TP19 / TESTLOOP_TPAD_020_IO_TPAD_020 / TPAD_020 at (36.3774 62.7232)
         Placed symbol:  TP2 / TESTLOOP_TPAD_020_IO_TPAD_020 / TPAD_020 at (37.5966 62.7232)
         Placed symbol:  TP20 / TESTLOOP_TPAD_020_IO_TPAD_020 / TPAD_020 at (38.8158 62.7232)
         Placed symbol:  TP21 / TESTLOOP_TPAD_020_IO_TPAD_020 / TPAD_020 at (40.0350 62.7232)
         Placed symbol:  TP3 / TESTLOOP_TPAD_020_IO_TPAD_020 / TPAD_020 at (41.2542 62.7232)
         Placed symbol:  TP34 / TESTLOOP_TPAD_020_IO_TPAD_020 / TPAD_020 at (42.4734 62.7232)
         Placed symbol:  TP36 / TESTLOOP_TPAD_020_IO_TPAD_020 / TPAD_020 at (43.6926 62.7232)
         Placed symbol:  TP37 / TESTLOOP_TPAD_020_IO_TPAD_020 / TPAD_020 at (44.9118 62.7232)
         Placed symbol:  TP38 / TESTLOOP_TPAD_020_IO_TPAD_020 / TPAD_020 at (46.1310 62.7232)
         Placed symbol:  TP39 / TESTLOOP_TPAD_020_IO_TPAD_020 / TPAD_020 at (47.3502 62.7232)
         Placed symbol:  TP4 / TESTLOOP_TPAD_020_IO_TPAD_020 / TPAD_020 at (48.5694 62.7232)
         Placed symbol:  TP5 / TESTLOOP_TPAD_020_IO_TPAD_020 / TPAD_020 at (49.7886 62.7232)
         Placed symbol:  TP52 / TESTLOOP_TPAD_020_IO_TPAD_020 / TPAD_020 at (51.0078 62.7232)
         Placed symbol:  TP10 / T POINT R_TESTPOINT_35MIL_IC_TP_35MIL / TESTPOINT_35MIL at (52.4175 62.9137)
         Placed symbol:  TP16 / T POINT R_TESTPOINT_35MIL_IC_TP_35MIL / TESTPOINT_35MIL at (54.0177 62.9137)
         Placed symbol:  TP17 / T POINT R_TESTPOINT_35MIL_IC_TP_35MIL / TESTPOINT_35MIL at (0.9017 64.7806)
         Placed symbol:  TP22 / T POINT R_TESTPOINT_35MIL_IC_TP_35MIL / TESTPOINT_35MIL at (2.5019 64.7806)
         Placed symbol:  TP23 / T POINT R_TESTPOINT_35MIL_IC_TP_35MIL / TESTPOINT_35MIL at (4.1021 64.7806)
         Placed symbol:  TP24 / T POINT R_TESTPOINT_35MIL_IC_TP_35MIL / TESTPOINT_35MIL at (5.7023 64.7806)
         Placed symbol:  TP25 / T POINT R_TESTPOINT_35MIL_IC_TP_35MIL / TESTPOINT_35MIL at (7.3025 64.7806)
         Placed symbol:  TP26 / T POINT R_TESTPOINT_35MIL_IC_TP_35MIL / TESTPOINT_35MIL at (8.9027 64.7806)
         Placed symbol:  TP27 / T POINT R_TESTPOINT_35MIL_IC_TP_35MIL / TESTPOINT_35MIL at (10.5029 64.7806)
         Placed symbol:  TP28 / T POINT R_TESTPOINT_35MIL_IC_TP_35MIL / TESTPOINT_35MIL at (12.1031 64.7806)
         Placed symbol:  TP29 / T POINT R_TESTPOINT_35MIL_IC_TP_35MIL / TESTPOINT_35MIL at (13.7033 64.7806)
         Placed symbol:  TP30 / T POINT R_TESTPOINT_35MIL_IC_TP_35MIL / TESTPOINT_35MIL at (15.3035 64.7806)
         Placed symbol:  TP31 / T POINT R_TESTPOINT_35MIL_IC_TP_35MIL / TESTPOINT_35MIL at (16.9037 64.7806)
         Placed symbol:  TP32 / T POINT R_TESTPOINT_35MIL_IC_TP_35MIL / TESTPOINT_35MIL at (18.5039 64.7806)
         Placed symbol:  TP33 / T POINT R_TESTPOINT_35MIL_IC_TP_35MIL / TESTPOINT_35MIL at (20.1041 64.7806)
         Placed symbol:  TP51 / T POINT R_TESTPOINT_35MIL_IC_TP_35MIL / TESTPOINT_35MIL at (21.7043 64.7806)
         Placed symbol:  TP53 / T POINT R_TESTPOINT_35MIL_IC_TP_35MIL / TESTPOINT_35MIL at (23.3045 64.7806)
         Placed symbol:  TP6 / T POINT R_TESTPOINT_35MIL_IC_TP_35MIL / TESTPOINT_35MIL at (24.9047 64.7806)
         Placed symbol:  TP7 / T POINT R_TESTPOINT_35MIL_IC_TP_35MIL / TESTPOINT_35MIL at (26.5049 64.7806)
         Placed symbol:  TP8 / T POINT R_TESTPOINT_35MIL_IC_TP_35MIL / TESTPOINT_35MIL at (28.1051 64.7806)
         Placed symbol:  TP9 / T POINT R_TESTPOINT_35MIL_IC_TP_35MIL / TESTPOINT_35MIL at (29.7053 64.7806)
         Placed symbol:  TP35 / TESTLOOP_TPAD_015_IO_TPAD_015 / TPAD_015 at (31.0515 64.5266)
         Placed symbol:  TP40 / TESTLOOP_TPAD_015_IO_TPAD_015 / TPAD_015 at (32.1437 64.5266)
         Placed symbol:  TP48 / TESTLOOP_TPAD_015_IO_TPAD_015 / TPAD_015 at (33.2359 64.5266)
         Placed symbol:  TP49 / TESTLOOP_TPAD_015_IO_TPAD_015 / TPAD_015 at (34.3281 64.5266)
         Placed symbol:  TP50 / TESTLOOP_TPAD_015_IO_TPAD_015 / TPAD_015 at (35.4203 64.5266)
         Placed symbol:  TP44 / TESTLOOP_TPAD_050_IO_TPAD_050 / TPAD_050 at (36.9570 64.9711)
         Placed symbol:  TP45 / TESTLOOP_TPAD_050_IO_TPAD_050 / TPAD_050 at (38.9382 64.9711)
         Placed symbol:  TP46 / TESTLOOP_TPAD_050_IO_TPAD_050 / TPAD_050 at (40.9194 64.9711)
         Placed symbol:  TP47 / TESTLOOP_TPAD_050_IO_TPAD_050 / TPAD_050 at (42.9006 64.9711)
         Placed symbol:  TP13 / TESTLOOP_TPAD_020_IO_TPAD_020 / TPAD_020 at (44.5008 64.5901)
         Placed symbol:  TP12 / TESTLOOP_TPAD_020_IO_TPAD_020 / TPAD_020 at (45.7200 64.5901)
         Placed symbol:  TP11 / TESTLOOP_TPAD_020_IO_TPAD_020 / TPAD_020 at (46.9392 64.5901)
         Placed symbol:  TP1 / TESTLOOP_TPAD_020_IO_TPAD_020 / TPAD_020 at (48.1584 64.5901)
         Placed symbol:  BH3 / MOUNT_HOLE_GNDPOINT256_IC_MOUNTING HOLE / GNDPOINT256 at (51.6636 66.8761)
         Placed symbol:  BH2 / MOUNT_HOLE_GNDPOINT256_IC_MOUNTING HOLE / GNDPOINT256 at (2.9972 72.6673)
         Placed symbol:  BH1 / MOUNT_HOLE_GNDPOINT256_IC_MOUNTING HOLE / GNDPOINT256 at (8.7884 72.6673)


Placed 293 of 293 applicable (293 total) symbols.

-----------------------------------------------------------------------

