{ Using PSTWRITER 17.4.0 d001Oct-12-2021 at 11:42:23 }

#1 WARNING(ORCAP-36038): "No_connect" property on Pin "U3.36" ignored for U3: SCHEMATIC1, 03-STM32_CORE (165.10, 38.10). Connecting pin to net "M2_PWM-".
#2 WARNING(ORCAP-36038): "No_connect" property on Pin "U3.35" ignored for U3: SCHEMATIC1, 03-STM32_CORE (165.10, 38.10). Connecting pin to net "M1_PWM-".
#3 WARNING(ORCAP-36038): "No_connect" property on Pin "U3.66" ignored for U3: SCHEMATIC1, 03-STM32_CORE (165.10, 38.10). Connecting pin to net "MCU_RST_FPGA".
#4 WARNING(ORCAP-36038): "No_connect" property on Pin "U3.94" ignored for U3: SCHEMATIC1, 03-STM32_CORE (165.10, 38.10). Connecting pin to net "BOOT0".
#5 WARNING(ORCAP-36038): "No_connect" property on Pin "U3.33" ignored for U3: SCHEMATIC1, 03-STM32_CORE (165.10, 38.10). Connecting pin to net "MCU_RST_CPU".
#6 WARNING(ORCAP-36038): "No_connect" property on Pin "U3.64" ignored for U3: SCHEMATIC1, 03-STM32_CORE (165.10, 38.10). Connecting pin to net "M1_PWM+".
#7 WARNING(ORCAP-36038): "No_connect" property on Pin "U56.B15" ignored for U56: SCHEMATIC1, 10-FMDEMOD (68.58, 127.00). Connecting pin to net "IO6".
#8 WARNING(ORCAP-36038): "No_connect" property on Pin "U3.37" ignored for U3: SCHEMATIC1, 03-STM32_CORE (165.10, 38.10). Connecting pin to net "BOOT1".
#9 WARNING(ORCAP-36038): "No_connect" property on Pin "U56.A15" ignored for U56: SCHEMATIC1, 10-FMDEMOD (68.58, 127.00). Connecting pin to net "IO5".
#10 WARNING(ORCAP-36038): "No_connect" property on Pin "U3.92" ignored for U3: SCHEMATIC1, 03-STM32_CORE (165.10, 38.10). Connecting pin to net "N8000282".
#11 WARNING(ORCAP-36038): "No_connect" property on Pin "U56.A16" ignored for U56: SCHEMATIC1, 10-FMDEMOD (68.58, 127.00). Connecting pin to net "IO4".
#12 WARNING(ORCAP-36038): "No_connect" property on Pin "U56.B16" ignored for U56: SCHEMATIC1, 10-FMDEMOD (68.58, 127.00). Connecting pin to net "IO7".
#13 WARNING(ORCAP-36038): "No_connect" property on Pin "U3.45" ignored for U3: SCHEMATIC1, 03-STM32_CORE (165.10, 38.10). Connecting pin to net "N8000304".
#14 WARNING(ORCAP-36038): "No_connect" property on Pin "U56.A18" ignored for U56: SCHEMATIC1, 10-FMDEMOD (68.58, 127.00). Connecting pin to net "IO2".
#15 WARNING(ORCAP-36038): "No_connect" property on Pin "U3.39" ignored for U3: SCHEMATIC1, 03-STM32_CORE (165.10, 38.10). Connecting pin to net "N8000357".
#16 WARNING(ORCAP-36038): "No_connect" property on Pin "U56.A17" ignored for U56: SCHEMATIC1, 10-FMDEMOD (68.58, 127.00). Connecting pin to net "IO3".
#17 WARNING(ORCAP-36038): "No_connect" property on Pin "U56.B17" ignored for U56: SCHEMATIC1, 10-FMDEMOD (68.58, 127.00). Connecting pin to net "IO8".
#18 WARNING(ORCAP-36038): "No_connect" property on Pin "U56.B18" ignored for U56: SCHEMATIC1, 10-FMDEMOD (68.58, 127.00). Connecting pin to net "IO9".
#19 WARNING(ORCAP-36038): "No_connect" property on Pin "U56.AB18" ignored for U56: SCHEMATIC1, 10-FMDEMOD (170.18, 5.08). Connecting pin to net "FPGA_UART_RXD".
#20 WARNING(ORCAP-36038): "No_connect" property on Pin "U56.G1" ignored for U56: SCHEMATIC1, 10-FMDEMOD (2.54, 5.08). Connecting pin to net "CLK2FPGA".
#21 WARNING(ORCAP-36038): "No_connect" property on Pin "U56.B22" ignored for U56: SCHEMATIC1, 10-FMDEMOD (2.54, 121.92). Connecting pin to net "LED3".
#22 WARNING(ORCAP-36038): "No_connect" property on Pin "U3.58" ignored for U3: SCHEMATIC1, 03-STM32_CORE (165.10, 38.10). Connecting pin to net "MCU_LED1".
#23 WARNING(ORCAP-36038): "No_connect" property on Pin "U3.57" ignored for U3: SCHEMATIC1, 03-STM32_CORE (165.10, 38.10). Connecting pin to net "MCU_LED2".
#24 WARNING(ORCAP-36038): "No_connect" property on Pin "U3.38" ignored for U3: SCHEMATIC1, 03-STM32_CORE (165.10, 38.10). Connecting pin to net "N7767499".
#25 WARNING(ORCAP-36038): "No_connect" property on Pin "U19.T9" ignored for U19: SCHEMATIC1, 06-IMX6_PERI2 (48.26, 139.70). Connecting pin to net "PMIC_ON_REQ".
#26 WARNING(ORCAP-36038): "No_connect" property on Pin "U56.AB20" ignored for U56: SCHEMATIC1, 10-FMDEMOD (170.18, 5.08). Connecting pin to net "LED1".
#27 WARNING(ORCAP-36038): "No_connect" property on Pin "U56.AB19" ignored for U56: SCHEMATIC1, 10-FMDEMOD (170.18, 5.08). Connecting pin to net "LED2".
#28 WARNING(ORCAP-36038): "No_connect" property on Pin "U3.60" ignored for U3: SCHEMATIC1, 03-STM32_CORE (165.10, 38.10). Connecting pin to net "ENC4_A_BUF".
#29 WARNING(ORCAP-36038): "No_connect" property on Pin "U3.59" ignored for U3: SCHEMATIC1, 03-STM32_CORE (165.10, 38.10). Connecting pin to net "ENC4_B_BUF".
#30 WARNING(ORCAP-36038): "No_connect" property on Pin "U3.89" ignored for U3: SCHEMATIC1, 03-STM32_CORE (165.10, 38.10). Connecting pin to net "NFAULT34".
#31 WARNING(ORCAP-36038): "No_connect" property on Pin "U3.65" ignored for U3: SCHEMATIC1, 03-STM32_CORE (165.10, 38.10). Connecting pin to net "M2_PWM+".
#32 WARNING(ORCAP-36042): Pin "GND" is renamed to "GND#2" as visible power pin of same name already exists in Package ERA-2SM , A1: SCHEMATIC1, 11-FM-INPUT (86.36, 78.74).
#33 WARNING(ORCAP-36042): Pin "GND" is renamed to "GND#4" as visible power pin of same name already exists in Package ERA-2SM , A1: SCHEMATIC1, 11-FM-INPUT (86.36, 78.74).
#34 WARNING(ORCAP-36006): Part Name " MCP6001T-I/OT_SOT-23-5_ MCP6001T-I/OT" is renamed to "MCP6001T-I/OT_SOT-23-5_ MCP6001T-I/OT".
#35 WARNING(ORCAP-36042): Pin "VCC" is renamed to "VCC#3" as visible power pin of same name already exists in Package EPCS4SI8N_0 , U35: SCHEMATIC1, 10-FMDEMOD (25.40, 269.24).
#36 WARNING(ORCAP-36042): Pin "VCC" is renamed to "VCC#8" as visible power pin of same name already exists in Package EPCS4SI8N_0 , U35: SCHEMATIC1, 10-FMDEMOD (25.40, 269.24).
#37 WARNING(ORCAP-36042): Pin "VCC" is renamed to "VCC#7" as visible power pin of same name already exists in Package EPCS4SI8N_0 , U35: SCHEMATIC1, 10-FMDEMOD (25.40, 269.24).
#38 WARNING(ORCAP-36042): Pin "VDD" is renamed to "VDD#3" as visible power pin of same name already exists in Package LTC2207 , U36: SCHEMATIC1, 10-FMDEMOD (266.70, 147.32).
#39 WARNING(ORCAP-36042): Pin "VDD" is renamed to "VDD#4" as visible power pin of same name already exists in Package LTC2207 , U36: SCHEMATIC1, 10-FMDEMOD (266.70, 147.32).
#40 WARNING(ORCAP-36042): Pin "GND" is renamed to "GND#5" as visible power pin of same name already exists in Package LTC2207 , U36: SCHEMATIC1, 10-FMDEMOD (266.70, 147.32).
#41 WARNING(ORCAP-36042): Pin "GND" is renamed to "GND#8" as visible power pin of same name already exists in Package LTC2207 , U36: SCHEMATIC1, 10-FMDEMOD (266.70, 147.32).
#42 WARNING(ORCAP-36042): Pin "GND" is renamed to "GND#11" as visible power pin of same name already exists in Package LTC2207 , U36: SCHEMATIC1, 10-FMDEMOD (266.70, 147.32).
#43 WARNING(ORCAP-36042): Pin "VDD" is renamed to "VDD#12" as visible power pin of same name already exists in Package LTC2207 , U36: SCHEMATIC1, 10-FMDEMOD (266.70, 147.32).
#44 WARNING(ORCAP-36042): Pin "VDD" is renamed to "VDD#13" as visible power pin of same name already exists in Package LTC2207 , U36: SCHEMATIC1, 10-FMDEMOD (266.70, 147.32).
#45 WARNING(ORCAP-36042): Pin "VDD" is renamed to "VDD#14" as visible power pin of same name already exists in Package LTC2207 , U36: SCHEMATIC1, 10-FMDEMOD (266.70, 147.32).
#46 WARNING(ORCAP-36042): Pin "GND" is renamed to "GND#15" as visible power pin of same name already exists in Package LTC2207 , U36: SCHEMATIC1, 10-FMDEMOD (266.70, 147.32).
#47 WARNING(ORCAP-36042): Pin "OGND" is renamed to "OGND#23" as visible power pin of same name already exists in Package LTC2207 , U36: SCHEMATIC1, 10-FMDEMOD (266.70, 147.32).
#48 WARNING(ORCAP-36042): Pin "OVDD" is renamed to "OVDD#24" as visible power pin of same name already exists in Package LTC2207 , U36: SCHEMATIC1, 10-FMDEMOD (266.70, 147.32).
#49 WARNING(ORCAP-36042): Pin "OVDD" is renamed to "OVDD#36" as visible power pin of same name already exists in Package LTC2207 , U36: SCHEMATIC1, 10-FMDEMOD (266.70, 147.32).
#50 WARNING(ORCAP-36042): Pin "OGND" is renamed to "OGND#31" as visible power pin of same name already exists in Package LTC2207 , U36: SCHEMATIC1, 10-FMDEMOD (266.70, 147.32).
#51 WARNING(ORCAP-36042): Pin "OVDD" is renamed to "OVDD#25" as visible power pin of same name already exists in Package LTC2207 , U36: SCHEMATIC1, 10-FMDEMOD (266.70, 147.32).
#52 WARNING(ORCAP-36042): Pin "GND" is renamed to "GND#48" as visible power pin of same name already exists in Package LTC2207 , U36: SCHEMATIC1, 10-FMDEMOD (266.70, 147.32).
#53 WARNING(ORCAP-36042): Pin "OGND" is renamed to "OGND#38" as visible power pin of same name already exists in Package LTC2207 , U36: SCHEMATIC1, 10-FMDEMOD (266.70, 147.32).
#54 WARNING(ORCAP-36042): Pin "OVDD" is renamed to "OVDD#37" as visible power pin of same name already exists in Package LTC2207 , U36: SCHEMATIC1, 10-FMDEMOD (266.70, 147.32).
#55 WARNING(ORCAP-36042): Pin "GND" is renamed to "GND#L10" as visible power pin of same name already exists in Package EP4CE40F23I7_6I , U56A: SCHEMATIC1, 10-FMDEMOD (2.54, 5.08).
#56 WARNING(ORCAP-36042): Pin "GND" is renamed to "GND#L11" as visible power pin of same name already exists in Package EP4CE40F23I7_6I , U56A: SCHEMATIC1, 10-FMDEMOD (2.54, 5.08).
#57 WARNING(ORCAP-36042): Pin "GND" is renamed to "GND#M10" as visible power pin of same name already exists in Package EP4CE40F23I7_6I , U56A: SCHEMATIC1, 10-FMDEMOD (2.54, 5.08).
#58 WARNING(ORCAP-36042): Pin "GND" is renamed to "GND#M11" as visible power pin of same name already exists in Package EP4CE40F23I7_6I , U56A: SCHEMATIC1, 10-FMDEMOD (2.54, 5.08).
#59 WARNING(ORCAP-36042): Pin "GND" is renamed to "GND#L12" as visible power pin of same name already exists in Package EP4CE40F23I7_6I , U56A: SCHEMATIC1, 10-FMDEMOD (2.54, 5.08).
#60 WARNING(ORCAP-36042): Pin "GND" is renamed to "GND#L13" as visible power pin of same name already exists in Package EP4CE40F23I7_6I , U56A: SCHEMATIC1, 10-FMDEMOD (2.54, 5.08).
#61 WARNING(ORCAP-36042): Pin "GND" is renamed to "GND#M12" as visible power pin of same name already exists in Package EP4CE40F23I7_6I , U56A: SCHEMATIC1, 10-FMDEMOD (2.54, 5.08).
#62 WARNING(ORCAP-36042): Pin "GND" is renamed to "GND#M13" as visible power pin of same name already exists in Package EP4CE40F23I7_6I , U56A: SCHEMATIC1, 10-FMDEMOD (2.54, 5.08).
#63 WARNING(ORCAP-36042): Pin "GND" is renamed to "GND#N11" as visible power pin of same name already exists in Package EP4CE40F23I7_6I , U56A: SCHEMATIC1, 10-FMDEMOD (2.54, 5.08).
#64 WARNING(ORCAP-36042): Pin "GND" is renamed to "GND#K11" as visible power pin of same name already exists in Package EP4CE40F23I7_6I , U56A: SCHEMATIC1, 10-FMDEMOD (2.54, 5.08).
#65 WARNING(ORCAP-36042): Pin "GND" is renamed to "GND#N12" as visible power pin of same name already exists in Package EP4CE40F23I7_6I , U56A: SCHEMATIC1, 10-FMDEMOD (2.54, 5.08).
#66 WARNING(ORCAP-36042): Pin "GND" is renamed to "GND#K12" as visible power pin of same name already exists in Package EP4CE40F23I7_6I , U56A: SCHEMATIC1, 10-FMDEMOD (2.54, 5.08).
#67 WARNING(ORCAP-36042): Pin "GND" is renamed to "GND#K13" as visible power pin of same name already exists in Package EP4CE40F23I7_6I , U56A: SCHEMATIC1, 10-FMDEMOD (2.54, 5.08).
#68 WARNING(ORCAP-36042): Pin "GND" is renamed to "GND#N13" as visible power pin of same name already exists in Package EP4CE40F23I7_6I , U56A: SCHEMATIC1, 10-FMDEMOD (2.54, 5.08).
#69 WARNING(ORCAP-36042): Pin "GND" is renamed to "GND#N10" as visible power pin of same name already exists in Package EP4CE40F23I7_6I , U56A: SCHEMATIC1, 10-FMDEMOD (2.54, 5.08).
#70 WARNING(ORCAP-36042): Pin "GND" is renamed to "GND#K10" as visible power pin of same name already exists in Package EP4CE40F23I7_6I , U56A: SCHEMATIC1, 10-FMDEMOD (2.54, 5.08).
#71 WARNING(ORCAP-36042): Pin "GND" is renamed to "GND#J9" as visible power pin of same name already exists in Package EP4CE40F23I7_6I , U56A: SCHEMATIC1, 10-FMDEMOD (2.54, 5.08).
#72 WARNING(ORCAP-36042): Pin "GND" is renamed to "GND#F12" as visible power pin of same name already exists in Package EP4CE40F23I7_6I , U56A: SCHEMATIC1, 10-FMDEMOD (2.54, 5.08).
#73 WARNING(ORCAP-36042): Pin "GND" is renamed to "GND#H12" as visible power pin of same name already exists in Package EP4CE40F23I7_6I , U56A: SCHEMATIC1, 10-FMDEMOD (2.54, 5.08).
#74 WARNING(ORCAP-36042): Pin "GND" is renamed to "GND#H13" as visible power pin of same name already exists in Package EP4CE40F23I7_6I , U56A: SCHEMATIC1, 10-FMDEMOD (2.54, 5.08).
#75 WARNING(ORCAP-36042): Pin "GND" is renamed to "GND#J15" as visible power pin of same name already exists in Package EP4CE40F23I7_6I , U56A: SCHEMATIC1, 10-FMDEMOD (2.54, 5.08).
#76 WARNING(ORCAP-36042): Pin "GND" is renamed to "GND#K16" as visible power pin of same name already exists in Package EP4CE40F23I7_6I , U56A: SCHEMATIC1, 10-FMDEMOD (2.54, 5.08).
#77 WARNING(ORCAP-36042): Pin "GND" is renamed to "GND#L15" as visible power pin of same name already exists in Package EP4CE40F23I7_6I , U56A: SCHEMATIC1, 10-FMDEMOD (2.54, 5.08).
#78 WARNING(ORCAP-36042): Pin "GND" is renamed to "GND#N15" as visible power pin of same name already exists in Package EP4CE40F23I7_6I , U56A: SCHEMATIC1, 10-FMDEMOD (2.54, 5.08).
#79 WARNING(ORCAP-36042): Pin "GND" is renamed to "GND#R13" as visible power pin of same name already exists in Package EP4CE40F23I7_6I , U56A: SCHEMATIC1, 10-FMDEMOD (2.54, 5.08).
#80 WARNING(ORCAP-36042): Pin "GND" is renamed to "GND#R11" as visible power pin of same name already exists in Package EP4CE40F23I7_6I , U56A: SCHEMATIC1, 10-FMDEMOD (2.54, 5.08).
#81 WARNING(ORCAP-36042): Pin "GND" is renamed to "GND#R9" as visible power pin of same name already exists in Package EP4CE40F23I7_6I , U56A: SCHEMATIC1, 10-FMDEMOD (2.54, 5.08).
#82 WARNING(ORCAP-36042): Pin "GND" is renamed to "GND#P8" as visible power pin of same name already exists in Package EP4CE40F23I7_6I , U56A: SCHEMATIC1, 10-FMDEMOD (2.54, 5.08).
#83 WARNING(ORCAP-36042): Pin "GND" is renamed to "GND#A1" as visible power pin of same name already exists in Package EP4CE40F23I7_6I , U56A: SCHEMATIC1, 10-FMDEMOD (2.54, 5.08).
#84 WARNING(ORCAP-36042): Pin "GND" is renamed to "GND#C5" as visible power pin of same name already exists in Package EP4CE40F23I7_6I , U56A: SCHEMATIC1, 10-FMDEMOD (2.54, 5.08).
#85 WARNING(ORCAP-36042): Pin "GND" is renamed to "GND#C9" as visible power pin of same name already exists in Package EP4CE40F23I7_6I , U56A: SCHEMATIC1, 10-FMDEMOD (2.54, 5.08).
#86 WARNING(ORCAP-36042): Pin "GND" is renamed to "GND#C11" as visible power pin of same name already exists in Package EP4CE40F23I7_6I , U56A: SCHEMATIC1, 10-FMDEMOD (2.54, 5.08).
#87 WARNING(ORCAP-36042): Pin "GND" is renamed to "GND#C12" as visible power pin of same name already exists in Package EP4CE40F23I7_6I , U56A: SCHEMATIC1, 10-FMDEMOD (2.54, 5.08).
#88 WARNING(ORCAP-36042): Pin "GND" is renamed to "GND#C14" as visible power pin of same name already exists in Package EP4CE40F23I7_6I , U56A: SCHEMATIC1, 10-FMDEMOD (2.54, 5.08).
#89 WARNING(ORCAP-36042): Pin "GND" is renamed to "GND#C16" as visible power pin of same name already exists in Package EP4CE40F23I7_6I , U56A: SCHEMATIC1, 10-FMDEMOD (2.54, 5.08).
#90 WARNING(ORCAP-36042): Pin "GND" is renamed to "GND#A22" as visible power pin of same name already exists in Package EP4CE40F23I7_6I , U56A: SCHEMATIC1, 10-FMDEMOD (2.54, 5.08).
#91 WARNING(ORCAP-36042): Pin "GND" is renamed to "GND#E20" as visible power pin of same name already exists in Package EP4CE40F23I7_6I , U56A: SCHEMATIC1, 10-FMDEMOD (2.54, 5.08).
#92 WARNING(ORCAP-36042): Pin "GND" is renamed to "GND#G20" as visible power pin of same name already exists in Package EP4CE40F23I7_6I , U56A: SCHEMATIC1, 10-FMDEMOD (2.54, 5.08).
#93 WARNING(ORCAP-36042): Pin "GND" is renamed to "GND#L20" as visible power pin of same name already exists in Package EP4CE40F23I7_6I , U56A: SCHEMATIC1, 10-FMDEMOD (2.54, 5.08).
#94 WARNING(ORCAP-36042): Pin "GND" is renamed to "GND#P19" as visible power pin of same name already exists in Package EP4CE40F23I7_6I , U56A: SCHEMATIC1, 10-FMDEMOD (2.54, 5.08).
#95 WARNING(ORCAP-36042): Pin "GND" is renamed to "GND#V20" as visible power pin of same name already exists in Package EP4CE40F23I7_6I , U56A: SCHEMATIC1, 10-FMDEMOD (2.54, 5.08).
#96 WARNING(ORCAP-36042): Pin "GND" is renamed to "GND#Y20" as visible power pin of same name already exists in Package EP4CE40F23I7_6I , U56A: SCHEMATIC1, 10-FMDEMOD (2.54, 5.08).
#97 WARNING(ORCAP-36042): Pin "GND" is renamed to "GND#AB22" as visible power pin of same name already exists in Package EP4CE40F23I7_6I , U56A: SCHEMATIC1, 10-FMDEMOD (2.54, 5.08).
#98 WARNING(ORCAP-36042): Pin "GND" is renamed to "GND#Y18" as visible power pin of same name already exists in Package EP4CE40F23I7_6I , U56A: SCHEMATIC1, 10-FMDEMOD (2.54, 5.08).
#99 WARNING(ORCAP-36042): Pin "GND" is renamed to "GND#Y16" as visible power pin of same name already exists in Package EP4CE40F23I7_6I , U56A: SCHEMATIC1, 10-FMDEMOD (2.54, 5.08).
#100 WARNING(ORCAP-36042): Pin "GND" is renamed to "GND#Y12" as visible power pin of same name already exists in Package EP4CE40F23I7_6I , U56A: SCHEMATIC1, 10-FMDEMOD (2.54, 5.08).
#101 WARNING(ORCAP-36042): Pin "GND" is renamed to "GND#Y11" as visible power pin of same name already exists in Package EP4CE40F23I7_6I , U56A: SCHEMATIC1, 10-FMDEMOD (2.54, 5.08).
#102 WARNING(ORCAP-36042): Pin "GND" is renamed to "GND#Y9" as visible power pin of same name already exists in Package EP4CE40F23I7_6I , U56A: SCHEMATIC1, 10-FMDEMOD (2.54, 5.08).
#103 WARNING(ORCAP-36042): Pin "GND" is renamed to "GND#Y5" as visible power pin of same name already exists in Package EP4CE40F23I7_6I , U56A: SCHEMATIC1, 10-FMDEMOD (2.54, 5.08).
#104 WARNING(ORCAP-36042): Pin "GND" is renamed to "GND#AB1" as visible power pin of same name already exists in Package EP4CE40F23I7_6I , U56A: SCHEMATIC1, 10-FMDEMOD (2.54, 5.08).
#105 WARNING(ORCAP-36042): Pin "GND" is renamed to "GND#N3" as visible power pin of same name already exists in Package EP4CE40F23I7_6I , U56A: SCHEMATIC1, 10-FMDEMOD (2.54, 5.08).
#106 WARNING(ORCAP-36042): Pin "GND" is renamed to "GND#U3" as visible power pin of same name already exists in Package EP4CE40F23I7_6I , U56A: SCHEMATIC1, 10-FMDEMOD (2.54, 5.08).
#107 WARNING(ORCAP-36042): Pin "GND" is renamed to "GND#W3" as visible power pin of same name already exists in Package EP4CE40F23I7_6I , U56A: SCHEMATIC1, 10-FMDEMOD (2.54, 5.08).
#108 WARNING(ORCAP-36042): Pin "GND" is renamed to "GND#D3" as visible power pin of same name already exists in Package EP4CE40F23I7_6I , U56A: SCHEMATIC1, 10-FMDEMOD (2.54, 5.08).
#109 WARNING(ORCAP-36042): Pin "GND" is renamed to "GND#F3" as visible power pin of same name already exists in Package EP4CE40F23I7_6I , U56A: SCHEMATIC1, 10-FMDEMOD (2.54, 5.08).
#110 WARNING(ORCAP-36042): Pin "GND" is renamed to "GND#K3" as visible power pin of same name already exists in Package EP4CE40F23I7_6I , U56A: SCHEMATIC1, 10-FMDEMOD (2.54, 5.08).
#111 WARNING(ORCAP-36042): Pin "GND" is renamed to "GND#G2" as visible power pin of same name already exists in Package EP4CE40F23I7_6I , U56A: SCHEMATIC1, 10-FMDEMOD (2.54, 5.08).
#112 WARNING(ORCAP-36042): Pin "GND" is renamed to "GND#AA2" as visible power pin of same name already exists in Package EP4CE40F23I7_6I , U56A: SCHEMATIC1, 10-FMDEMOD (2.54, 5.08).
#113 WARNING(ORCAP-36042): Pin "GND" is renamed to "GND#AA22" as visible power pin of same name already exists in Package EP4CE40F23I7_6I , U56A: SCHEMATIC1, 10-FMDEMOD (2.54, 5.08).
#114 WARNING(ORCAP-36042): Pin "GND" is renamed to "GND#H3" as visible power pin of same name already exists in Package EP4CE40F23I7_6I , U56A: SCHEMATIC1, 10-FMDEMOD (2.54, 5.08).
#115 WARNING(ORCAP-36042): Pin "GND" is renamed to "GND#R3" as visible power pin of same name already exists in Package EP4CE40F23I7_6I , U56A: SCHEMATIC1, 10-FMDEMOD (2.54, 5.08).
#116 WARNING(ORCAP-36042): Pin "GND" is renamed to "GND#AB6" as visible power pin of same name already exists in Package EP4CE40F23I7_6I , U56A: SCHEMATIC1, 10-FMDEMOD (2.54, 5.08).
#117 WARNING(ORCAP-36042): Pin "GND" is renamed to "GND#Y15" as visible power pin of same name already exists in Package EP4CE40F23I7_6I , U56A: SCHEMATIC1, 10-FMDEMOD (2.54, 5.08).
#118 WARNING(ORCAP-36042): Pin "GND" is renamed to "GND#T20" as visible power pin of same name already exists in Package EP4CE40F23I7_6I , U56A: SCHEMATIC1, 10-FMDEMOD (2.54, 5.08).
#119 WARNING(ORCAP-36042): Pin "GND" is renamed to "GND#J19" as visible power pin of same name already exists in Package EP4CE40F23I7_6I , U56A: SCHEMATIC1, 10-FMDEMOD (2.54, 5.08).
#120 WARNING(ORCAP-36042): Pin "GND" is renamed to "GND#C18" as visible power pin of same name already exists in Package EP4CE40F23I7_6I , U56A: SCHEMATIC1, 10-FMDEMOD (2.54, 5.08).
#121 WARNING(ORCAP-36042): Pin "GND" is renamed to "GND#D8" as visible power pin of same name already exists in Package EP4CE40F23I7_6I , U56A: SCHEMATIC1, 10-FMDEMOD (2.54, 5.08).
#122 WARNING(ORCAP-36042): Pin "GNDA" is renamed to "GNDA#U5" as visible power pin of same name already exists in Package EP4CE40F23I7_6I , U56A: SCHEMATIC1, 10-FMDEMOD (2.54, 5.08).
#123 WARNING(ORCAP-36042): Pin "GNDA" is renamed to "GNDA#E18" as visible power pin of same name already exists in Package EP4CE40F23I7_6I , U56A: SCHEMATIC1, 10-FMDEMOD (2.54, 5.08).
#124 WARNING(ORCAP-36042): Pin "GNDA" is renamed to "GNDA#F5" as visible power pin of same name already exists in Package EP4CE40F23I7_6I , U56A: SCHEMATIC1, 10-FMDEMOD (2.54, 5.08).
#125 WARNING(ORCAP-36042): Pin "GNDA" is renamed to "GNDA#V18" as visible power pin of same name already exists in Package EP4CE40F23I7_6I , U56A: SCHEMATIC1, 10-FMDEMOD (2.54, 5.08).
#126 WARNING(ORCAP-36042): Pin "VCCINT" is renamed to "VCCINT#J11" as visible power pin of same name already exists in Package EP4CE40F23I7_6I , U56A: SCHEMATIC1, 10-FMDEMOD (2.54, 5.08).
#127 WARNING(ORCAP-36042): Pin "VCCINT" is renamed to "VCCINT#J12" as visible power pin of same name already exists in Package EP4CE40F23I7_6I , U56A: SCHEMATIC1, 10-FMDEMOD (2.54, 5.08).
#128 WARNING(ORCAP-36042): Pin "VCCINT" is renamed to "VCCINT#L14" as visible power pin of same name already exists in Package EP4CE40F23I7_6I , U56A: SCHEMATIC1, 10-FMDEMOD (2.54, 5.08).
#129 WARNING(ORCAP-36042): Pin "VCCINT" is renamed to "VCCINT#M14" as visible power pin of same name already exists in Package EP4CE40F23I7_6I , U56A: SCHEMATIC1, 10-FMDEMOD (2.54, 5.08).
#130 WARNING(ORCAP-36042): Pin "VCCINT" is renamed to "VCCINT#P11" as visible power pin of same name already exists in Package EP4CE40F23I7_6I , U56A: SCHEMATIC1, 10-FMDEMOD (2.54, 5.08).
#131 WARNING(ORCAP-36042): Pin "VCCINT" is renamed to "VCCINT#P12" as visible power pin of same name already exists in Package EP4CE40F23I7_6I , U56A: SCHEMATIC1, 10-FMDEMOD (2.54, 5.08).
#132 WARNING(ORCAP-36042): Pin "VCCINT" is renamed to "VCCINT#L9" as visible power pin of same name already exists in Package EP4CE40F23I7_6I , U56A: SCHEMATIC1, 10-FMDEMOD (2.54, 5.08).
#133 WARNING(ORCAP-36042): Pin "VCCINT" is renamed to "VCCINT#M9" as visible power pin of same name already exists in Package EP4CE40F23I7_6I , U56A: SCHEMATIC1, 10-FMDEMOD (2.54, 5.08).
#134 WARNING(ORCAP-36042): Pin "VCCINT" is renamed to "VCCINT#J13" as visible power pin of same name already exists in Package EP4CE40F23I7_6I , U56A: SCHEMATIC1, 10-FMDEMOD (2.54, 5.08).
#135 WARNING(ORCAP-36042): Pin "VCCINT" is renamed to "VCCINT#J14" as visible power pin of same name already exists in Package EP4CE40F23I7_6I , U56A: SCHEMATIC1, 10-FMDEMOD (2.54, 5.08).
#136 WARNING(ORCAP-36042): Pin "VCCINT" is renamed to "VCCINT#K14" as visible power pin of same name already exists in Package EP4CE40F23I7_6I , U56A: SCHEMATIC1, 10-FMDEMOD (2.54, 5.08).
#137 WARNING(ORCAP-36042): Pin "VCCINT" is renamed to "VCCINT#J10" as visible power pin of same name already exists in Package EP4CE40F23I7_6I , U56A: SCHEMATIC1, 10-FMDEMOD (2.54, 5.08).
#138 WARNING(ORCAP-36042): Pin "VCCINT" is renamed to "VCCINT#K9" as visible power pin of same name already exists in Package EP4CE40F23I7_6I , U56A: SCHEMATIC1, 10-FMDEMOD (2.54, 5.08).
#139 WARNING(ORCAP-36042): Pin "VCCINT" is renamed to "VCCINT#N9" as visible power pin of same name already exists in Package EP4CE40F23I7_6I , U56A: SCHEMATIC1, 10-FMDEMOD (2.54, 5.08).
#140 WARNING(ORCAP-36042): Pin "VCCINT" is renamed to "VCCINT#P9" as visible power pin of same name already exists in Package EP4CE40F23I7_6I , U56A: SCHEMATIC1, 10-FMDEMOD (2.54, 5.08).
#141 WARNING(ORCAP-36042): Pin "VCCINT" is renamed to "VCCINT#P10" as visible power pin of same name already exists in Package EP4CE40F23I7_6I , U56A: SCHEMATIC1, 10-FMDEMOD (2.54, 5.08).
#142 WARNING(ORCAP-36042): Pin "VCCINT" is renamed to "VCCINT#P13" as visible power pin of same name already exists in Package EP4CE40F23I7_6I , U56A: SCHEMATIC1, 10-FMDEMOD (2.54, 5.08).
#143 WARNING(ORCAP-36042): Pin "VCCINT" is renamed to "VCCINT#P14" as visible power pin of same name already exists in Package EP4CE40F23I7_6I , U56A: SCHEMATIC1, 10-FMDEMOD (2.54, 5.08).
#144 WARNING(ORCAP-36042): Pin "VCCINT" is renamed to "VCCINT#N14" as visible power pin of same name already exists in Package EP4CE40F23I7_6I , U56A: SCHEMATIC1, 10-FMDEMOD (2.54, 5.08).
#145 WARNING(ORCAP-36042): Pin "VCCINT" is renamed to "VCCINT#J16" as visible power pin of same name already exists in Package EP4CE40F23I7_6I , U56A: SCHEMATIC1, 10-FMDEMOD (2.54, 5.08).
#146 WARNING(ORCAP-36042): Pin "VCCINT" is renamed to "VCCINT#K15" as visible power pin of same name already exists in Package EP4CE40F23I7_6I , U56A: SCHEMATIC1, 10-FMDEMOD (2.54, 5.08).
#147 WARNING(ORCAP-36042): Pin "VCCINT" is renamed to "VCCINT#L16" as visible power pin of same name already exists in Package EP4CE40F23I7_6I , U56A: SCHEMATIC1, 10-FMDEMOD (2.54, 5.08).
#148 WARNING(ORCAP-36042): Pin "VCCINT" is renamed to "VCCINT#M15" as visible power pin of same name already exists in Package EP4CE40F23I7_6I , U56A: SCHEMATIC1, 10-FMDEMOD (2.54, 5.08).
#149 WARNING(ORCAP-36042): Pin "VCCINT" is renamed to "VCCINT#R12" as visible power pin of same name already exists in Package EP4CE40F23I7_6I , U56A: SCHEMATIC1, 10-FMDEMOD (2.54, 5.08).
#150 WARNING(ORCAP-36042): Pin "VCCINT" is renamed to "VCCINT#R10" as visible power pin of same name already exists in Package EP4CE40F23I7_6I , U56A: SCHEMATIC1, 10-FMDEMOD (2.54, 5.08).
#151 WARNING(ORCAP-36042): Pin "VCCINT" is renamed to "VCCINT#R8" as visible power pin of same name already exists in Package EP4CE40F23I7_6I , U56A: SCHEMATIC1, 10-FMDEMOD (2.54, 5.08).
#152 WARNING(ORCAP-36042): Pin "VCCINT" is renamed to "VCCINT#H9" as visible power pin of same name already exists in Package EP4CE40F23I7_6I , U56A: SCHEMATIC1, 10-FMDEMOD (2.54, 5.08).
#153 WARNING(ORCAP-36042): Pin "VCCINT" is renamed to "VCCINT#G12" as visible power pin of same name already exists in Package EP4CE40F23I7_6I , U56A: SCHEMATIC1, 10-FMDEMOD (2.54, 5.08).
#154 WARNING(ORCAP-36042): Pin "VCCIO1" is renamed to "VCCIO1#D4" as visible power pin of same name already exists in Package EP4CE40F23I7_6I , U56A: SCHEMATIC1, 10-FMDEMOD (2.54, 5.08).
#155 WARNING(ORCAP-36042): Pin "VCCIO1" is renamed to "VCCIO1#F4" as visible power pin of same name already exists in Package EP4CE40F23I7_6I , U56A: SCHEMATIC1, 10-FMDEMOD (2.54, 5.08).
#156 WARNING(ORCAP-36042): Pin "VCCIO1" is renamed to "VCCIO1#K4" as visible power pin of same name already exists in Package EP4CE40F23I7_6I , U56A: SCHEMATIC1, 10-FMDEMOD (2.54, 5.08).
#157 WARNING(ORCAP-36042): Pin "VCCIO1" is renamed to "VCCIO1#H4" as visible power pin of same name already exists in Package EP4CE40F23I7_6I , U56A: SCHEMATIC1, 10-FMDEMOD (2.54, 5.08).
#158 WARNING(ORCAP-36042): Pin "VCCIO2" is renamed to "VCCIO2#N4" as visible power pin of same name already exists in Package EP4CE40F23I7_6I , U56A: SCHEMATIC1, 10-FMDEMOD (2.54, 5.08).
#159 WARNING(ORCAP-36042): Pin "VCCIO2" is renamed to "VCCIO2#U4" as visible power pin of same name already exists in Package EP4CE40F23I7_6I , U56A: SCHEMATIC1, 10-FMDEMOD (2.54, 5.08).
#160 WARNING(ORCAP-36042): Pin "VCCIO2" is renamed to "VCCIO2#W4" as visible power pin of same name already exists in Package EP4CE40F23I7_6I , U56A: SCHEMATIC1, 10-FMDEMOD (2.54, 5.08).
#161 WARNING(ORCAP-36042): Pin "VCCIO2" is renamed to "VCCIO2#R4" as visible power pin of same name already exists in Package EP4CE40F23I7_6I , U56A: SCHEMATIC1, 10-FMDEMOD (2.54, 5.08).
#162 WARNING(ORCAP-36042): Pin "VCCIO3" is renamed to "VCCIO3#AB2" as visible power pin of same name already exists in Package EP4CE40F23I7_6I , U56A: SCHEMATIC1, 10-FMDEMOD (2.54, 5.08).
#163 WARNING(ORCAP-36042): Pin "VCCIO3" is renamed to "VCCIO3#W5" as visible power pin of same name already exists in Package EP4CE40F23I7_6I , U56A: SCHEMATIC1, 10-FMDEMOD (2.54, 5.08).
#164 WARNING(ORCAP-36042): Pin "VCCIO3" is renamed to "VCCIO3#W9" as visible power pin of same name already exists in Package EP4CE40F23I7_6I , U56A: SCHEMATIC1, 10-FMDEMOD (2.54, 5.08).
#165 WARNING(ORCAP-36042): Pin "VCCIO3" is renamed to "VCCIO3#W11" as visible power pin of same name already exists in Package EP4CE40F23I7_6I , U56A: SCHEMATIC1, 10-FMDEMOD (2.54, 5.08).
#166 WARNING(ORCAP-36042): Pin "VCCIO3" is renamed to "VCCIO3#AA6" as visible power pin of same name already exists in Package EP4CE40F23I7_6I , U56A: SCHEMATIC1, 10-FMDEMOD (2.54, 5.08).
#167 WARNING(ORCAP-36042): Pin "VCCIO4" is renamed to "VCCIO4#AB21" as visible power pin of same name already exists in Package EP4CE40F23I7_6I , U56A: SCHEMATIC1, 10-FMDEMOD (2.54, 5.08).
#168 WARNING(ORCAP-36042): Pin "VCCIO4" is renamed to "VCCIO4#W12" as visible power pin of same name already exists in Package EP4CE40F23I7_6I , U56A: SCHEMATIC1, 10-FMDEMOD (2.54, 5.08).
#169 WARNING(ORCAP-36042): Pin "VCCIO4" is renamed to "VCCIO4#W16" as visible power pin of same name already exists in Package EP4CE40F23I7_6I , U56A: SCHEMATIC1, 10-FMDEMOD (2.54, 5.08).
#170 WARNING(ORCAP-36042): Pin "VCCIO4" is renamed to "VCCIO4#W18" as visible power pin of same name already exists in Package EP4CE40F23I7_6I , U56A: SCHEMATIC1, 10-FMDEMOD (2.54, 5.08).
#171 WARNING(ORCAP-36042): Pin "VCCIO4" is renamed to "VCCIO4#Y14" as visible power pin of same name already exists in Package EP4CE40F23I7_6I , U56A: SCHEMATIC1, 10-FMDEMOD (2.54, 5.08).
#172 WARNING(ORCAP-36042): Pin "VCCIO5" is renamed to "VCCIO5#P18" as visible power pin of same name already exists in Package EP4CE40F23I7_6I , U56A: SCHEMATIC1, 10-FMDEMOD (2.54, 5.08).
#173 WARNING(ORCAP-36042): Pin "VCCIO5" is renamed to "VCCIO5#V19" as visible power pin of same name already exists in Package EP4CE40F23I7_6I , U56A: SCHEMATIC1, 10-FMDEMOD (2.54, 5.08).
#174 WARNING(ORCAP-36042): Pin "VCCIO5" is renamed to "VCCIO5#Y19" as visible power pin of same name already exists in Package EP4CE40F23I7_6I , U56A: SCHEMATIC1, 10-FMDEMOD (2.54, 5.08).
#175 WARNING(ORCAP-36042): Pin "VCCIO5" is renamed to "VCCIO5#T19" as visible power pin of same name already exists in Package EP4CE40F23I7_6I , U56A: SCHEMATIC1, 10-FMDEMOD (2.54, 5.08).
#176 WARNING(ORCAP-36042): Pin "VCCIO6" is renamed to "VCCIO6#E19" as visible power pin of same name already exists in Package EP4CE40F23I7_6I , U56A: SCHEMATIC1, 10-FMDEMOD (2.54, 5.08).
#177 WARNING(ORCAP-36042): Pin "VCCIO6" is renamed to "VCCIO6#G19" as visible power pin of same name already exists in Package EP4CE40F23I7_6I , U56A: SCHEMATIC1, 10-FMDEMOD (2.54, 5.08).
#178 WARNING(ORCAP-36042): Pin "VCCIO6" is renamed to "VCCIO6#L19" as visible power pin of same name already exists in Package EP4CE40F23I7_6I , U56A: SCHEMATIC1, 10-FMDEMOD (2.54, 5.08).
#179 WARNING(ORCAP-36042): Pin "VCCIO6" is renamed to "VCCIO6#J20" as visible power pin of same name already exists in Package EP4CE40F23I7_6I , U56A: SCHEMATIC1, 10-FMDEMOD (2.54, 5.08).
#180 WARNING(ORCAP-36042): Pin "VCCIO7" is renamed to "VCCIO7#A21" as visible power pin of same name already exists in Package EP4CE40F23I7_6I , U56A: SCHEMATIC1, 10-FMDEMOD (2.54, 5.08).
#181 WARNING(ORCAP-36042): Pin "VCCIO7" is renamed to "VCCIO7#D12" as visible power pin of same name already exists in Package EP4CE40F23I7_6I , U56A: SCHEMATIC1, 10-FMDEMOD (2.54, 5.08).
#182 WARNING(ORCAP-36042): Pin "VCCIO7" is renamed to "VCCIO7#D14" as visible power pin of same name already exists in Package EP4CE40F23I7_6I , U56A: SCHEMATIC1, 10-FMDEMOD (2.54, 5.08).
#183 WARNING(ORCAP-36042): Pin "VCCIO7" is renamed to "VCCIO7#D16" as visible power pin of same name already exists in Package EP4CE40F23I7_6I , U56A: SCHEMATIC1, 10-FMDEMOD (2.54, 5.08).
#184 WARNING(ORCAP-36042): Pin "VCCIO7" is renamed to "VCCIO7#D18" as visible power pin of same name already exists in Package EP4CE40F23I7_6I , U56A: SCHEMATIC1, 10-FMDEMOD (2.54, 5.08).
#185 WARNING(ORCAP-36042): Pin "VCCIO8" is renamed to "VCCIO8#A2" as visible power pin of same name already exists in Package EP4CE40F23I7_6I , U56A: SCHEMATIC1, 10-FMDEMOD (2.54, 5.08).
#186 WARNING(ORCAP-36042): Pin "VCCIO8" is renamed to "VCCIO8#D5" as visible power pin of same name already exists in Package EP4CE40F23I7_6I , U56A: SCHEMATIC1, 10-FMDEMOD (2.54, 5.08).
#187 WARNING(ORCAP-36042): Pin "VCCIO8" is renamed to "VCCIO8#D9" as visible power pin of same name already exists in Package EP4CE40F23I7_6I , U56A: SCHEMATIC1, 10-FMDEMOD (2.54, 5.08).
#188 WARNING(ORCAP-36042): Pin "VCCIO8" is renamed to "VCCIO8#D11" as visible power pin of same name already exists in Package EP4CE40F23I7_6I , U56A: SCHEMATIC1, 10-FMDEMOD (2.54, 5.08).
#189 WARNING(ORCAP-36042): Pin "VCCIO8" is renamed to "VCCIO8#E8" as visible power pin of same name already exists in Package EP4CE40F23I7_6I , U56A: SCHEMATIC1, 10-FMDEMOD (2.54, 5.08).
#190 WARNING(ORCAP-36042): Pin "PADL" is renamed to "PADL#3" as visible power pin of same name already exists in Package AD8306AR_0 , U57: SCHEMATIC1, 11-FM-INPUT (185.42, 81.28).
#191 WARNING(ORCAP-36042): Pin "PADL" is renamed to "PADL#6" as visible power pin of same name already exists in Package AD8306AR_0 , U57: SCHEMATIC1, 11-FM-INPUT (185.42, 81.28).
#192 WARNING(ORCAP-36042): Pin "PADL" is renamed to "PADL#14" as visible power pin of same name already exists in Package AD8306AR_0 , U57: SCHEMATIC1, 11-FM-INPUT (185.42, 81.28).
#193 WARNING(ORCAP-36042): Pin "PADL" is renamed to "PADL#11" as visible power pin of same name already exists in Package AD8306AR_0 , U57: SCHEMATIC1, 11-FM-INPUT (185.42, 81.28).
#194 WARNING(ORCAP-36042): Pin "GND" is renamed to "GND#1" as visible power pin of same name already exists in Package MP2326GD , U59: SCHEMATIC1, 12-POWER_FPGA (73.66, 50.80).
#195 WARNING(ORCAP-36042): Pin "SW" is renamed to "SW#2" as visible power pin of same name already exists in Package MP2326GD , U59: SCHEMATIC1, 12-POWER_FPGA (73.66, 50.80).
#196 WARNING(ORCAP-36042): Pin "VIN" is renamed to "VIN#3" as visible power pin of same name already exists in Package MP2326GD , U59: SCHEMATIC1, 12-POWER_FPGA (73.66, 50.80).
#197 WARNING(ORCAP-36042): Pin "VIN" is renamed to "VIN#14" as visible power pin of same name already exists in Package MP2326GD , U59: SCHEMATIC1, 12-POWER_FPGA (73.66, 50.80).
#198 WARNING(ORCAP-36042): Pin "SW" is renamed to "SW#13" as visible power pin of same name already exists in Package MP2326GD , U59: SCHEMATIC1, 12-POWER_FPGA (73.66, 50.80).
#199 WARNING(ORCAP-36042): Pin "GND" is renamed to "GND#12" as visible power pin of same name already exists in Package MP2326GD , U59: SCHEMATIC1, 12-POWER_FPGA (73.66, 50.80).
#200 WARNING(ORCAP-36006): Part Name "OSCILLATOR_TSX-3225-4P_KC3225A49.1520C30E00 " is renamed to "OSCILLATOR_TSX-3225-4P_KC3225A49.1520C30E00".
INFO(ORCAP-36080): Scanning netlist files ...

Loading... G:\github\PLL_FM_HW\Schematic\NETLIST\pstchip.dat

Loading... G:\github\PLL_FM_HW\Schematic\NETLIST\pstchip.dat

Loading... G:\github\PLL_FM_HW\Schematic\NETLIST\pstxprt.dat

Loading... G:\github\PLL_FM_HW\Schematic\NETLIST\pstxnet.dat
packaging the design view...