(---------------------------------------------------------------------)
(                                                                     )
(    QUICKPLACE LOG                                                   )
(                                                                     )
(    Drawing          : FMDEMOD.brd                                   )
(    Software Version : 17.4S017                                      )
(    Date/Time        : Mon Jul 26 15:06:19 2021                      )
(                                                                     )
(---------------------------------------------------------------------)


State: Placing on layer TOP

         Placed symbol:  R335 / R_R1206_DISCRETE_0 / R1206 at (0.6532 126.5356)
         Placed symbol:  R336 / R_R1206_DISCRETE_0 / R1206 at (4.9264 126.5356)
         Placed symbol:  R337 / R_R1206_DISCRETE_0 / R1206 at (9.1996 126.5356)
         Placed symbol:  R338 / R_R1206_DISCRETE_0 / R1206 at (13.4728 126.5356)
         Placed symbol:  R339 / R_R1206_DISCRETE_0 / R1206 at (17.7460 126.5356)
         Placed symbol:  R340 / R_R1206_DISCRETE_0 / R1206 at (22.0192 126.5356)


Placed 6 of 6 applicable (6 total) symbols.

-----------------------------------------------------------------------

State: Placing on layer TOP



Placed 0 of 0 applicable (0 total) symbols.

-----------------------------------------------------------------------

