(---------------------------------------------------------------------)
(                                                                     )
(    RENAME REFDES                                                    )
(                                                                     )
(    Drawing          : FMDEMOD-57.brd                                )
(    Software Version : 17.4S017                                      )
(    Date/Time        : Thu Oct 21 09:25:46 2021                      )
(                                                                     )
(---------------------------------------------------------------------)


Renaming components on BOTH_SIDES on entire BOARD
    Extents: (-211.0500,-211.0500) (841.0500,841.0500)

Sequencing the reference designators SEQUENTIALLY
Row processing direction : to the RIGHT, from the top down.

OLD C315    NEW C1
OLD C312    NEW C2
OLD C311    NEW C3
OLD C3861    NEW C4
OLD C3131    NEW C5
OLD C5231    NEW C6
OLD C5221    NEW C7
OLD C5331    NEW C8
OLD C5321    NEW C9
OLD C5431    NEW C10
OLD C5421    NEW C11
OLD R86    NEW R1
OLD R85    NEW R2
OLD R84    NEW R3
OLD R91    NEW R4
OLD R92    NEW R5
OLD C316    NEW C12
OLD C174    NEW C13
OLD U46    NEW U1
OLD R113    NEW R6
OLD R106    NEW R7
OLD R93    NEW R8
OLD R95    NEW R9
OLD C118    NEW C14
OLD C119    NEW C15
OLD C120    NEW C16
OLD C3141    NEW C17
OLD C5211    NEW C18
OLD C5311    NEW C19
OLD C5411    NEW C20
OLD U20    NEW U2
OLD U31    NEW U3
OLD L17    NEW L1
OLD C158    NEW C21
OLD R157    NEW R10
OLD C322    NEW C22
OLD C3101    NEW C23
OLD C5201    NEW C24
OLD C5301    NEW C25
OLD C5401    NEW C26
OLD L181    NEW L2
OLD L421    NEW L3
OLD L431    NEW L4
OLD L441    NEW L5
OLD R398    NEW R11
OLD U29    NEW U4
OLD C162    NEW C27
OLD C3061    NEW C28
OLD C5161    NEW C29
OLD C5261    NEW C30
OLD C5361    NEW C31
OLD C5241    NEW C32
OLD C5341    NEW C33
OLD R2681    NEW R12
OLD R4231    NEW R13
OLD R4321    NEW R14
OLD R4411    NEW R15
OLD C5441    NEW C34
OLD C5061    NEW C35
OLD J17    NEW J1
OLD L40    NEW L6
OLD C166    NEW C36
OLD C167    NEW C37
OLD R164    NEW R16
OLD C3231    NEW C38
OLD C5191    NEW C39
OLD C5291    NEW C40
OLD C5391    NEW C41
OLD C5551    NEW C42
OLD C5552    NEW C43
OLD C5553    NEW C44
OLD C5554    NEW C45
OLD U591    NEW U5
OLD U611    NEW U6
OLD U621    NEW U7
OLD U631    NEW U8
OLD R2711    NEW R17
OLD R4271    NEW R18
OLD R4361    NEW R19
OLD R4451    NEW R20
OLD R133    NEW R21
OLD R180    NEW R22
OLD R2761    NEW R23
OLD R4311    NEW R24
OLD R4401    NEW R25
OLD R4491    NEW R26
OLD U23    NEW U9
OLD R2701    NEW R27
OLD R4121    NEW R28
OLD R4151    NEW R29
OLD R4241    NEW R30
OLD R4281    NEW R31
OLD R4301    NEW R32
OLD R4331    NEW R33
OLD R4371    NEW R34
OLD R4391    NEW R35
OLD R4421    NEW R36
OLD R4461    NEW R37
OLD R4481    NEW R38
OLD C129    NEW C46
OLD R181    NEW R39
OLD C5071    NEW C47
OLD R4141    NEW R40
OLD R4131    NEW R41
OLD C5251    NEW C48
OLD R4291    NEW R42
OLD R4251    NEW R43
OLD C5351    NEW C49
OLD R4503    NEW R44
OLD R4502    NEW R45
OLD C5451    NEW C50
OLD R4505    NEW R46
OLD R4504    NEW R47
OLD C140    NEW C51
OLD U19    NEW U10
OLD Y3    NEW Y1
OLD C5527    NEW C52
OLD C1307    NEW C53
OLD C5528    NEW C54
OLD C5171    NEW C55
OLD C5271    NEW C56
OLD C5539    NEW C57
OLD C5371    NEW C58
OLD C5545    NEW C59
OLD C141    NEW C60
OLD D19    NEW D1
OLD D20    NEW D2
OLD 3VBATTERY1    NEW 3VBATTERY1
OLD C307    NEW C61
OLD C5472    NEW C62
OLD C5482    NEW C63
OLD C517    NEW C64
OLD C5488    NEW C65
OLD C527    NEW C66
OLD C537    NEW C67
OLD C5498    NEW C68
OLD R50    NEW R48
OLD R413    NEW R49
OLD R414    NEW R50
OLD C507    NEW C69
OLD R425    NEW R51
OLD R429    NEW R52
OLD C525    NEW C70
OLD R434    NEW R53
OLD R438    NEW R54
OLD C535    NEW C71
OLD R443    NEW R55
OLD R447    NEW R56
OLD C545    NEW C72
OLD R415    NEW R57
OLD R412    NEW R58
OLD R270    NEW R59
OLD R430    NEW R60
OLD R428    NEW R61
OLD R424    NEW R62
OLD R439    NEW R63
OLD R437    NEW R64
OLD R433    NEW R65
OLD R448    NEW R66
OLD R446    NEW R67
OLD R442    NEW R68
OLD R276    NEW R69
OLD R431    NEW R70
OLD R440    NEW R71
OLD R449    NEW R72
OLD C191    NEW C73
OLD C193    NEW C74
OLD R141    NEW R73
OLD R140    NEW R74
OLD R271    NEW R75
OLD R427    NEW R76
OLD R436    NEW R77
OLD R445    NEW R78
OLD U59    NEW U11
OLD U61    NEW U12
OLD U62    NEW U13
OLD U63    NEW U14
OLD C323    NEW C75
OLD C519    NEW C76
OLD C529    NEW C77
OLD C539    NEW C78
OLD C5494    NEW C79
OLD C5495    NEW C80
OLD C5496    NEW C81
OLD C5497    NEW C82
OLD D22    NEW D3
OLD D24    NEW D4
OLD D23    NEW D5
OLD D21    NEW D6
OLD R139    NEW R79
OLD R132    NEW R80
OLD C190    NEW C83
OLD R137    NEW R81
OLD R55    NEW R82
OLD R56    NEW R83
OLD R53    NEW R84
OLD R54    NEW R85
OLD J13    NEW J2
OLD R268    NEW R86
OLD C506    NEW C84
OLD R423    NEW R87
OLD C524    NEW C85
OLD R432    NEW R88
OLD C534    NEW C86
OLD R441    NEW R89
OLD C544    NEW C87
OLD C306    NEW C88
OLD C516    NEW C89
OLD C526    NEW C90
OLD C536    NEW C91
OLD U24    NEW U15
OLD R131    NEW R90
OLD C116    NEW C92
OLD C117    NEW C93
OLD R71    NEW R91
OLD R72    NEW R92
OLD R89    NEW R93
OLD C107    NEW C94
OLD R94    NEW R94
OLD C122    NEW C95
OLD R125    NEW R95
OLD C90    NEW C96
OLD R127    NEW R96
OLD C192    NEW C97
OLD Y2    NEW Y2
OLD C128    NEW C98
OLD C106    NEW C99
OLD C89    NEW C100
OLD J7    NEW J3
OLD C88    NEW C101
OLD C105    NEW C102
OLD C310    NEW C103
OLD L18    NEW L7
OLD C520    NEW C104
OLD L42    NEW L8
OLD C530    NEW C105
OLD L43    NEW L9
OLD C540    NEW C106
OLD L44    NEW L10
OLD D27    NEW D7
OLD D25    NEW D8
OLD R108    NEW R97
OLD R115    NEW R98
OLD R80    NEW R99
OLD U22    NEW U16
OLD U21    NEW U17
OLD R107    NEW R100
OLD R185    NEW R101
OLD R182    NEW R102
OLD C175    NEW C107
OLD R200    NEW R103
OLD R193    NEW R104
OLD C188    NEW C108
OLD C179    NEW C109
OLD R187    NEW R105
OLD R186    NEW R106
OLD R117    NEW R107
OLD R81    NEW R108
OLD C110    NEW C110
OLD R326    NEW R109
OLD R325    NEW R110
OLD C182    NEW C111
OLD C109    NEW C112
OLD C92    NEW C113
OLD C108    NEW C114
OLD C314    NEW C115
OLD C5512    NEW C116
OLD C521    NEW C117
OLD C5520    NEW C118
OLD C531    NEW C119
OLD C541    NEW C120
OLD R183    NEW R111
OLD R184    NEW R112
OLD C176    NEW C121
OLD C189    NEW C122
OLD C177    NEW C123
OLD L35    NEW L11
OLD R324    NEW R113
OLD D28    NEW D9
OLD D26    NEW D10
OLD L4    NEW L12
OLD C5510    NEW C124
OLD C5513    NEW C125
OLD L36    NEW L13
OLD C5504    NEW C126
OLD L37    NEW L14
OLD C5505    NEW C127
OLD L38    NEW L15
OLD C5519    NEW C128
OLD L39    NEW L16
OLD C5526    NEW C129
OLD R392    NEW R114
OLD R218    NEW R115
OLD R219    NEW R116
OLD R215    NEW R117
OLD R208    NEW R118
OLD R397    NEW R119
OLD R211    NEW R120
OLD R334    NEW R121
OLD R333    NEW R122
OLD R332    NEW R123
OLD R331    NEW R124
OLD R330    NEW R125
OLD R329    NEW R126
OLD R328    NEW R127
OLD R327    NEW R128
OLD R354    NEW R129
OLD R426    NEW R130
OLD R435    NEW R131
OLD R444    NEW R132
OLD C5592    NEW C130
OLD C5591    NEW C131
OLD C5590    NEW C132
OLD C5594    NEW C133
OLD C5593    NEW C134
OLD C5595    NEW C135
OLD TP20    NEW TP1
OLD D49    NEW D11
OLD D57    NEW D12
OLD R399    NEW R133
OLD C483    NEW C136
OLD C492    NEW C137
OLD R407    NEW R134
OLD R406    NEW R135
OLD C482    NEW C138
OLD TP19    NEW TP2
OLD R255    NEW R136
OLD R256    NEW R137
OLD C481    NEW C139
OLD D50    NEW D13
OLD D59    NEW D14
OLD R391    NEW R138
OLD L1    NEW L17
OLD R262    NEW R139
OLD TP17    NEW TP3
OLD R401    NEW R140
OLD J18    NEW J4
OLD L13    NEW L18
OLD C293    NEW C140
OLD C12    NEW C141
OLD R337    NEW R141
OLD D58    NEW D15
OLD C480    NEW C142
OLD R252    NEW R142
OLD T1    NEW T1
OLD R338    NEW R143
OLD R400    NEW R144
OLD C213    NEW C143
OLD R403    NEW R145
OLD R260    NEW R146
OLD C287    NEW C144
OLD U43    NEW U18
OLD R227    NEW R147
OLD U3    NEW U19
OLD L7    NEW L19
OLD R246    NEW R148
OLD C212    NEW C145
OLD C211    NEW C146
OLD Y1    NEW Y3
OLD D61    NEW D16
OLD A1    NEW A1
OLD U56    NEW U20
OLD R224    NEW R149
OLD R402    NEW R150
OLD C441    NEW C147
OLD C404    NEW C148
OLD C209    NEW C149
OLD C405    NEW C150
OLD C295    NEW C151
OLD C296    NEW C152
OLD R261    NEW R151
OLD D60    NEW D17
OLD C484    NEW C153
OLD R212    NEW R152
OLD C50    NEW C154
OLD C8    NEW C155
OLD R11    NEW R153
OLD C493    NEW C156
OLD C7    NEW C157
OLD R47    NEW R154
OLD T2    NEW T2
OLD R209    NEW R155
OLD C15    NEW C158
OLD C10    NEW C159
OLD U5    NEW U21
OLD U18    NEW U22
OLD U58    NEW U23
OLD C9    NEW C160
OLD R46    NEW R156
OLD R10    NEW R157
OLD C498    NEW C161
OLD C11    NEW C162
OLD C49    NEW C163
OLD D18    NEW D18
OLD U42    NEW U24
OLD R223    NEW R158
OLD L2    NEW L20
OLD C408    NEW C164
OLD C406    NEW C165
OLD R32    NEW R159
OLD TP18    NEW TP4
OLD C21    NEW C166
OLD C22    NEW C167
OLD C485    NEW C168
OLD C39    NEW C169
OLD C37    NEW C170
OLD C398    NEW C171
OLD C396    NEW C172
OLD C397    NEW C173
OLD C35    NEW C174
OLD R222    NEW R160
OLD C399    NEW C175
OLD R386    NEW R161
OLD C487    NEW C176
OLD C36    NEW C177
OLD C25    NEW C178
OLD C23    NEW C179
OLD C41    NEW C180
OLD C42    NEW C181
OLD C490    NEW C182
OLD C491    NEW C183
OLD C407    NEW C184
OLD R385    NEW R162
OLD U55    NEW U25
OLD C38    NEW C185
OLD C294    NEW C186
OLD C24    NEW C187
OLD R18    NEW R163
OLD C40    NEW C188
OLD R33    NEW R164
OLD R396    NEW R165
OLD C499    NEW C189
OLD C34    NEW C190
OLD C288    NEW C191
OLD C289    NEW C192
OLD R254    NEW R166
OLD C215    NEW C193
OLD C26    NEW C194
OLD C489    NEW C195
OLD C43    NEW C196
OLD C488    NEW C197
OLD R242    NEW R167
OLD C5604    NEW C198
OLD C201    NEW C199
OLD C231    NEW C200
OLD U7    NEW U26
OLD U14    NEW U27
OLD C232    NEW C201
OLD C5602    NEW C202
OLD R394    NEW R168
OLD R241    NEW R169
OLD C486    NEW C203
OLD C290    NEW C204
OLD L14    NEW L21
OLD U13    NEW U28
OLD C200    NEW C205
OLD U40    NEW U29
OLD C291    NEW C206
OLD R21    NEW R170
OLD R23    NEW R171
OLD R35    NEW R172
OLD R37    NEW R173
OLD R384    NEW R174
OLD U57    NEW U30
OLD C234    NEW C207
OLD C5601    NEW C208
OLD Y5    NEW Y4
OLD R393    NEW R175
OLD C5603    NEW C209
OLD R42    NEW R176
OLD U54    NEW U31
OLD R251    NEW R177
OLD R34    NEW R178
OLD D14    NEW D19
OLD L9    NEW L22
OLD U39    NEW U32
OLD C214    NEW C210
OLD R395    NEW R179
OLD C248    NEW C211
OLD C233    NEW C212
OLD C230    NEW C213
OLD R26    NEW R180
OLD D5    NEW D20
OLD R27    NEW R181
OLD R40    NEW R182
OLD D13    NEW D21
OLD R43    NEW R183
OLD R36    NEW R184
OLD U36    NEW U33
OLD C229    NEW C214
OLD R253    NEW R185
OLD R41    NEW R186
OLD R15    NEW R187
OLD R249    NEW R188
OLD R14    NEW R189
OLD C403    NEW C215
OLD C402    NEW C216
OLD R210    NEW R190
OLD C5605    NEW C217
OLD C203    NEW C218
OLD D54    NEW D22
OLD D2    NEW D23
OLD D10    NEW D24
OLD D53    NEW D25
OLD C208    NEW C219
OLD C205    NEW C220
OLD R245    NEW R191
OLD R243    NEW R192
OLD R233    NEW R193
OLD R239    NEW R194
OLD T3    NEW T3
OLD C210    NEW C221
OLD T4    NEW T4
OLD C204    NEW C222
OLD C457    NEW C223
OLD C456    NEW C224
OLD C461    NEW C225
OLD C450    NEW C226
OLD C451    NEW C227
OLD C478    NEW C228
OLD C474    NEW C229
OLD C455    NEW C230
OLD C452    NEW C231
OLD C468    NEW C232
OLD C472    NEW C233
OLD C466    NEW C234
OLD C465    NEW C235
OLD C471    NEW C236
OLD C473    NEW C237
OLD C442    NEW C238
OLD C443    NEW C239
OLD C445    NEW C240
OLD C444    NEW C241
OLD R234    NEW R195
OLD R240    NEW R196
OLD R238    NEW R197
OLD R244    NEW R198
OLD C440    NEW C242
OLD C207    NEW C243
OLD C202    NEW C244
Sequencing the reference designators SEQUENTIALLY
Row processing direction : to the LEFT, from the top down.

Reference designator C1 already exists ... skipping to C2.
Reference designator C2 already exists ... skipping to C3.
Reference designator C3 already exists ... skipping to C4.
Reference designator C4 already exists ... skipping to C5.
Reference designator C5 already exists ... skipping to C6.
Reference designator C6 already exists ... skipping to C7.
Reference designator C7 already exists ... skipping to C8.
Reference designator C8 already exists ... skipping to C9.
Reference designator C9 already exists ... skipping to C10.
Reference designator C10 already exists ... skipping to C11.
Reference designator C11 already exists ... skipping to C12.
Reference designator C12 already exists ... skipping to C13.
Reference designator C13 already exists ... skipping to C14.
Reference designator C14 already exists ... skipping to C15.
Reference designator C15 already exists ... skipping to C16.
Reference designator C16 already exists ... skipping to C17.
Reference designator C17 already exists ... skipping to C18.
Reference designator C18 already exists ... skipping to C19.
Reference designator C19 already exists ... skipping to C20.
Reference designator C20 already exists ... skipping to C21.
Reference designator C21 already exists ... skipping to C22.
Reference designator C22 already exists ... skipping to C23.
Reference designator C23 already exists ... skipping to C24.
Reference designator C24 already exists ... skipping to C25.
Reference designator C25 already exists ... skipping to C26.
Reference designator C26 already exists ... skipping to C27.
Reference designator C27 already exists ... skipping to C28.
Reference designator C28 already exists ... skipping to C29.
Reference designator C29 already exists ... skipping to C30.
Reference designator C30 already exists ... skipping to C31.
Reference designator C31 already exists ... skipping to C32.
Reference designator C32 already exists ... skipping to C33.
Reference designator C33 already exists ... skipping to C34.
Reference designator C34 already exists ... skipping to C35.
Reference designator C35 already exists ... skipping to C36.
Reference designator C36 already exists ... skipping to C37.
Reference designator C37 already exists ... skipping to C38.
Reference designator C38 already exists ... skipping to C39.
Reference designator C39 already exists ... skipping to C40.
Reference designator C40 already exists ... skipping to C41.
Reference designator C41 already exists ... skipping to C42.
Reference designator C42 already exists ... skipping to C43.
Reference designator C43 already exists ... skipping to C44.
Reference designator C44 already exists ... skipping to C45.
Reference designator C45 already exists ... skipping to C46.
Reference designator C46 already exists ... skipping to C47.
Reference designator C47 already exists ... skipping to C48.
Reference designator C48 already exists ... skipping to C49.
Reference designator C49 already exists ... skipping to C50.
Reference designator C50 already exists ... skipping to C51.
Reference designator C51 already exists ... skipping to C52.
Reference designator C52 already exists ... skipping to C53.
Reference designator C53 already exists ... skipping to C54.
Reference designator C54 already exists ... skipping to C55.
Reference designator C55 already exists ... skipping to C56.
Reference designator C56 already exists ... skipping to C57.
Reference designator C57 already exists ... skipping to C58.
Reference designator C58 already exists ... skipping to C59.
Reference designator C59 already exists ... skipping to C60.
Reference designator C60 already exists ... skipping to C61.
Reference designator C61 already exists ... skipping to C62.
Reference designator C62 already exists ... skipping to C63.
Reference designator C63 already exists ... skipping to C64.
Reference designator C64 already exists ... skipping to C65.
Reference designator C65 already exists ... skipping to C66.
Reference designator C66 already exists ... skipping to C67.
Reference designator C67 already exists ... skipping to C68.
Reference designator C68 already exists ... skipping to C69.
Reference designator C69 already exists ... skipping to C70.
Reference designator C70 already exists ... skipping to C71.
Reference designator C71 already exists ... skipping to C72.
Reference designator C72 already exists ... skipping to C73.
Reference designator C73 already exists ... skipping to C74.
Reference designator C74 already exists ... skipping to C75.
Reference designator C75 already exists ... skipping to C76.
Reference designator C76 already exists ... skipping to C77.
Reference designator C77 already exists ... skipping to C78.
Reference designator C78 already exists ... skipping to C79.
Reference designator C79 already exists ... skipping to C80.
Reference designator C80 already exists ... skipping to C81.
Reference designator C81 already exists ... skipping to C82.
Reference designator C82 already exists ... skipping to C83.
Reference designator C83 already exists ... skipping to C84.
Reference designator C84 already exists ... skipping to C85.
Reference designator C85 already exists ... skipping to C86.
Reference designator C86 already exists ... skipping to C87.
Reference designator C87 already exists ... skipping to C88.
Reference designator C88 already exists ... skipping to C89.
Reference designator C89 already exists ... skipping to C90.
Reference designator C90 already exists ... skipping to C91.
Reference designator C91 already exists ... skipping to C92.
Reference designator C92 already exists ... skipping to C93.
Reference designator C93 already exists ... skipping to C94.
Reference designator C94 already exists ... skipping to C95.
Reference designator C95 already exists ... skipping to C96.
Reference designator C96 already exists ... skipping to C97.
Reference designator C97 already exists ... skipping to C98.
Reference designator C98 already exists ... skipping to C99.
Reference designator C99 already exists ... skipping to C100.
Reference designator C100 already exists ... skipping to C101.
Reference designator C101 already exists ... skipping to C102.
Reference designator C102 already exists ... skipping to C103.
Reference designator C103 already exists ... skipping to C104.
Reference designator C104 already exists ... skipping to C105.
Reference designator C105 already exists ... skipping to C106.
Reference designator C106 already exists ... skipping to C107.
Reference designator C107 already exists ... skipping to C108.
Reference designator C108 already exists ... skipping to C109.
Reference designator C109 already exists ... skipping to C110.
Reference designator C110 already exists ... skipping to C111.
Reference designator C111 already exists ... skipping to C112.
Reference designator C112 already exists ... skipping to C113.
Reference designator C113 already exists ... skipping to C114.
Reference designator C114 already exists ... skipping to C115.
Reference designator C115 already exists ... skipping to C116.
Reference designator C116 already exists ... skipping to C117.
Reference designator C117 already exists ... skipping to C118.
Reference designator C118 already exists ... skipping to C119.
Reference designator C119 already exists ... skipping to C120.
Reference designator C120 already exists ... skipping to C121.
Reference designator C121 already exists ... skipping to C122.
Reference designator C122 already exists ... skipping to C123.
Reference designator C123 already exists ... skipping to C124.
Reference designator C124 already exists ... skipping to C125.
Reference designator C125 already exists ... skipping to C126.
Reference designator C126 already exists ... skipping to C127.
Reference designator C127 already exists ... skipping to C128.
Reference designator C128 already exists ... skipping to C129.
Reference designator C129 already exists ... skipping to C130.
Reference designator C130 already exists ... skipping to C131.
Reference designator C131 already exists ... skipping to C132.
Reference designator C132 already exists ... skipping to C133.
Reference designator C133 already exists ... skipping to C134.
Reference designator C134 already exists ... skipping to C135.
Reference designator C135 already exists ... skipping to C136.
Reference designator C136 already exists ... skipping to C137.
Reference designator C137 already exists ... skipping to C138.
Reference designator C138 already exists ... skipping to C139.
Reference designator C139 already exists ... skipping to C140.
Reference designator C140 already exists ... skipping to C141.
Reference designator C141 already exists ... skipping to C142.
Reference designator C142 already exists ... skipping to C143.
Reference designator C143 already exists ... skipping to C144.
Reference designator C144 already exists ... skipping to C145.
Reference designator C145 already exists ... skipping to C146.
Reference designator C146 already exists ... skipping to C147.
Reference designator C147 already exists ... skipping to C148.
Reference designator C148 already exists ... skipping to C149.
Reference designator C149 already exists ... skipping to C150.
Reference designator C150 already exists ... skipping to C151.
Reference designator C151 already exists ... skipping to C152.
Reference designator C152 already exists ... skipping to C153.
Reference designator C153 already exists ... skipping to C154.
Reference designator C154 already exists ... skipping to C155.
Reference designator C155 already exists ... skipping to C156.
Reference designator C156 already exists ... skipping to C157.
Reference designator C157 already exists ... skipping to C158.
Reference designator C158 already exists ... skipping to C159.
Reference designator C159 already exists ... skipping to C160.
Reference designator C160 already exists ... skipping to C161.
Reference designator C161 already exists ... skipping to C162.
Reference designator C162 already exists ... skipping to C163.
Reference designator C163 already exists ... skipping to C164.
Reference designator C164 already exists ... skipping to C165.
Reference designator C165 already exists ... skipping to C166.
Reference designator C166 already exists ... skipping to C167.
Reference designator C167 already exists ... skipping to C168.
Reference designator C168 already exists ... skipping to C169.
Reference designator C169 already exists ... skipping to C170.
Reference designator C170 already exists ... skipping to C171.
Reference designator C171 already exists ... skipping to C172.
Reference designator C172 already exists ... skipping to C173.
Reference designator C173 already exists ... skipping to C174.
Reference designator C174 already exists ... skipping to C175.
Reference designator C175 already exists ... skipping to C176.
Reference designator C176 already exists ... skipping to C177.
Reference designator C177 already exists ... skipping to C178.
Reference designator C178 already exists ... skipping to C179.
Reference designator C179 already exists ... skipping to C180.
Reference designator C180 already exists ... skipping to C181.
Reference designator C181 already exists ... skipping to C182.
Reference designator C182 already exists ... skipping to C183.
Reference designator C183 already exists ... skipping to C184.
Reference designator C184 already exists ... skipping to C185.
Reference designator C185 already exists ... skipping to C186.
Reference designator C186 already exists ... skipping to C187.
Reference designator C187 already exists ... skipping to C188.
Reference designator C188 already exists ... skipping to C189.
Reference designator C189 already exists ... skipping to C190.
Reference designator C190 already exists ... skipping to C191.
Reference designator C191 already exists ... skipping to C192.
Reference designator C192 already exists ... skipping to C193.
Reference designator C193 already exists ... skipping to C194.
Reference designator C194 already exists ... skipping to C195.
Reference designator C195 already exists ... skipping to C196.
Reference designator C196 already exists ... skipping to C197.
Reference designator C197 already exists ... skipping to C198.
Reference designator C198 already exists ... skipping to C199.
Reference designator C199 already exists ... skipping to C200.
Reference designator C200 already exists ... skipping to C201.
Reference designator C201 already exists ... skipping to C202.
Reference designator C202 already exists ... skipping to C203.
Reference designator C203 already exists ... skipping to C204.
Reference designator C204 already exists ... skipping to C205.
Reference designator C205 already exists ... skipping to C206.
Reference designator C206 already exists ... skipping to C207.
Reference designator C207 already exists ... skipping to C208.
Reference designator C208 already exists ... skipping to C209.
Reference designator C209 already exists ... skipping to C210.
Reference designator C210 already exists ... skipping to C211.
Reference designator C211 already exists ... skipping to C212.
Reference designator C212 already exists ... skipping to C213.
Reference designator C213 already exists ... skipping to C214.
Reference designator C214 already exists ... skipping to C215.
Reference designator C215 already exists ... skipping to C216.
Reference designator C216 already exists ... skipping to C217.
Reference designator C217 already exists ... skipping to C218.
Reference designator C218 already exists ... skipping to C219.
Reference designator C219 already exists ... skipping to C220.
Reference designator C220 already exists ... skipping to C221.
Reference designator C221 already exists ... skipping to C222.
Reference designator C222 already exists ... skipping to C223.
Reference designator C223 already exists ... skipping to C224.
Reference designator C224 already exists ... skipping to C225.
Reference designator C225 already exists ... skipping to C226.
Reference designator C226 already exists ... skipping to C227.
Reference designator C227 already exists ... skipping to C228.
Reference designator C228 already exists ... skipping to C229.
Reference designator C229 already exists ... skipping to C230.
Reference designator C230 already exists ... skipping to C231.
Reference designator C231 already exists ... skipping to C232.
Reference designator C232 already exists ... skipping to C233.
Reference designator C233 already exists ... skipping to C234.
Reference designator C234 already exists ... skipping to C235.
Reference designator C235 already exists ... skipping to C236.
Reference designator C236 already exists ... skipping to C237.
Reference designator C237 already exists ... skipping to C238.
Reference designator C238 already exists ... skipping to C239.
Reference designator C239 already exists ... skipping to C240.
Reference designator C240 already exists ... skipping to C241.
Reference designator C241 already exists ... skipping to C242.
Reference designator C242 already exists ... skipping to C243.
Reference designator C243 already exists ... skipping to C244.
Reference designator C244 already exists ... skipping to C245.
OLD C99    NEW C245
Reference designator R1 already exists ... skipping to R2.
Reference designator R2 already exists ... skipping to R3.
Reference designator R3 already exists ... skipping to R4.
Reference designator R4 already exists ... skipping to R5.
Reference designator R5 already exists ... skipping to R6.
Reference designator R6 already exists ... skipping to R7.
Reference designator R7 already exists ... skipping to R8.
Reference designator R8 already exists ... skipping to R9.
Reference designator R9 already exists ... skipping to R10.
Reference designator R10 already exists ... skipping to R11.
Reference designator R11 already exists ... skipping to R12.
Reference designator R12 already exists ... skipping to R13.
Reference designator R13 already exists ... skipping to R14.
Reference designator R14 already exists ... skipping to R15.
Reference designator R15 already exists ... skipping to R16.
Reference designator R16 already exists ... skipping to R17.
Reference designator R17 already exists ... skipping to R18.
Reference designator R18 already exists ... skipping to R19.
Reference designator R19 already exists ... skipping to R20.
Reference designator R20 already exists ... skipping to R21.
Reference designator R21 already exists ... skipping to R22.
Reference designator R22 already exists ... skipping to R23.
Reference designator R23 already exists ... skipping to R24.
Reference designator R24 already exists ... skipping to R25.
Reference designator R25 already exists ... skipping to R26.
Reference designator R26 already exists ... skipping to R27.
Reference designator R27 already exists ... skipping to R28.
Reference designator R28 already exists ... skipping to R29.
Reference designator R29 already exists ... skipping to R30.
Reference designator R30 already exists ... skipping to R31.
Reference designator R31 already exists ... skipping to R32.
Reference designator R32 already exists ... skipping to R33.
Reference designator R33 already exists ... skipping to R34.
Reference designator R34 already exists ... skipping to R35.
Reference designator R35 already exists ... skipping to R36.
Reference designator R36 already exists ... skipping to R37.
Reference designator R37 already exists ... skipping to R38.
Reference designator R38 already exists ... skipping to R39.
Reference designator R39 already exists ... skipping to R40.
Reference designator R40 already exists ... skipping to R41.
Reference designator R41 already exists ... skipping to R42.
Reference designator R42 already exists ... skipping to R43.
Reference designator R43 already exists ... skipping to R44.
Reference designator R44 already exists ... skipping to R45.
Reference designator R45 already exists ... skipping to R46.
Reference designator R46 already exists ... skipping to R47.
Reference designator R47 already exists ... skipping to R48.
Reference designator R48 already exists ... skipping to R49.
Reference designator R49 already exists ... skipping to R50.
Reference designator R50 already exists ... skipping to R51.
Reference designator R51 already exists ... skipping to R52.
Reference designator R52 already exists ... skipping to R53.
Reference designator R53 already exists ... skipping to R54.
Reference designator R54 already exists ... skipping to R55.
Reference designator R55 already exists ... skipping to R56.
Reference designator R56 already exists ... skipping to R57.
Reference designator R57 already exists ... skipping to R58.
Reference designator R58 already exists ... skipping to R59.
Reference designator R59 already exists ... skipping to R60.
Reference designator R60 already exists ... skipping to R61.
Reference designator R61 already exists ... skipping to R62.
Reference designator R62 already exists ... skipping to R63.
Reference designator R63 already exists ... skipping to R64.
Reference designator R64 already exists ... skipping to R65.
Reference designator R65 already exists ... skipping to R66.
Reference designator R66 already exists ... skipping to R67.
Reference designator R67 already exists ... skipping to R68.
Reference designator R68 already exists ... skipping to R69.
Reference designator R69 already exists ... skipping to R70.
Reference designator R70 already exists ... skipping to R71.
Reference designator R71 already exists ... skipping to R72.
Reference designator R72 already exists ... skipping to R73.
Reference designator R73 already exists ... skipping to R74.
Reference designator R74 already exists ... skipping to R75.
Reference designator R75 already exists ... skipping to R76.
Reference designator R76 already exists ... skipping to R77.
Reference designator R77 already exists ... skipping to R78.
Reference designator R78 already exists ... skipping to R79.
Reference designator R79 already exists ... skipping to R80.
Reference designator R80 already exists ... skipping to R81.
Reference designator R81 already exists ... skipping to R82.
Reference designator R82 already exists ... skipping to R83.
Reference designator R83 already exists ... skipping to R84.
Reference designator R84 already exists ... skipping to R85.
Reference designator R85 already exists ... skipping to R86.
Reference designator R86 already exists ... skipping to R87.
Reference designator R87 already exists ... skipping to R88.
Reference designator R88 already exists ... skipping to R89.
Reference designator R89 already exists ... skipping to R90.
Reference designator R90 already exists ... skipping to R91.
Reference designator R91 already exists ... skipping to R92.
Reference designator R92 already exists ... skipping to R93.
Reference designator R93 already exists ... skipping to R94.
Reference designator R94 already exists ... skipping to R95.
Reference designator R95 already exists ... skipping to R96.
Reference designator R96 already exists ... skipping to R97.
Reference designator R97 already exists ... skipping to R98.
Reference designator R98 already exists ... skipping to R99.
Reference designator R99 already exists ... skipping to R100.
Reference designator R100 already exists ... skipping to R101.
Reference designator R101 already exists ... skipping to R102.
Reference designator R102 already exists ... skipping to R103.
Reference designator R103 already exists ... skipping to R104.
Reference designator R104 already exists ... skipping to R105.
Reference designator R105 already exists ... skipping to R106.
Reference designator R106 already exists ... skipping to R107.
Reference designator R107 already exists ... skipping to R108.
Reference designator R108 already exists ... skipping to R109.
Reference designator R109 already exists ... skipping to R110.
Reference designator R110 already exists ... skipping to R111.
Reference designator R111 already exists ... skipping to R112.
Reference designator R112 already exists ... skipping to R113.
Reference designator R113 already exists ... skipping to R114.
Reference designator R114 already exists ... skipping to R115.
Reference designator R115 already exists ... skipping to R116.
Reference designator R116 already exists ... skipping to R117.
Reference designator R117 already exists ... skipping to R118.
Reference designator R118 already exists ... skipping to R119.
Reference designator R119 already exists ... skipping to R120.
Reference designator R120 already exists ... skipping to R121.
Reference designator R121 already exists ... skipping to R122.
Reference designator R122 already exists ... skipping to R123.
Reference designator R123 already exists ... skipping to R124.
Reference designator R124 already exists ... skipping to R125.
Reference designator R125 already exists ... skipping to R126.
Reference designator R126 already exists ... skipping to R127.
Reference designator R127 already exists ... skipping to R128.
Reference designator R128 already exists ... skipping to R129.
Reference designator R129 already exists ... skipping to R130.
Reference designator R130 already exists ... skipping to R131.
Reference designator R131 already exists ... skipping to R132.
Reference designator R132 already exists ... skipping to R133.
Reference designator R133 already exists ... skipping to R134.
Reference designator R134 already exists ... skipping to R135.
Reference designator R135 already exists ... skipping to R136.
Reference designator R136 already exists ... skipping to R137.
Reference designator R137 already exists ... skipping to R138.
Reference designator R138 already exists ... skipping to R139.
Reference designator R139 already exists ... skipping to R140.
Reference designator R140 already exists ... skipping to R141.
Reference designator R141 already exists ... skipping to R142.
Reference designator R142 already exists ... skipping to R143.
Reference designator R143 already exists ... skipping to R144.
Reference designator R144 already exists ... skipping to R145.
Reference designator R145 already exists ... skipping to R146.
Reference designator R146 already exists ... skipping to R147.
Reference designator R147 already exists ... skipping to R148.
Reference designator R148 already exists ... skipping to R149.
Reference designator R149 already exists ... skipping to R150.
Reference designator R150 already exists ... skipping to R151.
Reference designator R151 already exists ... skipping to R152.
Reference designator R152 already exists ... skipping to R153.
Reference designator R153 already exists ... skipping to R154.
Reference designator R154 already exists ... skipping to R155.
Reference designator R155 already exists ... skipping to R156.
Reference designator R156 already exists ... skipping to R157.
Reference designator R157 already exists ... skipping to R158.
Reference designator R158 already exists ... skipping to R159.
Reference designator R159 already exists ... skipping to R160.
Reference designator R160 already exists ... skipping to R161.
Reference designator R161 already exists ... skipping to R162.
Reference designator R162 already exists ... skipping to R163.
Reference designator R163 already exists ... skipping to R164.
Reference designator R164 already exists ... skipping to R165.
Reference designator R165 already exists ... skipping to R166.
Reference designator R166 already exists ... skipping to R167.
Reference designator R167 already exists ... skipping to R168.
Reference designator R168 already exists ... skipping to R169.
Reference designator R169 already exists ... skipping to R170.
Reference designator R170 already exists ... skipping to R171.
Reference designator R171 already exists ... skipping to R172.
Reference designator R172 already exists ... skipping to R173.
Reference designator R173 already exists ... skipping to R174.
Reference designator R174 already exists ... skipping to R175.
Reference designator R175 already exists ... skipping to R176.
Reference designator R176 already exists ... skipping to R177.
Reference designator R177 already exists ... skipping to R178.
Reference designator R178 already exists ... skipping to R179.
Reference designator R179 already exists ... skipping to R180.
Reference designator R180 already exists ... skipping to R181.
Reference designator R181 already exists ... skipping to R182.
Reference designator R182 already exists ... skipping to R183.
Reference designator R183 already exists ... skipping to R184.
Reference designator R184 already exists ... skipping to R185.
Reference designator R185 already exists ... skipping to R186.
Reference designator R186 already exists ... skipping to R187.
Reference designator R187 already exists ... skipping to R188.
Reference designator R188 already exists ... skipping to R189.
Reference designator R189 already exists ... skipping to R190.
Reference designator R190 already exists ... skipping to R191.
Reference designator R191 already exists ... skipping to R192.
Reference designator R192 already exists ... skipping to R193.
Reference designator R193 already exists ... skipping to R194.
Reference designator R194 already exists ... skipping to R195.
Reference designator R195 already exists ... skipping to R196.
Reference designator R196 already exists ... skipping to R197.
Reference designator R197 already exists ... skipping to R198.
Reference designator R198 already exists ... skipping to R199.
OLD R52    NEW R199
OLD R51    NEW R200
OLD C113    NEW C246
OLD C154    NEW C247
OLD C153    NEW C248
OLD C5577    NEW C249
OLD C5576    NEW C250
OLD C5578    NEW C251
OLD C5579    NEW C252
OLD C100    NEW C253
OLD R88    NEW R201
OLD R4514    NEW R202
OLD C74    NEW C254
OLD C97    NEW C255
OLD C76    NEW C256
OLD C96    NEW C257
OLD R87    NEW R203
OLD C101    NEW C258
OLD R4511    NEW R204
OLD C98    NEW C259
OLD R150    NEW R205
OLD R151    NEW R206
OLD R152    NEW R207
OLD R155    NEW R208
OLD R158    NEW R209
OLD R159    NEW R210
Reference designator U1 already exists ... skipping to U2.
Reference designator U2 already exists ... skipping to U3.
Reference designator U3 already exists ... skipping to U4.
Reference designator U4 already exists ... skipping to U5.
Reference designator U5 already exists ... skipping to U6.
Reference designator U6 already exists ... skipping to U7.
Reference designator U7 already exists ... skipping to U8.
Reference designator U8 already exists ... skipping to U9.
Reference designator U9 already exists ... skipping to U10.
Reference designator U10 already exists ... skipping to U11.
Reference designator U11 already exists ... skipping to U12.
Reference designator U12 already exists ... skipping to U13.
Reference designator U13 already exists ... skipping to U14.
Reference designator U14 already exists ... skipping to U15.
Reference designator U15 already exists ... skipping to U16.
Reference designator U16 already exists ... skipping to U17.
Reference designator U17 already exists ... skipping to U18.
Reference designator U18 already exists ... skipping to U19.
Reference designator U19 already exists ... skipping to U20.
Reference designator U20 already exists ... skipping to U21.
Reference designator U21 already exists ... skipping to U22.
Reference designator U22 already exists ... skipping to U23.
Reference designator U23 already exists ... skipping to U24.
Reference designator U24 already exists ... skipping to U25.
Reference designator U25 already exists ... skipping to U26.
Reference designator U26 already exists ... skipping to U27.
Reference designator U27 already exists ... skipping to U28.
Reference designator U28 already exists ... skipping to U29.
Reference designator U29 already exists ... skipping to U30.
Reference designator U30 already exists ... skipping to U31.
Reference designator U31 already exists ... skipping to U32.
Reference designator U32 already exists ... skipping to U33.
Reference designator U33 already exists ... skipping to U34.
OLD U632    NEW U34
OLD C5574    NEW C260
OLD C5573    NEW C261
OLD C5575    NEW C262
OLD C5568    NEW C263
OLD C5569    NEW C264
OLD C5567    NEW C265
OLD C5566    NEW C266
OLD C5564    NEW C267
OLD C5565    NEW C268
OLD C5559    NEW C269
OLD C5558    NEW C270
OLD C5560    NEW C271
OLD R70    NEW R211
OLD C86    NEW C272
OLD C5656    NEW C273
Reference designator TP1 already exists ... skipping to TP2.
Reference designator TP2 already exists ... skipping to TP3.
Reference designator TP3 already exists ... skipping to TP4.
Reference designator TP4 already exists ... skipping to TP5.
OLD TP24    NEW TP5
OLD R4512    NEW R212
OLD R58    NEW R213
OLD R4513    NEW R214
OLD C500    NEW C274
Reference designator D1 already exists ... skipping to D2.
Reference designator D2 already exists ... skipping to D3.
Reference designator D3 already exists ... skipping to D4.
Reference designator D4 already exists ... skipping to D5.
Reference designator D5 already exists ... skipping to D6.
Reference designator D6 already exists ... skipping to D7.
Reference designator D7 already exists ... skipping to D8.
Reference designator D8 already exists ... skipping to D9.
Reference designator D9 already exists ... skipping to D10.
Reference designator D10 already exists ... skipping to D11.
Reference designator D11 already exists ... skipping to D12.
Reference designator D12 already exists ... skipping to D13.
Reference designator D13 already exists ... skipping to D14.
Reference designator D14 already exists ... skipping to D15.
Reference designator D15 already exists ... skipping to D16.
Reference designator D16 already exists ... skipping to D17.
Reference designator D17 already exists ... skipping to D18.
Reference designator D18 already exists ... skipping to D19.
Reference designator D19 already exists ... skipping to D20.
Reference designator D20 already exists ... skipping to D21.
Reference designator D21 already exists ... skipping to D22.
Reference designator D22 already exists ... skipping to D23.
Reference designator D23 already exists ... skipping to D24.
Reference designator D24 already exists ... skipping to D25.
Reference designator D25 already exists ... skipping to D26.
OLD D34    NEW D26
OLD D33    NEW D27
OLD D32    NEW D28
OLD D31    NEW D29
OLD D30    NEW D30
OLD D29    NEW D31
OLD D35    NEW D32
OLD C5571    NEW C275
OLD C5563    NEW C276
OLD C5556    NEW C277
OLD C102    NEW C278
OLD C501    NEW C279
OLD TP25    NEW TP6
OLD C103    NEW C280
OLD C84    NEW C281
OLD C112    NEW C282
OLD C5572    NEW C283
OLD C5561    NEW C284
OLD C5555    NEW C285
OLD C104    NEW C286
OLD D48    NEW D33
OLD C114    NEW C287
OLD C75    NEW C288
OLD C111    NEW C289
OLD C5570    NEW C290
OLD C5562    NEW C291
OLD C5557    NEW C292
OLD TP27    NEW TP7
OLD C94    NEW C293
OLD R105    NEW R215
OLD R114    NEW R216
OLD C95    NEW C294
OLD R169    NEW R217
OLD R165    NEW R218
OLD D47    NEW D34
OLD C5583    NEW C295
OLD C5582    NEW C296
OLD C5581    NEW C297
OLD C5580    NEW C298
OLD TP21    NEW TP8
OLD R4515    NEW R219
OLD R168    NEW R220
OLD D42    NEW D35
OLD C5657    NEW C299
OLD R4517    NEW R221
OLD C121    NEW C300
Reference designator L1 already exists ... skipping to L2.
Reference designator L2 already exists ... skipping to L3.
Reference designator L3 already exists ... skipping to L4.
Reference designator L4 already exists ... skipping to L5.
Reference designator L5 already exists ... skipping to L6.
Reference designator L6 already exists ... skipping to L7.
Reference designator L7 already exists ... skipping to L8.
Reference designator L8 already exists ... skipping to L9.
Reference designator L9 already exists ... skipping to L10.
Reference designator L10 already exists ... skipping to L11.
Reference designator L11 already exists ... skipping to L12.
Reference designator L12 already exists ... skipping to L13.
Reference designator L13 already exists ... skipping to L14.
Reference designator L14 already exists ... skipping to L15.
Reference designator L15 already exists ... skipping to L16.
Reference designator L16 already exists ... skipping to L17.
Reference designator L17 already exists ... skipping to L18.
Reference designator L18 already exists ... skipping to L19.
Reference designator L19 already exists ... skipping to L20.
Reference designator L20 already exists ... skipping to L21.
Reference designator L21 already exists ... skipping to L22.
Reference designator L22 already exists ... skipping to L23.
OLD L24    NEW L23
OLD R4518    NEW R222
OLD TP23    NEW TP9
OLD U633    NEW U35
OLD C149    NEW C301
OLD D43    NEW D36
OLD C80    NEW C302
OLD R59    NEW R223
OLD L25    NEW L24
OLD R4516    NEW R224
OLD C5651    NEW C303
OLD C5650    NEW C304
OLD C5649    NEW C305
OLD C77    NEW C306
OLD C78    NEW C307
OLD C73    NEW C308
OLD C115    NEW C309
OLD L26    NEW L25
OLD D44    NEW D37
OLD C71    NEW C310
Reference designator J1 already exists ... skipping to J2.
Reference designator J2 already exists ... skipping to J3.
Reference designator J3 already exists ... skipping to J4.
Reference designator J4 already exists ... skipping to J5.
OLD J9    NEW J5
OLD R4501    NEW R225
OLD C62    NEW C311
OLD C504    NEW C312
OLD C503    NEW C313
OLD C502    NEW C314
OLD C60    NEW C315
OLD C61    NEW C316
OLD R136    NEW R226
OLD R409    NEW R227
OLD R66    NEW R228
OLD C72    NEW C317
OLD D45    NEW D38
OLD R162    NEW R229
OLD C51    NEW C318
OLD C55    NEW C319
OLD C505    NEW C320
OLD R161    NEW R230
OLD D46    NEW D39
OLD C63    NEW C321
OLD C147    NEW C322
OLD C57    NEW C323
OLD C5644    NEW C324
OLD C5547    NEW C325
OLD C5546    NEW C326
OLD C5548    NEW C327
OLD C5543    NEW C328
OLD C5281    NEW C329
OLD C5544    NEW C330
OLD C5542    NEW C331
OLD C5541    NEW C332
OLD C5540    NEW C333
OLD C5181    NEW C334
OLD C5538    NEW C335
OLD C5537    NEW C336
OLD C5536    NEW C337
OLD C5535    NEW C338
OLD C5534    NEW C339
OLD C5533    NEW C340
OLD C5531    NEW C341
OLD C5532    NEW C342
OLD C5530    NEW C343
OLD C5529    NEW C344
OLD C1308    NEW C345
OLD C5549    NEW C346
OLD C5550    NEW C347
OLD R4506    NEW R231
OLD C146    NEW C348
OLD C68    NEW C349
OLD R135    NEW R232
OLD R410    NEW R233
OLD R408    NEW R234
OLD C54    NEW C350
OLD C5645    NEW C351
OLD C5646    NEW C352
OLD C53    NEW C353
OLD R160    NEW R235
OLD C5647    NEW C354
OLD C5652    NEW C355
OLD C58    NEW C356
OLD C52    NEW C357
OLD C5648    NEW C358
OLD C139    NEW C359
OLD C66    NEW C360
OLD C148    NEW C361
OLD C150    NEW C362
OLD C67    NEW C363
OLD C518    NEW C364
OLD C5487    NEW C365
OLD C5486    NEW C366
OLD C5502    NEW C367
OLD C5501    NEW C368
OLD C5503    NEW C369
OLD C5474    NEW C370
OLD C5477    NEW C371
OLD C308    NEW C372
OLD C5473    NEW C373
OLD C5476    NEW C374
OLD C5475    NEW C375
OLD C5499    NEW C376
OLD C538    NEW C377
OLD C5500    NEW C378
OLD C5493    NEW C379
OLD C5492    NEW C380
OLD C528    NEW C381
OLD C5490    NEW C382
OLD C5489    NEW C383
OLD C5491    NEW C384
OLD C5483    NEW C385
OLD C5484    NEW C386
OLD C5485    NEW C387
OLD C59    NEW C388
OLD C5655    NEW C389
OLD C145    NEW C390
OLD C152    NEW C391
OLD C65    NEW C392
OLD C56    NEW C393
OLD L31    NEW L26
OLD L30    NEW L27
OLD L34    NEW L28
OLD C196    NEW C394
OLD C5653    NEW C395
OLD C79    NEW C396
OLD C70    NEW C397
OLD C132    NEW C398
OLD C69    NEW C399
OLD C5654    NEW C400
OLD L32    NEW L29
OLD L28    NEW L30
OLD C133    NEW C401
OLD C197    NEW C402
OLD L6    NEW L31
OLD C134    NEW C403
OLD C137    NEW C404
OLD C64    NEW C405
OLD C187    NEW C406
OLD L33    NEW L32
OLD R98    NEW R236
OLD R97    NEW R237
OLD R62    NEW R238
OLD R109    NEW R239
OLD R64    NEW R240
OLD R60    NEW R241
OLD R96    NEW R242
OLD R104    NEW R243
OLD R103    NEW R244
OLD R82    NEW R245
OLD R112    NEW R246
OLD R111    NEW R247
OLD R83    NEW R248
OLD R119    NEW R249
OLD R123    NEW R250
OLD R118    NEW R251
OLD R122    NEW R252
OLD R120    NEW R253
OLD C186    NEW C407
OLD C136    NEW C408
OLD TP22    NEW TP10
OLD C131    NEW C409
OLD R204    NEW R254
OLD C198    NEW C410
OLD R128    NEW R255
OLD R124    NEW R256
OLD R129    NEW R257
OLD R57    NEW R258
OLD R110    NEW R259
OLD R130    NEW R260
OLD R116    NEW R261
OLD R121    NEW R262
OLD C127    NEW C411
OLD R411    NEW R263
OLD C125    NEW C412
OLD C523    NEW C413
OLD C5521    NEW C414
OLD C5524    NEW C415
OLD C313    NEW C416
OLD C195    NEW C417
OLD R203    NEW R264
OLD C123    NEW C418
OLD R79    NEW R265
OLD C124    NEW C419
OLD C5517    NEW C420
OLD C5523    NEW C421
OLD C522    NEW C422
OLD C5481    NEW C423
OLD R63    NEW R266
OLD R61    NEW R267
OLD R134    NEW R268
OLD R138    NEW R269
OLD L5    NEW L33
OLD C135    NEW C424
OLD C138    NEW C425
OLD C5518    NEW C426
OLD C5480    NEW C427
OLD C5525    NEW C428
OLD C5509    NEW C429
OLD C93    NEW C430
OLD C183    NEW C431
OLD R78    NEW R270
OLD C5522    NEW C432
OLD C542    NEW C433
OLD C543    NEW C434
OLD C386    NEW C435
OLD C5479    NEW C436
OLD C5478    NEW C437
OLD C5515    NEW C438
OLD C5514    NEW C439
OLD C5516    NEW C440
OLD C5507    NEW C441
OLD C5506    NEW C442
OLD C5508    NEW C443
OLD L3    NEW L34
OLD R90    NEW R271
OLD C91    NEW C444
OLD R126    NEW R272
OLD C532    NEW C445
OLD R101    NEW R273
OLD R102    NEW R274
OLD R75    NEW R275
OLD R76    NEW R276
OLD R73    NEW R277
OLD R74    NEW R278
OLD R99    NEW R279
OLD R100    NEW R280
OLD R213    NEW R281
OLD R221    NEW R282
OLD R214    NEW R283
OLD R216    NEW R284
OLD R217    NEW R285
OLD R220    NEW R286
OLD R4510    NEW R287
OLD R4509    NEW R288
OLD R4508    NEW R289
OLD R4507    NEW R290
OLD C5629    NEW C446
OLD C251    NEW C447
OLD C5630    NEW C448
OLD C5632    NEW C449
OLD C5638    NEW C450
OLD C5637    NEW C451
OLD C5635    NEW C452
OLD C5636    NEW C453
OLD C5631    NEW C454
OLD C216    NEW C455
OLD C5621    NEW C456
OLD C5620    NEW C457
OLD C5622    NEW C458
OLD C5623    NEW C459
OLD J8    NEW J6
OLD C4    NEW C460
OLD J1    NEW J7
OLD C5584    NEW C461
OLD L11    NEW L35
OLD L8    NEW L36
OLD C250    NEW C462
OLD C252    NEW C463
OLD C5627    NEW C464
OLD C218    NEW C465
OLD R1    NEW R291
OLD U635    NEW U36
OLD TP41    NEW TP11
OLD R4523    NEW R292
OLD C5585    NEW C466
OLD R228    NEW R293
OLD R383    NEW R294
OLD U1    NEW U37
OLD C5634    NEW C467
OLD C267    NEW C468
OLD C5639    NEW C469
OLD TP42    NEW TP12
OLD C219    NEW C470
OLD C5619    NEW C471
OLD C3    NEW C472
OLD L10    NEW L37
OLD C238    NEW C473
OLD R382    NEW R295
OLD C237    NEW C474
OLD R339    NEW R296
OLD R5    NEW R297
OLD R4    NEW R298
OLD R3    NEW R299
OLD C81    NEW C475
OLD C82    NEW C476
OLD C83    NEW C477
OLD R67    NEW R300
OLD R68    NEW R301
OLD R69    NEW R302
OLD R77    NEW R303
OLD R4525    NEW R304
OLD R4526    NEW R305
OLD R4524    NEW R306
OLD C419    NEW C478
OLD R379    NEW R307
OLD R4519    NEW R308
OLD U634    NEW U38
OLD R13    NEW R309
OLD C13    NEW C479
OLD C268    NEW C480
OLD R380    NEW R310
OLD R378    NEW R311
OLD C417    NEW C481
OLD U4    NEW U39
OLD C243    NEW C482
OLD C241    NEW C483
OLD C242    NEW C484
OLD U2    NEW U40
OLD R336    NEW R312
OLD R381    NEW R313
OLD C280    NEW C485
OLD C434    NEW C486
OLD C6    NEW C487
OLD C5586    NEW C488
OLD C5633    NEW C489
OLD C279    NEW C490
OLD C298    NEW C491
OLD C371    NEW C492
OLD C373    NEW C493
OLD C372    NEW C494
OLD C374    NEW C495
OLD C85    NEW C496
OLD C87    NEW C497
OLD C5618    NEW C498
OLD C254    NEW C499
OLD C416    NEW C500
OLD R377    NEW R314
OLD C255    NEW C501
OLD R4521    NEW R315
OLD R4522    NEW R316
OLD R4520    NEW R317
OLD C437    NEW C502
OLD C5587    NEW C503
OLD L15    NEW L38
OLD C5    NEW C504
OLD R335    NEW R318
OLD C5641    NEW C505
OLD R376    NEW R319
OLD C258    NEW C506
OLD R8    NEW R320
OLD D1    NEW D40
OLD L444    NEW L39
OLD C409    NEW C507
OLD C270    NEW C508
OLD R342    NEW R321
OLD D55    NEW D41
OLD R192    NEW R322
OLD R9    NEW R323
OLD C256    NEW C509
OLD C420    NEW C510
OLD C435    NEW C511
OLD C415    NEW C512
OLD C2    NEW C513
OLD C253    NEW C514
OLD J16    NEW J8
OLD C194    NEW C515
OLD R189    NEW R324
OLD R226    NEW R325
OLD C5616    NEW C516
OLD C5615    NEW C517
OLD C430    NEW C518
OLD C414    NEW C519
OLD C257    NEW C520
OLD C5643    NEW C521
OLD R2    NEW R326
OLD U33    NEW U41
OLD R343    NEW R327
OLD D56    NEW D42
OLD R12    NEW R328
OLD R194    NEW R329
OLD R198    NEW R330
OLD C431    NEW C522
OLD C421    NEW C523
OLD C413    NEW C524
OLD C369    NEW C525
OLD C259    NEW C526
OLD C1    NEW C527
OLD C494    NEW C528
OLD R188    NEW R331
OLD R199    NEW R332
OLD C432    NEW C529
OLD C5613    NEW C530
OLD C5614    NEW C531
OLD C16    NEW C532
OLD C422    NEW C533
OLD C260    NEW C534
OLD R225    NEW R333
OLD C376    NEW C535
OLD C375    NEW C536
OLD C378    NEW C537
OLD C377    NEW C538
OLD R318    NEW R334
OLD C199    NEW C539
OLD C410    NEW C540
OLD C5640    NEW C541
OLD U34    NEW U42
OLD C433    NEW C542
OLD C438    NEW C543
OLD C5617    NEW C544
OLD C5642    NEW C545
OLD C370    NEW C546
OLD R319    NEW R335
OLD R197    NEW R336
OLD C495    NEW C547
OLD C5612    NEW C548
OLD C423    NEW C549
OLD C436    NEW C550
OLD R341    NEW R337
OLD C269    NEW C551
OLD C292    NEW C552
OLD L443    NEW L40
OLD C368    NEW C553
OLD C439    NEW C554
OLD C429    NEW C555
OLD C428    NEW C556
OLD C262    NEW C557
OLD C261    NEW C558
OLD R201    NEW R338
OLD C424    NEW C559
OLD L442    NEW L41
OLD C497    NEW C560
OLD C412    NEW C561
OLD C418    NEW C562
OLD C278    NEW C563
OLD C427    NEW C564
OLD C244    NEW C565
OLD C31    NEW C566
OLD R30    NEW R339
OLD C30    NEW C567
OLD C45    NEW C568
OLD R45    NEW R340
OLD C48    NEW C569
OLD C46    NEW C570
OLD R44    NEW R341
OLD C47    NEW C571
OLD C29    NEW C572
OLD C14    NEW C573
OLD R31    NEW R342
OLD C32    NEW C574
OLD R404    NEW R343
OLD R405    NEW R344
OLD C5628    NEW C575
OLD R321    NEW R345
OLD R320    NEW R346
OLD R322    NEW R347
OLD R323    NEW R348
OLD R317    NEW R349
OLD R316    NEW R350
OLD C496    NEW C576
OLD TP28    NEW TP13
OLD C277    NEW C577
OLD C239    NEW C578
OLD C240    NEW C579
OLD R375    NEW R351
OLD C220    NEW C580
OLD R250    NEW R352
OLD C425    NEW C581
OLD TP29    NEW TP14
OLD R247    NEW R353
OLD C225    NEW C582
OLD R19    NEW R354
OLD TP30    NEW TP15
OLD C228    NEW C583
OLD C227    NEW C584
OLD C221    NEW C585
OLD C222    NEW C586
OLD C223    NEW C587
OLD C224    NEW C588
OLD C395    NEW C589
OLD R374    NEW R355
OLD TP31    NEW TP16
OLD R248    NEW R356
OLD C19    NEW C590
OLD C178    NEW C591
OLD C20    NEW C592
OLD C226    NEW C593
OLD U16    NEW U43
OLD U17    NEW U44
OLD U10    NEW U45
OLD U11    NEW U46
OLD TP34    NEW TP17
OLD TP32    NEW TP18
OLD C27    NEW C594
OLD U32    NEW U47
OLD J14    NEW J9
OLD R232    NEW R357
OLD TP33    NEW TP19
OLD C18    NEW C595
OLD TP36    NEW TP20
OLD C180    NEW C596
OLD C5600    NEW C597
OLD C426    NEW C598
OLD C5598    NEW C599
OLD R38    NEW R358
OLD R39    NEW R359
OLD R24    NEW R360
OLD R25    NEW R361
OLD TP35    NEW TP21
OLD TP37    NEW TP22
OLD U8    NEW U48
OLD TP43    NEW TP23
OLD U35    NEW U49
OLD R230    NEW R362
OLD C44    NEW C600
OLD C184    NEW C601
OLD C5596    NEW C602
OLD R28    NEW R363
OLD C17    NEW C603
OLD TP38    NEW TP24
OLD R388    NEW R364
OLD C401    NEW C604
OLD R389    NEW R365
OLD R390    NEW R366
OLD C400    NEW C605
OLD R387    NEW R367
OLD TP40    NEW TP25
OLD C367    NEW C606
OLD C181    NEW C607
OLD R312    NEW R368
OLD R314    NEW R369
OLD U12    NEW U50
OLD U15    NEW U51
OLD U6    NEW U52
OLD U9    NEW U53
OLD C5599    NEW C608
OLD D6    NEW D43
OLD R20    NEW R370
OLD C33    NEW C609
OLD C28    NEW C610
OLD R311    NEW R371
OLD R313    NEW R372
OLD C185    NEW C611
OLD R22    NEW R373
OLD R29    NEW R374
OLD R231    NEW R375
OLD C411    NEW C612
OLD R340    NEW R376
OLD R16    NEW R377
OLD R17    NEW R378
OLD TP39    NEW TP26
OLD C5611    NEW C613
OLD C5597    NEW C614
OLD D11    NEW D44
OLD D12    NEW D45
OLD D15    NEW D46
OLD D16    NEW D47
OLD D17    NEW D48
OLD D3    NEW D49
OLD D4    NEW D50
OLD D7    NEW D51
OLD D8    NEW D52
OLD D9    NEW D53
OLD D51    NEW D54
OLD D52    NEW D55
OLD C5588    NEW C615
OLD C5610    NEW C616
OLD C206    NEW C617
OLD C446    NEW C618
OLD C447    NEW C619
OLD C449    NEW C620
OLD C448    NEW C621
OLD C470    NEW C622
OLD C469    NEW C623
OLD C467    NEW C624
OLD C464    NEW C625
OLD C463    NEW C626
OLD C462    NEW C627
OLD C453    NEW C628
OLD C454    NEW C629
OLD C479    NEW C630
OLD C477    NEW C631
OLD C476    NEW C632
OLD C475    NEW C633
OLD C460    NEW C634
OLD C458    NEW C635
OLD C459    NEW C636
OLD C5609    NEW C637
OLD C5608    NEW C638
OLD C5607    NEW C639
OLD C5606    NEW C640
OLD C5589    NEW C641
